2024-07-20 11:50:18,612 - [INFO] - {'dataset': 'amazon-book', 'data_path': './data/', 'name': 'amazon-book_LGN_mode_weight_mean_no_sample_nocosine_TAU_Adap_tau_Loss_2048_1024_lr_1e-4_l2_1e-1_t1_1.0_t2_1.0_nodrop_20_07_2024_11:50:18', 'train_ratio': 0.8, 'gnn': 'lgn', 'epoch': 1000, 'batch_size': 2048, 'test_batch_size': 2048, 'dim': 64, 'l2': 0.1, 'lr': 0.0001, 'mess_dropout': False, 'mess_dropout_rate': 0.1, 'edge_dropout': False, 'edge_dropout_rate': 0.1, 'n_negs': 1024, 'pool': 'mean', 'cuda': True, 'gpu_id': 0, 'Ks': '[10, 20, 50]', 'context_hops': 3, 'eval_earlystop': 'recall@20', 'temperature': 1.0, 'temperature_2': 1.0, 'temperature_3': 1.0, 'u_norm': True, 'i_norm': True, 'out_dir': './weights/', 'log_dir': './log/', 'config_dir': './config/', 'restore': False, 'loss_fn': 'Adap_tau_Loss', 'sampling_method': 'no_sample', 'generate_mode': 'nocosine', 'tau_mode': 'weight_mean', 'cnt_lr': 100}
2024-07-20 11:50:21,927 - [INFO] - load train.txt
2024-07-20 11:50:29,273 - [INFO] - building the adj mat ...
2024-07-20 11:50:30,361 - [INFO] - train set len is 2380730
2024-07-20 11:50:30,361 - [INFO] - test set len is 603378
2024-07-20 11:50:30,361 - [INFO] - loading over ...
2024-07-20 11:50:30,361 - [INFO] - users are 52643 items are 91599
Adap_tau_Loss
start to make tables
2024-07-20 11:50:41,649 - [INFO] - Evaluation Protocols is 1 @ 20
2024-07-20 11:50:41,649 - [INFO] - start training ...
6.761529952716886
2024-07-20 11:50:41,726 - [INFO] - current w_0 is 9.65932889229748
2024-07-20 11:52:07,608 - [INFO] - E:0|TAU:9.659 9.659, train_time: 83.28, VALID_time: 2.599, loss: 9.937e+03, emb_loss:0.001101, best_valid(recall@20): -inf
valid 	 N@10: 0.02414, R@10: 0.02189, P@10: 0.01858
valid 	 N@20: 0.02947, R@20: 0.03638, P@20: 0.01567
valid 	 N@50: 0.04058, R@50: 0.06655, P@50: 0.01185

6.761529952716886
2024-07-20 11:52:07,727 - [INFO] - current w_0 is 9.65932889229748
2024-07-20 11:54:47,504 - [INFO] - E:1|TAU:7.729 26.24, train_time: 157.2, VALID_time: 2.602, loss: 9.605e+03, emb_loss:0.001369, best_valid(recall@20): 0.03638
valid 	 N@10: 0.02903, R@10: 0.02658, P@10: 0.02188
valid 	 N@20: 0.03523, R@20: 0.04324, P@20: 0.01817
valid 	 N@50: 0.04783, R@50: 0.07756, P@50: 0.01352

6.761529952716886
2024-07-20 11:54:47,644 - [INFO] - current w_0 is 9.65932889229748
2024-07-20 11:57:44,970 - [INFO] - E:2|TAU:7.845 20.9, train_time: 174.7, VALID_time: 2.595, loss: 9.308e+03, emb_loss:0.001623, best_valid(recall@20): 0.04324
valid 	 N@10: 0.03384, R@10: 0.03089, P@10: 0.02533
valid 	 N@20: 0.04105, R@20: 0.05024, P@20: 0.02102
valid 	 N@50: 0.05575, R@50: 0.09008, P@50: 0.0157

6.761529952716886
2024-07-20 11:57:45,101 - [INFO] - current w_0 is 9.65932889229748
2024-07-20 12:00:42,405 - [INFO] - E:3|TAU:7.894 16.19, train_time: 174.7, VALID_time: 2.596, loss: 9.211e+03, emb_loss:0.001862, best_valid(recall@20): 0.05024
valid 	 N@10: 0.03554, R@10: 0.03246, P@10: 0.02656
valid 	 N@20: 0.04333, R@20: 0.05311, P@20: 0.02223
valid 	 N@50: 0.05875, R@50: 0.09501, P@50: 0.01651

6.761529952716886
2024-07-20 12:00:42,541 - [INFO] - current w_0 is 9.65932889229748
2024-07-20 12:03:39,707 - [INFO] - E:4|TAU:7.927 17.48, train_time: 174.5, VALID_time: 2.664, loss: 9.145e+03, emb_loss:0.002099, best_valid(recall@20): 0.05311
valid 	 N@10: 0.03653, R@10: 0.03344, P@10: 0.02741
valid 	 N@20: 0.0445, R@20: 0.05453, P@20: 0.02285
valid 	 N@50: 0.06039, R@50: 0.09767, P@50: 0.01699

6.761529952716886
2024-07-20 12:03:39,842 - [INFO] - current w_0 is 9.65932889229748
2024-07-20 12:06:37,186 - [INFO] - E:5|TAU:7.934 16.96, train_time: 174.7, VALID_time: 2.647, loss: 9.105e+03, emb_loss:0.002329, best_valid(recall@20): 0.05453
valid 	 N@10: 0.03749, R@10: 0.03449, P@10: 0.0282
valid 	 N@20: 0.04553, R@20: 0.05589, P@20: 0.02339
valid 	 N@50: 0.06157, R@50: 0.09939, P@50: 0.01733

6.761529952716886
2024-07-20 12:06:37,319 - [INFO] - current w_0 is 9.65932889229748
2024-07-20 12:09:41,944 - [INFO] - E:6|TAU:7.939 16.81, train_time: 181.5, VALID_time: 3.118, loss: 9.074e+03, emb_loss:0.002555, best_valid(recall@20): 0.05589
valid 	 N@10: 0.03799, R@10: 0.03508, P@10: 0.02855
valid 	 N@20: 0.04611, R@20: 0.05665, P@20: 0.02368
valid 	 N@50: 0.06253, R@50: 0.1012, P@50: 0.01761

6.761529952716886
2024-07-20 12:09:42,077 - [INFO] - current w_0 is 9.65932889229748
2024-07-20 12:15:05,520 - [INFO] - E:7|TAU:7.938 17.1, train_time: 320.4, VALID_time: 3.072, loss: 9.051e+03, emb_loss:0.002778, best_valid(recall@20): 0.05665
valid 	 N@10: 0.03856, R@10: 0.03559, P@10: 0.02901
valid 	 N@20: 0.04664, R@20: 0.05712, P@20: 0.02397
valid 	 N@50: 0.06335, R@50: 0.1025, P@50: 0.01785

6.761529952716886
2024-07-20 12:15:05,669 - [INFO] - current w_0 is 9.65932889229748
2024-07-20 12:20:30,238 - [INFO] - E:8|TAU:7.939 16.86, train_time: 320.1, VALID_time: 4.422, loss: 9.032e+03, emb_loss:0.002997, best_valid(recall@20): 0.05712
valid 	 N@10: 0.03893, R@10: 0.03587, P@10: 0.02933
valid 	 N@20: 0.04718, R@20: 0.05789, P@20: 0.02426
valid 	 N@50: 0.06386, R@50: 0.1032, P@50: 0.01799

6.761529952716886
2024-07-20 12:20:30,367 - [INFO] - current w_0 is 9.65932889229748
2024-07-20 12:26:16,777 - [INFO] - E:9|TAU:7.937 16.51, train_time: 343.1, VALID_time: 3.329, loss: 9.017e+03, emb_loss:0.003211, best_valid(recall@20): 0.05789
valid 	 N@10: 0.03896, R@10: 0.03594, P@10: 0.02933
valid 	 N@20: 0.04743, R@20: 0.05839, P@20: 0.02444
valid 	 N@50: 0.06422, R@50: 0.1039, P@50: 0.01812

6.761529952716886
2024-07-20 12:26:16,903 - [INFO] - current w_0 is 9.65932889229748
2024-07-20 12:32:23,356 - [INFO] - E:10|TAU:7.938 16.46, train_time: 363.1, VALID_time: 3.324, loss: 9.004e+03, emb_loss:0.003423, best_valid(recall@20): 0.05839
valid 	 N@10: 0.03923, R@10: 0.0362, P@10: 0.02954
valid 	 N@20: 0.04775, R@20: 0.05884, P@20: 0.02457
valid 	 N@50: 0.06456, R@50: 0.1044, P@50: 0.01821

6.761529952716886
2024-07-20 12:32:23,550 - [INFO] - current w_0 is 9.65932889229748
2024-07-20 12:38:29,924 - [INFO] - E:11|TAU:7.941 16.72, train_time: 362.8, VALID_time: 3.536, loss: 8.993e+03, emb_loss:0.003631, best_valid(recall@20): 0.05884
valid 	 N@10: 0.03935, R@10: 0.03634, P@10: 0.02963
valid 	 N@20: 0.04798, R@20: 0.05915, P@20: 0.02474
valid 	 N@50: 0.06483, R@50: 0.1049, P@50: 0.01828

6.761529952716886
2024-07-20 12:38:30,059 - [INFO] - current w_0 is 9.65932889229748
2024-07-20 12:44:36,711 - [INFO] - E:12|TAU:7.939 16.4, train_time: 363.3, VALID_time: 3.371, loss: 8.984e+03, emb_loss:0.003837, best_valid(recall@20): 0.05915
valid 	 N@10: 0.03959, R@10: 0.03648, P@10: 0.02978
valid 	 N@20: 0.04824, R@20: 0.0594, P@20: 0.02484
valid 	 N@50: 0.06523, R@50: 0.1055, P@50: 0.01841

6.761529952716886
2024-07-20 12:44:36,842 - [INFO] - current w_0 is 9.65932889229748
2024-07-20 12:50:43,471 - [INFO] - E:13|TAU:7.94 16.23, train_time: 363.3, VALID_time: 3.282, loss: 8.975e+03, emb_loss:0.004039, best_valid(recall@20): 0.0594
valid 	 N@10: 0.03972, R@10: 0.03663, P@10: 0.02987
valid 	 N@20: 0.04843, R@20: 0.05967, P@20: 0.02495
valid 	 N@50: 0.0655, R@50: 0.106, P@50: 0.01848

6.761529952716886
2024-07-20 12:50:43,603 - [INFO] - current w_0 is 9.65932889229748
2024-07-20 12:56:49,449 - [INFO] - E:14|TAU:7.94 16.43, train_time: 362.5, VALID_time: 3.309, loss: 8.968e+03, emb_loss:0.00424, best_valid(recall@20): 0.05967
valid 	 N@10: 0.03982, R@10: 0.03684, P@10: 0.03004
valid 	 N@20: 0.0485, R@20: 0.05981, P@20: 0.02503
valid 	 N@50: 0.06557, R@50: 0.1061, P@50: 0.01852

6.761529952716886
2024-07-20 12:56:49,581 - [INFO] - current w_0 is 9.65932889229748
2024-07-20 13:02:55,951 - [INFO] - E:15|TAU:7.937 16.31, train_time: 363.0, VALID_time: 3.35, loss: 8.961e+03, emb_loss:0.004438, best_valid(recall@20): 0.05981
valid 	 N@10: 0.03994, R@10: 0.03702, P@10: 0.03012
valid 	 N@20: 0.0486, R@20: 0.05998, P@20: 0.02506
valid 	 N@50: 0.06572, R@50: 0.1065, P@50: 0.01856

6.761529952716886
2024-07-20 13:02:56,090 - [INFO] - current w_0 is 9.65932889229748
2024-07-20 13:09:02,194 - [INFO] - E:16|TAU:7.939 16.19, train_time: 362.7, VALID_time: 3.353, loss: 8.955e+03, emb_loss:0.004634, best_valid(recall@20): 0.05998
valid 	 N@10: 0.04013, R@10: 0.03712, P@10: 0.03026
valid 	 N@20: 0.04883, R@20: 0.06019, P@20: 0.02516
valid 	 N@50: 0.06609, R@50: 0.1071, P@50: 0.01868

6.761529952716886
2024-07-20 13:09:02,331 - [INFO] - current w_0 is 9.65932889229748
2024-07-20 13:15:09,007 - [INFO] - E:17|TAU:7.943 16.36, train_time: 363.3, VALID_time: 3.381, loss: 8.949e+03, emb_loss:0.004828, best_valid(recall@20): 0.06019
valid 	 N@10: 0.04023, R@10: 0.03719, P@10: 0.03033
valid 	 N@20: 0.04899, R@20: 0.06046, P@20: 0.02524
valid 	 N@50: 0.06623, R@50: 0.1072, P@50: 0.01871

6.761529952716886
2024-07-20 13:15:09,136 - [INFO] - current w_0 is 9.65932889229748
2024-07-20 13:21:16,851 - [INFO] - E:18|TAU:7.937 16.23, train_time: 363.4, VALID_time: 4.322, loss: 8.945e+03, emb_loss:0.005019, best_valid(recall@20): 0.06046
valid 	 N@10: 0.04037, R@10: 0.03744, P@10: 0.03046
valid 	 N@20: 0.04898, R@20: 0.06039, P@20: 0.02521
valid 	 N@50: 0.06631, R@50: 0.1074, P@50: 0.01872

6.761529952716886
2024-07-20 13:21:16,919 - [INFO] - current w_0 is 9.65932889229748
2024-07-20 13:27:21,975 - [INFO] - E:19|TAU:7.939 16.26, train_time: 361.7, VALID_time: 3.333, loss: 8.94e+03, emb_loss:0.005208, best_valid(recall@20): 0.06046
valid 	 N@10: 0.04032, R@10: 0.0373, P@10: 0.03034
valid 	 N@20: 0.04913, R@20: 0.06066, P@20: 0.02529
valid 	 N@50: 0.06646, R@50: 0.1077, P@50: 0.01875

6.761529952716886
2024-07-20 13:27:22,113 - [INFO] - current w_0 is 9.65932889229748
2024-07-20 13:33:27,835 - [INFO] - E:20|TAU:7.937 16.06, train_time: 362.4, VALID_time: 3.325, loss: 8.936e+03, emb_loss:0.005395, best_valid(recall@20): 0.06066
valid 	 N@10: 0.0404, R@10: 0.03738, P@10: 0.03042
valid 	 N@20: 0.04926, R@20: 0.06089, P@20: 0.02537
valid 	 N@50: 0.06657, R@50: 0.1079, P@50: 0.0188

6.761529952716886
2024-07-20 13:33:27,966 - [INFO] - current w_0 is 9.65932889229748
2024-07-20 13:39:35,759 - [INFO] - E:21|TAU:7.936 16.06, train_time: 362.3, VALID_time: 5.488, loss: 8.932e+03, emb_loss:0.00558, best_valid(recall@20): 0.06089
valid 	 N@10: 0.04046, R@10: 0.03743, P@10: 0.03043
valid 	 N@20: 0.04916, R@20: 0.06059, P@20: 0.02527
valid 	 N@50: 0.06665, R@50: 0.108, P@50: 0.01882

6.761529952716886
2024-07-20 13:39:35,831 - [INFO] - current w_0 is 9.65932889229748
2024-07-20 13:45:41,522 - [INFO] - E:22|TAU:7.937 16.02, train_time: 361.7, VALID_time: 4.002, loss: 8.928e+03, emb_loss:0.005764, best_valid(recall@20): 0.06089
valid 	 N@10: 0.04053, R@10: 0.03748, P@10: 0.03052
valid 	 N@20: 0.0492, R@20: 0.06062, P@20: 0.0253
valid 	 N@50: 0.06676, R@50: 0.1082, P@50: 0.01886

6.761529952716886
2024-07-20 13:45:41,599 - [INFO] - current w_0 is 9.65932889229748
2024-07-20 13:51:47,401 - [INFO] - E:23|TAU:7.938 16.1, train_time: 362.4, VALID_time: 3.389, loss: 8.925e+03, emb_loss:0.005943, best_valid(recall@20): 0.06089
valid 	 N@10: 0.04034, R@10: 0.0373, P@10: 0.0304
valid 	 N@20: 0.04915, R@20: 0.06078, P@20: 0.02529
valid 	 N@50: 0.06662, R@50: 0.1081, P@50: 0.01883

6.761529952716886
2024-07-20 13:51:47,475 - [INFO] - current w_0 is 9.65932889229748
2024-07-20 13:57:52,492 - [INFO] - E:24|TAU:7.936 16.19, train_time: 361.7, VALID_time: 3.348, loss: 8.921e+03, emb_loss:0.006124, best_valid(recall@20): 0.06089
valid 	 N@10: 0.04039, R@10: 0.03733, P@10: 0.03042
valid 	 N@20: 0.04919, R@20: 0.06074, P@20: 0.02531
valid 	 N@50: 0.06673, R@50: 0.1083, P@50: 0.01886

6.761529952716886
2024-07-20 13:57:52,560 - [INFO] - current w_0 is 9.65932889229748
2024-07-20 14:03:57,821 - [INFO] - E:25|TAU:7.939 16.03, train_time: 361.8, VALID_time: 3.435, loss: 8.919e+03, emb_loss:0.006301, best_valid(recall@20): 0.06089
valid 	 N@10: 0.04037, R@10: 0.0373, P@10: 0.03039
valid 	 N@20: 0.04928, R@20: 0.06089, P@20: 0.02539
valid 	 N@50: 0.06683, R@50: 0.1085, P@50: 0.01888

6.761529952716886
2024-07-20 14:03:57,895 - [INFO] - current w_0 is 9.65932889229748
2024-07-20 14:09:42,855 - [INFO] - E:26|TAU:7.935 16.01, train_time: 341.8, VALID_time: 3.118, loss: 8.916e+03, emb_loss:0.006476, best_valid(recall@20): 0.06089
valid 	 N@10: 0.04043, R@10: 0.03735, P@10: 0.03044
valid 	 N@20: 0.04931, R@20: 0.06089, P@20: 0.0254
valid 	 N@50: 0.06681, R@50: 0.1084, P@50: 0.01886

6.761529952716886
2024-07-20 14:09:42,987 - [INFO] - current w_0 is 9.65932889229748
2024-07-20 14:15:03,974 - [INFO] - E:27|TAU:7.938 16.06, train_time: 317.9, VALID_time: 3.089, loss: 8.913e+03, emb_loss:0.006651, best_valid(recall@20): 0.06089
valid 	 N@10: 0.04057, R@10: 0.03747, P@10: 0.03056
valid 	 N@20: 0.04942, R@20: 0.06101, P@20: 0.02542
valid 	 N@50: 0.06697, R@50: 0.1086, P@50: 0.01889

6.761529952716886
2024-07-20 14:15:04,116 - [INFO] - current w_0 is 9.65932889229748
2024-07-20 14:20:26,055 - [INFO] - E:28|TAU:7.937 15.94, train_time: 318.9, VALID_time: 3.068, loss: 8.911e+03, emb_loss:0.006821, best_valid(recall@20): 0.06101
valid 	 N@10: 0.04064, R@10: 0.03749, P@10: 0.03063
valid 	 N@20: 0.04948, R@20: 0.06107, P@20: 0.02546
valid 	 N@50: 0.06698, R@50: 0.1086, P@50: 0.0189

6.761529952716886
2024-07-20 14:20:26,196 - [INFO] - current w_0 is 9.65932889229748
2024-07-20 14:25:48,062 - [INFO] - E:29|TAU:7.936 15.99, train_time: 318.8, VALID_time: 3.082, loss: 8.908e+03, emb_loss:0.006992, best_valid(recall@20): 0.06107
valid 	 N@10: 0.04069, R@10: 0.03753, P@10: 0.03065
valid 	 N@20: 0.04956, R@20: 0.06118, P@20: 0.02549
valid 	 N@50: 0.0671, R@50: 0.1088, P@50: 0.01893

6.761529952716886
2024-07-20 14:25:48,192 - [INFO] - current w_0 is 9.65932889229748
2024-07-20 14:31:10,051 - [INFO] - E:30|TAU:7.935 16.21, train_time: 318.8, VALID_time: 3.098, loss: 8.906e+03, emb_loss:0.00716, best_valid(recall@20): 0.06118
valid 	 N@10: 0.0407, R@10: 0.03761, P@10: 0.03068
valid 	 N@20: 0.04947, R@20: 0.06105, P@20: 0.02544
valid 	 N@50: 0.06707, R@50: 0.1088, P@50: 0.01893

6.761529952716886
2024-07-20 14:31:10,127 - [INFO] - current w_0 is 9.65932889229748
2024-07-20 14:36:32,132 - [INFO] - E:31|TAU:7.934 15.85, train_time: 318.9, VALID_time: 3.087, loss: 8.904e+03, emb_loss:0.007327, best_valid(recall@20): 0.06118
valid 	 N@10: 0.04064, R@10: 0.03749, P@10: 0.03056
valid 	 N@20: 0.04957, R@20: 0.06123, P@20: 0.0255
valid 	 N@50: 0.06712, R@50: 0.1089, P@50: 0.01893

6.761529952716886
2024-07-20 14:36:32,283 - [INFO] - current w_0 is 9.65932889229748
2024-07-20 14:41:53,951 - [INFO] - E:32|TAU:7.936 16.3, train_time: 318.6, VALID_time: 3.11, loss: 8.902e+03, emb_loss:0.007492, best_valid(recall@20): 0.06123
valid 	 N@10: 0.04073, R@10: 0.03762, P@10: 0.03067
valid 	 N@20: 0.0496, R@20: 0.06125, P@20: 0.02554
valid 	 N@50: 0.06709, R@50: 0.1088, P@50: 0.01893

6.761529952716886
2024-07-20 14:41:54,100 - [INFO] - current w_0 is 9.65932889229748
2024-07-20 14:47:16,411 - [INFO] - E:33|TAU:7.937 16.23, train_time: 319.2, VALID_time: 3.111, loss: 8.9e+03, emb_loss:0.007655, best_valid(recall@20): 0.06125
valid 	 N@10: 0.04065, R@10: 0.03753, P@10: 0.0306
valid 	 N@20: 0.04961, R@20: 0.06136, P@20: 0.02551
valid 	 N@50: 0.06716, R@50: 0.109, P@50: 0.01896

6.761529952716886
2024-07-20 14:47:16,544 - [INFO] - current w_0 is 9.65932889229748
2024-07-20 14:52:38,666 - [INFO] - E:34|TAU:7.937 15.97, train_time: 319.1, VALID_time: 3.05, loss: 8.898e+03, emb_loss:0.007818, best_valid(recall@20): 0.06136
valid 	 N@10: 0.04066, R@10: 0.03753, P@10: 0.03061
valid 	 N@20: 0.04954, R@20: 0.06119, P@20: 0.02547
valid 	 N@50: 0.06717, R@50: 0.109, P@50: 0.01897

6.761529952716886
2024-07-20 14:52:38,734 - [INFO] - current w_0 is 9.65932889229748
2024-07-20 14:58:02,007 - [INFO] - E:35|TAU:7.936 15.99, train_time: 320.2, VALID_time: 3.099, loss: 8.896e+03, emb_loss:0.007978, best_valid(recall@20): 0.06136
valid 	 N@10: 0.04077, R@10: 0.03763, P@10: 0.0307
valid 	 N@20: 0.04968, R@20: 0.06139, P@20: 0.02555
valid 	 N@50: 0.06722, R@50: 0.109, P@50: 0.01897

6.761529952716886
2024-07-20 14:58:02,154 - [INFO] - current w_0 is 9.65932889229748
2024-07-20 15:03:26,600 - [INFO] - E:36|TAU:7.935 15.91, train_time: 320.2, VALID_time: 4.286, loss: 8.895e+03, emb_loss:0.008137, best_valid(recall@20): 0.06139
valid 	 N@10: 0.04073, R@10: 0.03756, P@10: 0.03066
valid 	 N@20: 0.04966, R@20: 0.06137, P@20: 0.02554
valid 	 N@50: 0.06723, R@50: 0.109, P@50: 0.01897

6.761529952716886
2024-07-20 15:03:26,671 - [INFO] - current w_0 is 9.65932889229748
2024-07-20 15:08:49,972 - [INFO] - E:37|TAU:7.933 16.25, train_time: 320.2, VALID_time: 3.082, loss: 8.893e+03, emb_loss:0.008293, best_valid(recall@20): 0.06139
valid 	 N@10: 0.04081, R@10: 0.03759, P@10: 0.03067
valid 	 N@20: 0.04973, R@20: 0.06134, P@20: 0.02555
valid 	 N@50: 0.06735, R@50: 0.1092, P@50: 0.01899

6.761529952716886
2024-07-20 15:08:50,042 - [INFO] - current w_0 is 9.65932889229748
2024-07-20 15:14:13,860 - [INFO] - E:38|TAU:7.934 16.15, train_time: 320.7, VALID_time: 3.102, loss: 8.892e+03, emb_loss:0.00845, best_valid(recall@20): 0.06139
valid 	 N@10: 0.04083, R@10: 0.03767, P@10: 0.03075
valid 	 N@20: 0.04971, R@20: 0.06137, P@20: 0.02558
valid 	 N@50: 0.06735, R@50: 0.1093, P@50: 0.019

6.761529952716886
2024-07-20 15:14:13,930 - [INFO] - current w_0 is 9.65932889229748
2024-07-20 15:19:39,220 - [INFO] - E:39|TAU:7.933 16.12, train_time: 320.2, VALID_time: 5.105, loss: 8.89e+03, emb_loss:0.008603, best_valid(recall@20): 0.06139
valid 	 N@10: 0.04088, R@10: 0.03767, P@10: 0.03073
valid 	 N@20: 0.04972, R@20: 0.06126, P@20: 0.02551
valid 	 N@50: 0.06745, R@50: 0.1094, P@50: 0.019

6.761529952716886
2024-07-20 15:19:39,293 - [INFO] - current w_0 is 9.65932889229748
2024-07-20 15:25:02,974 - [INFO] - E:40|TAU:7.933 15.92, train_time: 320.4, VALID_time: 3.264, loss: 8.889e+03, emb_loss:0.008756, best_valid(recall@20): 0.06139
valid 	 N@10: 0.04089, R@10: 0.03774, P@10: 0.03078
valid 	 N@20: 0.0498, R@20: 0.06148, P@20: 0.02561
valid 	 N@50: 0.06741, R@50: 0.1093, P@50: 0.019

6.761529952716886
2024-07-20 15:25:03,111 - [INFO] - current w_0 is 9.65932889229748
2024-07-20 15:30:27,743 - [INFO] - E:41|TAU:7.932 15.92, train_time: 320.7, VALID_time: 3.898, loss: 8.888e+03, emb_loss:0.008908, best_valid(recall@20): 0.06148
valid 	 N@10: 0.04094, R@10: 0.03776, P@10: 0.03081
valid 	 N@20: 0.04985, R@20: 0.06154, P@20: 0.02562
valid 	 N@50: 0.06747, R@50: 0.1094, P@50: 0.01902

6.761529952716886
2024-07-20 15:30:27,911 - [INFO] - current w_0 is 9.65932889229748
2024-07-20 15:35:52,035 - [INFO] - E:42|TAU:7.931 16.05, train_time: 319.6, VALID_time: 4.497, loss: 8.887e+03, emb_loss:0.009056, best_valid(recall@20): 0.06154
valid 	 N@10: 0.04091, R@10: 0.03775, P@10: 0.03079
valid 	 N@20: 0.04986, R@20: 0.0616, P@20: 0.02562
valid 	 N@50: 0.0674, R@50: 0.1092, P@50: 0.019

6.761529952716886
2024-07-20 15:35:52,327 - [INFO] - current w_0 is 9.65932889229748
2024-07-20 15:41:16,399 - [INFO] - E:43|TAU:7.933 15.82, train_time: 320.2, VALID_time: 3.9, loss: 8.885e+03, emb_loss:0.009205, best_valid(recall@20): 0.0616
valid 	 N@10: 0.04098, R@10: 0.03774, P@10: 0.03077
valid 	 N@20: 0.04995, R@20: 0.06164, P@20: 0.02563
valid 	 N@50: 0.06751, R@50: 0.1093, P@50: 0.019

6.761529952716886
2024-07-20 15:41:16,530 - [INFO] - current w_0 is 9.65932889229748
2024-07-20 15:46:40,114 - [INFO] - E:44|TAU:7.931 15.97, train_time: 320.5, VALID_time: 3.092, loss: 8.884e+03, emb_loss:0.009351, best_valid(recall@20): 0.06164
valid 	 N@10: 0.04108, R@10: 0.03785, P@10: 0.03089
valid 	 N@20: 0.04997, R@20: 0.06162, P@20: 0.02563
valid 	 N@50: 0.06752, R@50: 0.1092, P@50: 0.01898

6.761529952716886
2024-07-20 15:46:40,186 - [INFO] - current w_0 is 9.65932889229748
2024-07-20 15:52:04,783 - [INFO] - E:45|TAU:7.93 15.94, train_time: 321.5, VALID_time: 3.104, loss: 8.883e+03, emb_loss:0.009497, best_valid(recall@20): 0.06164
valid 	 N@10: 0.04108, R@10: 0.0379, P@10: 0.03089
valid 	 N@20: 0.05003, R@20: 0.06178, P@20: 0.02568
valid 	 N@50: 0.06752, R@50: 0.1093, P@50: 0.01899

6.761529952716886
2024-07-20 15:52:04,928 - [INFO] - current w_0 is 9.65932889229748
2024-07-20 15:55:41,354 - [INFO] - E:46|TAU:7.932 15.71, train_time: 213.5, VALID_time: 2.884, loss: 8.882e+03, emb_loss:0.009642, best_valid(recall@20): 0.06178
valid 	 N@10: 0.04109, R@10: 0.03794, P@10: 0.03094
valid 	 N@20: 0.04998, R@20: 0.06172, P@20: 0.02566
valid 	 N@50: 0.0675, R@50: 0.1093, P@50: 0.01899

6.761529952716886
2024-07-20 15:55:41,447 - [INFO] - current w_0 is 9.65932889229748
2024-07-20 15:58:40,390 - [INFO] - E:47|TAU:7.932 15.89, train_time: 176.1, VALID_time: 2.87, loss: 8.881e+03, emb_loss:0.009783, best_valid(recall@20): 0.06178
valid 	 N@10: 0.04116, R@10: 0.03793, P@10: 0.031
valid 	 N@20: 0.05008, R@20: 0.06184, P@20: 0.0257
valid 	 N@50: 0.06763, R@50: 0.1095, P@50: 0.01901

6.761529952716886
2024-07-20 15:58:40,566 - [INFO] - current w_0 is 9.65932889229748
2024-07-20 16:01:38,698 - [INFO] - E:48|TAU:7.932 16.16, train_time: 175.2, VALID_time: 2.951, loss: 8.88e+03, emb_loss:0.009926, best_valid(recall@20): 0.06184
valid 	 N@10: 0.04115, R@10: 0.03784, P@10: 0.03095
valid 	 N@20: 0.05008, R@20: 0.06179, P@20: 0.02568
valid 	 N@50: 0.0676, R@50: 0.1094, P@50: 0.019

6.761529952716886
2024-07-20 16:01:38,773 - [INFO] - current w_0 is 9.65932889229748
2024-07-20 16:04:37,108 - [INFO] - E:49|TAU:7.93 16.17, train_time: 175.7, VALID_time: 2.674, loss: 8.879e+03, emb_loss:0.01006, best_valid(recall@20): 0.06184
valid 	 N@10: 0.04102, R@10: 0.03779, P@10: 0.03089
valid 	 N@20: 0.04996, R@20: 0.06171, P@20: 0.02563
valid 	 N@50: 0.0675, R@50: 0.1094, P@50: 0.01898

6.761529952716886
2024-07-20 16:04:37,178 - [INFO] - current w_0 is 9.65932889229748
2024-07-20 16:07:35,100 - [INFO] - E:50|TAU:7.93 16.0, train_time: 174.6, VALID_time: 3.356, loss: 8.878e+03, emb_loss:0.0102, best_valid(recall@20): 0.06184
valid 	 N@10: 0.04101, R@10: 0.03779, P@10: 0.03089
valid 	 N@20: 0.04998, R@20: 0.0618, P@20: 0.02566
valid 	 N@50: 0.06749, R@50: 0.1093, P@50: 0.01899

6.761529952716886
2024-07-20 16:07:35,172 - [INFO] - current w_0 is 9.65932889229748
2024-07-20 16:10:32,526 - [INFO] - E:51|TAU:7.927 15.99, train_time: 174.7, VALID_time: 2.669, loss: 8.877e+03, emb_loss:0.01034, best_valid(recall@20): 0.06184
valid 	 N@10: 0.04102, R@10: 0.0379, P@10: 0.03093
valid 	 N@20: 0.04995, R@20: 0.06182, P@20: 0.02564
valid 	 N@50: 0.06755, R@50: 0.1095, P@50: 0.01903

6.761529952716886
2024-07-20 16:10:32,596 - [INFO] - current w_0 is 9.65932889229748
2024-07-20 16:13:30,013 - [INFO] - E:52|TAU:7.928 15.78, train_time: 174.6, VALID_time: 2.784, loss: 8.876e+03, emb_loss:0.01048, best_valid(recall@20): 0.06184
valid 	 N@10: 0.04098, R@10: 0.03785, P@10: 0.03088
valid 	 N@20: 0.04994, R@20: 0.06178, P@20: 0.02565
valid 	 N@50: 0.06749, R@50: 0.1094, P@50: 0.01901

6.761529952716886
2024-07-20 16:13:30,092 - [INFO] - current w_0 is 9.65932889229748
2024-07-20 16:16:27,600 - [INFO] - E:53|TAU:7.931 15.82, train_time: 174.8, VALID_time: 2.751, loss: 8.875e+03, emb_loss:0.01061, best_valid(recall@20): 0.06184
valid 	 N@10: 0.04099, R@10: 0.03783, P@10: 0.03086
valid 	 N@20: 0.04999, R@20: 0.06183, P@20: 0.02566
valid 	 N@50: 0.06753, R@50: 0.1094, P@50: 0.01902

6.761529952716886
2024-07-20 16:16:27,676 - [INFO] - current w_0 is 9.65932889229748
2024-07-20 16:19:25,514 - [INFO] - E:54|TAU:7.928 15.74, train_time: 175.2, VALID_time: 2.603, loss: 8.875e+03, emb_loss:0.01074, best_valid(recall@20): 0.06184
valid 	 N@10: 0.04094, R@10: 0.03768, P@10: 0.03075
valid 	 N@20: 0.04998, R@20: 0.06176, P@20: 0.02563
valid 	 N@50: 0.06757, R@50: 0.1095, P@50: 0.01902

6.761529952716886
2024-07-20 16:19:25,585 - [INFO] - current w_0 is 9.65932889229748
2024-07-20 16:22:23,806 - [INFO] - E:55|TAU:7.93 15.71, train_time: 175.4, VALID_time: 2.793, loss: 8.874e+03, emb_loss:0.01088, best_valid(recall@20): 0.06184
valid 	 N@10: 0.0409, R@10: 0.0377, P@10: 0.03075
valid 	 N@20: 0.04993, R@20: 0.06176, P@20: 0.02564
valid 	 N@50: 0.06754, R@50: 0.1095, P@50: 0.01902

6.761529952716886
2024-07-20 16:22:23,878 - [INFO] - current w_0 is 9.65932889229748
2024-07-20 16:25:22,260 - [INFO] - E:56|TAU:7.93 15.82, train_time: 175.8, VALID_time: 2.61, loss: 8.873e+03, emb_loss:0.01101, best_valid(recall@20): 0.06184
valid 	 N@10: 0.041, R@10: 0.03784, P@10: 0.03085
valid 	 N@20: 0.04994, R@20: 0.06173, P@20: 0.02561
valid 	 N@50: 0.06757, R@50: 0.1095, P@50: 0.01902

6.761529952716886
2024-07-20 16:25:22,328 - [INFO] - current w_0 is 9.65932889229748
2024-07-20 16:28:19,601 - [INFO] - E:57|TAU:7.928 15.87, train_time: 174.6, VALID_time: 2.648, loss: 8.872e+03, emb_loss:0.01114, best_valid(recall@20): 0.06184
valid 	 N@10: 0.04096, R@10: 0.03779, P@10: 0.03077
valid 	 N@20: 0.04995, R@20: 0.0617, P@20: 0.02562
valid 	 N@50: 0.06758, R@50: 0.1095, P@50: 0.01902

6.761529952716886
2024-07-20 16:28:19,679 - [INFO] - current w_0 is 9.65932889229748
2024-07-20 16:31:17,787 - [INFO] - E:58|TAU:7.925 15.93, train_time: 175.0, VALID_time: 3.09, loss: 8.872e+03, emb_loss:0.01127, best_valid(recall@20): 0.06184
valid 	 N@10: 0.04099, R@10: 0.03785, P@10: 0.03081
valid 	 N@20: 0.04995, R@20: 0.06172, P@20: 0.02561
valid 	 N@50: 0.0676, R@50: 0.1096, P@50: 0.01904

6.761529952716886
2024-07-20 16:31:17,856 - [INFO] - current w_0 is 9.65932889229748
2024-07-20 16:34:15,715 - [INFO] - E:59|TAU:7.927 16.02, train_time: 175.3, VALID_time: 2.534, loss: 8.871e+03, emb_loss:0.01139, best_valid(recall@20): 0.06184
valid 	 N@10: 0.04108, R@10: 0.03795, P@10: 0.03088
valid 	 N@20: 0.04998, R@20: 0.0617, P@20: 0.02561
valid 	 N@50: 0.06763, R@50: 0.1096, P@50: 0.01903

6.761529952716886
2024-07-20 16:34:15,784 - [INFO] - current w_0 is 9.65932889229748
2024-07-20 16:37:13,686 - [INFO] - E:60|TAU:7.925 16.03, train_time: 175.3, VALID_time: 2.571, loss: 8.87e+03, emb_loss:0.01152, best_valid(recall@20): 0.06184
valid 	 N@10: 0.04099, R@10: 0.03785, P@10: 0.03082
valid 	 N@20: 0.04991, R@20: 0.06162, P@20: 0.02559
valid 	 N@50: 0.06766, R@50: 0.1097, P@50: 0.01906

6.761529952716886
2024-07-20 16:37:13,759 - [INFO] - current w_0 is 9.65932889229748
2024-07-20 16:40:11,316 - [INFO] - E:61|TAU:7.926 15.89, train_time: 174.9, VALID_time: 2.633, loss: 8.87e+03, emb_loss:0.01164, best_valid(recall@20): 0.06184
valid 	 N@10: 0.04102, R@10: 0.03793, P@10: 0.03088
valid 	 N@20: 0.04991, R@20: 0.06161, P@20: 0.02559
valid 	 N@50: 0.06769, R@50: 0.1098, P@50: 0.01907

6.761529952716886
2024-07-20 16:40:11,385 - [INFO] - current w_0 is 9.65932889229748
2024-07-20 16:43:08,590 - [INFO] - E:62|TAU:7.926 15.8, train_time: 174.5, VALID_time: 2.73, loss: 8.869e+03, emb_loss:0.01177, best_valid(recall@20): 0.06184
valid 	 N@10: 0.04104, R@10: 0.03788, P@10: 0.03083
valid 	 N@20: 0.05005, R@20: 0.06185, P@20: 0.02568
valid 	 N@50: 0.06771, R@50: 0.1097, P@50: 0.01905

6.761529952716886
2024-07-20 16:43:08,734 - [INFO] - current w_0 is 9.65932889229748
2024-07-20 16:46:06,395 - [INFO] - E:63|TAU:7.926 15.84, train_time: 175.0, VALID_time: 2.663, loss: 8.868e+03, emb_loss:0.01189, best_valid(recall@20): 0.06185
valid 	 N@10: 0.04107, R@10: 0.03793, P@10: 0.03087
valid 	 N@20: 0.05008, R@20: 0.06188, P@20: 0.0257
valid 	 N@50: 0.06773, R@50: 0.1098, P@50: 0.01906

6.761529952716886
2024-07-20 16:46:06,531 - [INFO] - current w_0 is 9.65932889229748
2024-07-20 16:49:03,696 - [INFO] - E:64|TAU:7.927 15.98, train_time: 174.6, VALID_time: 2.603, loss: 8.868e+03, emb_loss:0.01201, best_valid(recall@20): 0.06188
valid 	 N@10: 0.04103, R@10: 0.03793, P@10: 0.03084
valid 	 N@20: 0.05006, R@20: 0.06186, P@20: 0.0257
valid 	 N@50: 0.06773, R@50: 0.1098, P@50: 0.01906

6.761529952716886
2024-07-20 16:49:03,773 - [INFO] - current w_0 is 9.65932889229748
2024-07-20 16:52:01,826 - [INFO] - E:65|TAU:7.928 15.89, train_time: 175.2, VALID_time: 2.882, loss: 8.867e+03, emb_loss:0.01213, best_valid(recall@20): 0.06188
valid 	 N@10: 0.04107, R@10: 0.03799, P@10: 0.0309
valid 	 N@20: 0.05003, R@20: 0.06179, P@20: 0.02567
valid 	 N@50: 0.06774, R@50: 0.1098, P@50: 0.01907

6.761529952716886
2024-07-20 16:52:01,894 - [INFO] - current w_0 is 9.65932889229748
2024-07-20 16:54:59,187 - [INFO] - E:66|TAU:7.926 15.78, train_time: 174.4, VALID_time: 2.89, loss: 8.867e+03, emb_loss:0.01225, best_valid(recall@20): 0.06188
valid 	 N@10: 0.04112, R@10: 0.03798, P@10: 0.03089
valid 	 N@20: 0.05008, R@20: 0.0618, P@20: 0.02567
valid 	 N@50: 0.06775, R@50: 0.1097, P@50: 0.01906

6.761529952716886
2024-07-20 16:54:59,262 - [INFO] - current w_0 is 9.65932889229748
2024-07-20 16:57:56,908 - [INFO] - E:67|TAU:7.925 15.88, train_time: 174.7, VALID_time: 2.9, loss: 8.866e+03, emb_loss:0.01237, best_valid(recall@20): 0.06188
valid 	 N@10: 0.04102, R@10: 0.0379, P@10: 0.03083
valid 	 N@20: 0.05001, R@20: 0.0618, P@20: 0.02566
valid 	 N@50: 0.06768, R@50: 0.1097, P@50: 0.01904

6.761529952716886
2024-07-20 16:57:56,978 - [INFO] - current w_0 is 9.65932889229748
2024-07-20 17:00:55,227 - [INFO] - E:68|TAU:7.924 15.93, train_time: 175.4, VALID_time: 2.867, loss: 8.866e+03, emb_loss:0.01248, best_valid(recall@20): 0.06188
valid 	 N@10: 0.04108, R@10: 0.03796, P@10: 0.03086
valid 	 N@20: 0.05002, R@20: 0.06175, P@20: 0.02565
valid 	 N@50: 0.06769, R@50: 0.1097, P@50: 0.01904

6.761529952716886
2024-07-20 17:00:55,299 - [INFO] - current w_0 is 9.65932889229748
2024-07-20 17:03:52,811 - [INFO] - E:69|TAU:7.925 16.05, train_time: 174.8, VALID_time: 2.744, loss: 8.865e+03, emb_loss:0.0126, best_valid(recall@20): 0.06188
valid 	 N@10: 0.0411, R@10: 0.03799, P@10: 0.03091
valid 	 N@20: 0.05, R@20: 0.06175, P@20: 0.02562
valid 	 N@50: 0.0677, R@50: 0.1097, P@50: 0.01905

6.761529952716886
2024-07-20 17:03:52,879 - [INFO] - current w_0 is 9.65932889229748
2024-07-20 17:06:52,504 - [INFO] - E:70|TAU:7.924 15.97, train_time: 176.4, VALID_time: 3.241, loss: 8.865e+03, emb_loss:0.01271, best_valid(recall@20): 0.06188
valid 	 N@10: 0.04102, R@10: 0.03787, P@10: 0.03083
valid 	 N@20: 0.04998, R@20: 0.06172, P@20: 0.02561
valid 	 N@50: 0.06765, R@50: 0.1096, P@50: 0.01903

6.761529952716886
2024-07-20 17:06:52,575 - [INFO] - current w_0 is 9.65932889229748
2024-07-20 17:09:50,582 - [INFO] - E:71|TAU:7.923 15.97, train_time: 175.3, VALID_time: 2.717, loss: 8.864e+03, emb_loss:0.01283, best_valid(recall@20): 0.06188
valid 	 N@10: 0.04102, R@10: 0.03789, P@10: 0.03081
valid 	 N@20: 0.04998, R@20: 0.06171, P@20: 0.02562
valid 	 N@50: 0.06768, R@50: 0.1097, P@50: 0.01904

6.761529952716886
2024-07-20 17:09:50,650 - [INFO] - current w_0 is 9.65932889229748
2024-07-20 17:12:48,532 - [INFO] - E:72|TAU:7.923 15.95, train_time: 174.8, VALID_time: 3.113, loss: 8.864e+03, emb_loss:0.01294, best_valid(recall@20): 0.06188
valid 	 N@10: 0.04106, R@10: 0.0379, P@10: 0.03081
valid 	 N@20: 0.05004, R@20: 0.06174, P@20: 0.02564
valid 	 N@50: 0.06774, R@50: 0.1098, P@50: 0.01905

6.761529952716886
2024-07-20 17:12:48,601 - [INFO] - current w_0 is 9.65932889229748
2024-07-20 17:15:45,885 - [INFO] - E:73|TAU:7.923 15.74, train_time: 174.7, VALID_time: 2.599, loss: 8.863e+03, emb_loss:0.01305, best_valid(recall@20): 0.06188
valid 	 N@10: 0.041, R@10: 0.03788, P@10: 0.03079
valid 	 N@20: 0.05003, R@20: 0.06181, P@20: 0.02566
valid 	 N@50: 0.06773, R@50: 0.1099, P@50: 0.01905

6.761529952716886
2024-07-20 17:15:45,953 - [INFO] - current w_0 is 9.65932889229748
2024-07-20 17:18:43,992 - [INFO] - E:74|TAU:7.923 15.87, train_time: 175.0, VALID_time: 3.048, loss: 8.863e+03, emb_loss:0.01316, best_valid(recall@20): 0.06188
valid 	 N@10: 0.04101, R@10: 0.03792, P@10: 0.03082
valid 	 N@20: 0.05005, R@20: 0.06189, P@20: 0.02568
valid 	 N@50: 0.0677, R@50: 0.1098, P@50: 0.01904

6.761529952716886
2024-07-20 17:18:44,132 - [INFO] - current w_0 is 9.65932889229748
2024-07-20 17:21:42,617 - [INFO] - E:75|TAU:7.921 15.95, train_time: 175.8, VALID_time: 2.713, loss: 8.862e+03, emb_loss:0.01327, best_valid(recall@20): 0.06189
valid 	 N@10: 0.04099, R@10: 0.03787, P@10: 0.03077
valid 	 N@20: 0.05001, R@20: 0.06176, P@20: 0.02566
valid 	 N@50: 0.06778, R@50: 0.11, P@50: 0.01908

6.761529952716886
2024-07-20 17:21:42,686 - [INFO] - current w_0 is 9.65932889229748
2024-07-20 17:24:40,989 - [INFO] - E:76|TAU:7.922 15.99, train_time: 175.4, VALID_time: 2.853, loss: 8.862e+03, emb_loss:0.01338, best_valid(recall@20): 0.06189
valid 	 N@10: 0.04107, R@10: 0.03795, P@10: 0.03084
valid 	 N@20: 0.05004, R@20: 0.06175, P@20: 0.02566
valid 	 N@50: 0.06783, R@50: 0.1101, P@50: 0.01909

6.761529952716886
2024-07-20 17:24:41,060 - [INFO] - current w_0 is 9.65932889229748
2024-07-20 17:27:40,008 - [INFO] - E:77|TAU:7.921 16.14, train_time: 175.5, VALID_time: 3.48, loss: 8.861e+03, emb_loss:0.01349, best_valid(recall@20): 0.06189
valid 	 N@10: 0.04106, R@10: 0.03797, P@10: 0.03088
valid 	 N@20: 0.05004, R@20: 0.06182, P@20: 0.02568
valid 	 N@50: 0.06775, R@50: 0.1099, P@50: 0.01905

6.761529952716886
2024-07-20 17:27:40,077 - [INFO] - current w_0 is 9.65932889229748
2024-07-20 17:30:37,212 - [INFO] - E:78|TAU:7.922 16.02, train_time: 174.4, VALID_time: 2.73, loss: 8.862e+03, emb_loss:0.01359, best_valid(recall@20): 0.06189
valid 	 N@10: 0.0411, R@10: 0.03796, P@10: 0.03089
valid 	 N@20: 0.05008, R@20: 0.06183, P@20: 0.0257
valid 	 N@50: 0.06783, R@50: 0.11, P@50: 0.01907

6.761529952716886
2024-07-20 17:30:37,282 - [INFO] - current w_0 is 9.65932889229748
2024-07-20 17:33:35,798 - [INFO] - E:79|TAU:7.921 15.85, train_time: 175.6, VALID_time: 2.949, loss: 8.861e+03, emb_loss:0.0137, best_valid(recall@20): 0.06189
valid 	 N@10: 0.04104, R@10: 0.03785, P@10: 0.03082
valid 	 N@20: 0.05007, R@20: 0.06183, P@20: 0.02567
valid 	 N@50: 0.0678, R@50: 0.1099, P@50: 0.01906

6.761529952716886
2024-07-20 17:33:35,874 - [INFO] - current w_0 is 9.65932889229748
2024-07-20 17:36:33,986 - [INFO] - E:80|TAU:7.921 15.91, train_time: 175.4, VALID_time: 2.673, loss: 8.86e+03, emb_loss:0.0138, best_valid(recall@20): 0.06189
valid 	 N@10: 0.04102, R@10: 0.03784, P@10: 0.03082
valid 	 N@20: 0.05003, R@20: 0.06178, P@20: 0.02564
valid 	 N@50: 0.06776, R@50: 0.1099, P@50: 0.01905

6.761529952716886
2024-07-20 17:36:34,074 - [INFO] - current w_0 is 9.65932889229748
2024-07-20 17:39:33,101 - [INFO] - E:81|TAU:7.92 15.71, train_time: 176.0, VALID_time: 3.009, loss: 8.86e+03, emb_loss:0.0139, best_valid(recall@20): 0.06189
valid 	 N@10: 0.04103, R@10: 0.03783, P@10: 0.03081
valid 	 N@20: 0.05002, R@20: 0.06172, P@20: 0.02563
valid 	 N@50: 0.06778, R@50: 0.1099, P@50: 0.01904

6.761529952716886
2024-07-20 17:39:33,176 - [INFO] - current w_0 is 9.65932889229748
2024-07-20 17:42:31,616 - [INFO] - E:82|TAU:7.92 15.68, train_time: 175.6, VALID_time: 2.845, loss: 8.859e+03, emb_loss:0.01401, best_valid(recall@20): 0.06189
valid 	 N@10: 0.04094, R@10: 0.03776, P@10: 0.03073
valid 	 N@20: 0.04996, R@20: 0.06169, P@20: 0.02563
valid 	 N@50: 0.06777, R@50: 0.1101, P@50: 0.01906

6.761529952716886
2024-07-20 17:42:31,687 - [INFO] - current w_0 is 9.65932889229748
2024-07-20 17:45:30,430 - [INFO] - E:83|TAU:7.92 15.88, train_time: 175.5, VALID_time: 3.279, loss: 8.859e+03, emb_loss:0.01411, best_valid(recall@20): 0.06189
valid 	 N@10: 0.04102, R@10: 0.03789, P@10: 0.03082
valid 	 N@20: 0.05005, R@20: 0.06185, P@20: 0.0257
valid 	 N@50: 0.06776, R@50: 0.11, P@50: 0.01906

6.761529952716886
2024-07-20 17:45:30,519 - [INFO] - current w_0 is 9.65932889229748
2024-07-20 17:48:29,213 - [INFO] - E:84|TAU:7.919 15.7, train_time: 175.8, VALID_time: 2.851, loss: 8.859e+03, emb_loss:0.01421, best_valid(recall@20): 0.06189
valid 	 N@10: 0.04104, R@10: 0.03786, P@10: 0.03079
valid 	 N@20: 0.05006, R@20: 0.06176, P@20: 0.02569
valid 	 N@50: 0.06779, R@50: 0.1099, P@50: 0.01906

6.761529952716886
2024-07-20 17:48:29,287 - [INFO] - current w_0 is 9.65932889229748
2024-07-20 17:51:27,316 - [INFO] - E:85|TAU:7.919 15.62, train_time: 175.2, VALID_time: 2.796, loss: 8.858e+03, emb_loss:0.01431, best_valid(recall@20): 0.06189
valid 	 N@10: 0.0411, R@10: 0.03796, P@10: 0.03086
valid 	 N@20: 0.05004, R@20: 0.06174, P@20: 0.02566
valid 	 N@50: 0.06779, R@50: 0.1099, P@50: 0.01905

6.761529952716886
2024-07-20 17:51:27,391 - [INFO] - current w_0 is 9.65932889229748
2024-07-20 17:54:24,712 - [INFO] - E:86|TAU:7.919 15.68, train_time: 174.7, VALID_time: 2.649, loss: 8.858e+03, emb_loss:0.0144, best_valid(recall@20): 0.06189
valid 	 N@10: 0.04113, R@10: 0.03806, P@10: 0.03093
valid 	 N@20: 0.0501, R@20: 0.06191, P@20: 0.02573
valid 	 N@50: 0.06779, R@50: 0.11, P@50: 0.01905

6.761529952716886
2024-07-20 17:54:24,858 - [INFO] - current w_0 is 9.65932889229748
2024-07-20 17:57:22,693 - [INFO] - E:87|TAU:7.921 15.64, train_time: 175.1, VALID_time: 2.75, loss: 8.857e+03, emb_loss:0.0145, best_valid(recall@20): 0.06191
valid 	 N@10: 0.04114, R@10: 0.03803, P@10: 0.03089
valid 	 N@20: 0.05011, R@20: 0.06183, P@20: 0.02571
valid 	 N@50: 0.0678, R@50: 0.1099, P@50: 0.01904

6.761529952716886
2024-07-20 17:57:22,762 - [INFO] - current w_0 is 9.65932889229748
2024-07-20 18:00:19,983 - [INFO] - E:88|TAU:7.918 15.76, train_time: 174.6, VALID_time: 2.64, loss: 8.858e+03, emb_loss:0.0146, best_valid(recall@20): 0.06191
valid 	 N@10: 0.04111, R@10: 0.03802, P@10: 0.03087
valid 	 N@20: 0.05011, R@20: 0.06191, P@20: 0.0257
valid 	 N@50: 0.06784, R@50: 0.1101, P@50: 0.01906

6.761529952716886
2024-07-20 18:00:20,129 - [INFO] - current w_0 is 9.65932889229748
2024-07-20 18:03:17,794 - [INFO] - E:89|TAU:7.921 15.85, train_time: 174.8, VALID_time: 2.906, loss: 8.857e+03, emb_loss:0.01469, best_valid(recall@20): 0.06191
valid 	 N@10: 0.04107, R@10: 0.03793, P@10: 0.03083
valid 	 N@20: 0.05007, R@20: 0.06185, P@20: 0.02567
valid 	 N@50: 0.06782, R@50: 0.1101, P@50: 0.01906

6.761529952716886
2024-07-20 18:03:17,870 - [INFO] - current w_0 is 9.65932889229748
2024-07-20 18:06:16,408 - [INFO] - E:90|TAU:7.917 15.76, train_time: 175.1, VALID_time: 3.47, loss: 8.857e+03, emb_loss:0.01479, best_valid(recall@20): 0.06191
valid 	 N@10: 0.04108, R@10: 0.0379, P@10: 0.03079
valid 	 N@20: 0.05011, R@20: 0.06185, P@20: 0.02567
valid 	 N@50: 0.06787, R@50: 0.1101, P@50: 0.01906

6.761529952716886
2024-07-20 18:06:16,485 - [INFO] - current w_0 is 9.65932889229748
2024-07-20 18:09:14,315 - [INFO] - E:91|TAU:7.918 15.61, train_time: 174.6, VALID_time: 3.241, loss: 8.856e+03, emb_loss:0.01488, best_valid(recall@20): 0.06191
valid 	 N@10: 0.04111, R@10: 0.03797, P@10: 0.03084
valid 	 N@20: 0.05015, R@20: 0.06192, P@20: 0.0257
valid 	 N@50: 0.06789, R@50: 0.1101, P@50: 0.01907

6.761529952716886
2024-07-20 18:09:14,452 - [INFO] - current w_0 is 9.65932889229748
2024-07-20 18:12:12,005 - [INFO] - E:92|TAU:7.916 15.75, train_time: 174.7, VALID_time: 2.826, loss: 8.856e+03, emb_loss:0.01498, best_valid(recall@20): 0.06192
valid 	 N@10: 0.04111, R@10: 0.038, P@10: 0.03088
valid 	 N@20: 0.05014, R@20: 0.06193, P@20: 0.02572
valid 	 N@50: 0.06783, R@50: 0.11, P@50: 0.01904

6.761529952716886
2024-07-20 18:12:12,122 - [INFO] - current w_0 is 9.65932889229748
2024-07-20 18:15:09,094 - [INFO] - E:93|TAU:7.917 15.87, train_time: 174.4, VALID_time: 2.582, loss: 8.856e+03, emb_loss:0.01507, best_valid(recall@20): 0.06193
valid 	 N@10: 0.04105, R@10: 0.03794, P@10: 0.03085
valid 	 N@20: 0.05011, R@20: 0.06197, P@20: 0.02571
valid 	 N@50: 0.06778, R@50: 0.11, P@50: 0.01904

6.761529952716886
2024-07-20 18:15:09,246 - [INFO] - current w_0 is 9.65932889229748
2024-07-20 18:18:07,325 - [INFO] - E:94|TAU:7.918 15.69, train_time: 175.5, VALID_time: 2.557, loss: 8.855e+03, emb_loss:0.01516, best_valid(recall@20): 0.06197
valid 	 N@10: 0.04109, R@10: 0.03795, P@10: 0.03083
valid 	 N@20: 0.05012, R@20: 0.06189, P@20: 0.0257
valid 	 N@50: 0.06785, R@50: 0.1101, P@50: 0.01905

6.761529952716886
2024-07-20 18:18:07,396 - [INFO] - current w_0 is 9.65932889229748
2024-07-20 18:21:04,799 - [INFO] - E:95|TAU:7.917 15.66, train_time: 174.8, VALID_time: 2.594, loss: 8.855e+03, emb_loss:0.01525, best_valid(recall@20): 0.06197
valid 	 N@10: 0.04112, R@10: 0.038, P@10: 0.03086
valid 	 N@20: 0.05015, R@20: 0.06194, P@20: 0.02571
valid 	 N@50: 0.0678, R@50: 0.1099, P@50: 0.01903

6.761529952716886
2024-07-20 18:21:04,867 - [INFO] - current w_0 is 9.65932889229748
2024-07-20 18:24:03,047 - [INFO] - E:96|TAU:7.919 15.78, train_time: 175.3, VALID_time: 2.905, loss: 8.855e+03, emb_loss:0.01534, best_valid(recall@20): 0.06197
valid 	 N@10: 0.04104, R@10: 0.03792, P@10: 0.03077
valid 	 N@20: 0.0501, R@20: 0.06188, P@20: 0.02569
valid 	 N@50: 0.06776, R@50: 0.1099, P@50: 0.01903

6.761529952716886
2024-07-20 18:24:03,126 - [INFO] - current w_0 is 9.65932889229748
2024-07-20 18:27:01,494 - [INFO] - E:97|TAU:7.918 15.61, train_time: 175.6, VALID_time: 2.776, loss: 8.855e+03, emb_loss:0.01543, best_valid(recall@20): 0.06197
valid 	 N@10: 0.0411, R@10: 0.03797, P@10: 0.03081
valid 	 N@20: 0.05009, R@20: 0.06182, P@20: 0.02565
valid 	 N@50: 0.06787, R@50: 0.1101, P@50: 0.01907

6.761529952716886
2024-07-20 18:27:01,586 - [INFO] - current w_0 is 9.65932889229748
2024-07-20 18:29:59,116 - [INFO] - E:98|TAU:7.917 15.56, train_time: 174.8, VALID_time: 2.717, loss: 8.855e+03, emb_loss:0.01552, best_valid(recall@20): 0.06197
valid 	 N@10: 0.04111, R@10: 0.03803, P@10: 0.03082
valid 	 N@20: 0.05011, R@20: 0.06187, P@20: 0.02566
valid 	 N@50: 0.06785, R@50: 0.11, P@50: 0.01906

6.761529952716886
2024-07-20 18:29:59,189 - [INFO] - current w_0 is 9.65932889229748
2024-07-20 18:32:56,413 - [INFO] - E:99|TAU:7.917 15.62, train_time: 174.4, VALID_time: 2.784, loss: 8.854e+03, emb_loss:0.0156, best_valid(recall@20): 0.06197
valid 	 N@10: 0.04107, R@10: 0.03791, P@10: 0.03073
valid 	 N@20: 0.05014, R@20: 0.0619, P@20: 0.02566
valid 	 N@50: 0.06785, R@50: 0.11, P@50: 0.01904

2024-07-20 18:32:56,559 - [INFO] - current w_0 is 13.273012161254883
2024-07-20 18:35:54,852 - [INFO] - E:100|TAU:10.87 21.45, train_time: 175.4, VALID_time: 2.951, loss: 8.187e+03, emb_loss:0.01521, best_valid(recall@20): 0.06197
valid 	 N@10: 0.04071, R@10: 0.03775, P@10: 0.03032
valid 	 N@20: 0.04931, R@20: 0.06063, P@20: 0.02499
valid 	 N@50: 0.06603, R@50: 0.1061, P@50: 0.01821

2024-07-20 18:35:55,003 - [INFO] - current w_0 is 14.024276733398438
2024-07-20 18:38:52,514 - [INFO] - E:101|TAU:11.53 23.48, train_time: 174.8, VALID_time: 2.801, loss: 8.002e+03, emb_loss:0.01494, best_valid(recall@20): 0.06197
valid 	 N@10: 0.03975, R@10: 0.03679, P@10: 0.02939
valid 	 N@20: 0.04823, R@20: 0.05921, P@20: 0.02429
valid 	 N@50: 0.06437, R@50: 0.1031, P@50: 0.01764

2024-07-20 18:38:52,653 - [INFO] - current w_0 is 14.279908180236816
2024-07-20 18:41:50,312 - [INFO] - E:102|TAU:11.76 24.28, train_time: 174.9, VALID_time: 2.834, loss: 7.926e+03, emb_loss:0.01488, best_valid(recall@20): 0.06197
valid 	 N@10: 0.03924, R@10: 0.03631, P@10: 0.029
valid 	 N@20: 0.04741, R@20: 0.05805, P@20: 0.02378
valid 	 N@50: 0.06326, R@50: 0.1011, P@50: 0.01731

2024-07-20 18:41:50,466 - [INFO] - current w_0 is 14.399504661560059
2024-07-20 18:44:48,910 - [INFO] - E:103|TAU:11.87 24.38, train_time: 175.9, VALID_time: 2.626, loss: 7.893e+03, emb_loss:0.0149, best_valid(recall@20): 0.06197
valid 	 N@10: 0.03872, R@10: 0.03581, P@10: 0.0286
valid 	 N@20: 0.04676, R@20: 0.05719, P@20: 0.02346
valid 	 N@50: 0.06232, R@50: 0.09949, P@50: 0.01702

2024-07-20 18:44:49,052 - [INFO] - current w_0 is 14.471721649169922
2024-07-20 18:47:46,690 - [INFO] - E:104|TAU:11.94 23.84, train_time: 175.0, VALID_time: 2.662, loss: 7.873e+03, emb_loss:0.01495, best_valid(recall@20): 0.06197
valid 	 N@10: 0.03832, R@10: 0.03548, P@10: 0.02832
valid 	 N@20: 0.04625, R@20: 0.05659, P@20: 0.0232
valid 	 N@50: 0.06161, R@50: 0.09832, P@50: 0.01683

2024-07-20 18:47:46,837 - [INFO] - current w_0 is 14.518891334533691
2024-07-20 18:50:44,524 - [INFO] - E:105|TAU:11.98 23.87, train_time: 175.0, VALID_time: 2.779, loss: 7.861e+03, emb_loss:0.01501, best_valid(recall@20): 0.06197
valid 	 N@10: 0.03809, R@10: 0.03518, P@10: 0.02814
valid 	 N@20: 0.04596, R@20: 0.05619, P@20: 0.02303
valid 	 N@50: 0.06125, R@50: 0.09775, P@50: 0.01673

2024-07-20 18:50:44,670 - [INFO] - current w_0 is 14.550215721130371
2024-07-20 18:53:42,601 - [INFO] - E:106|TAU:12.02 24.06, train_time: 175.0, VALID_time: 3.028, loss: 7.852e+03, emb_loss:0.01509, best_valid(recall@20): 0.06197
valid 	 N@10: 0.03782, R@10: 0.03496, P@10: 0.02795
valid 	 N@20: 0.04562, R@20: 0.05575, P@20: 0.02287
valid 	 N@50: 0.06086, R@50: 0.09719, P@50: 0.01664

2024-07-20 18:53:42,750 - [INFO] - current w_0 is 14.574016571044922
2024-07-20 18:56:40,995 - [INFO] - E:107|TAU:12.04 23.94, train_time: 175.5, VALID_time: 2.776, loss: 7.846e+03, emb_loss:0.01517, best_valid(recall@20): 0.06197
valid 	 N@10: 0.03773, R@10: 0.03486, P@10: 0.02787
valid 	 N@20: 0.04543, R@20: 0.05546, P@20: 0.02275
valid 	 N@50: 0.06061, R@50: 0.09672, P@50: 0.01655

2024-07-20 18:56:41,141 - [INFO] - current w_0 is 14.5899019241333
2024-07-20 18:59:39,422 - [INFO] - E:108|TAU:12.06 24.29, train_time: 175.1, VALID_time: 3.211, loss: 7.841e+03, emb_loss:0.01525, best_valid(recall@20): 0.06197
valid 	 N@10: 0.03766, R@10: 0.0348, P@10: 0.02781
valid 	 N@20: 0.04536, R@20: 0.05541, P@20: 0.02271
valid 	 N@50: 0.06046, R@50: 0.09644, P@50: 0.01652

2024-07-20 18:59:39,584 - [INFO] - current w_0 is 14.599754333496094
2024-07-20 19:02:37,551 - [INFO] - E:109|TAU:12.07 24.16, train_time: 175.2, VALID_time: 2.852, loss: 7.838e+03, emb_loss:0.01534, best_valid(recall@20): 0.06197
valid 	 N@10: 0.03747, R@10: 0.03462, P@10: 0.02765
valid 	 N@20: 0.0452, R@20: 0.05521, P@20: 0.02265
valid 	 N@50: 0.06028, R@50: 0.09622, P@50: 0.01647

2024-07-20 19:02:37,709 - [INFO] - current w_0 is 14.608342170715332
2024-07-20 19:05:36,927 - [INFO] - E:110|TAU:12.08 24.2, train_time: 174.7, VALID_time: 4.564, loss: 7.835e+03, emb_loss:0.01543, best_valid(recall@20): 0.06197
valid 	 N@10: 0.03744, R@10: 0.03466, P@10: 0.0277
valid 	 N@20: 0.0451, R@20: 0.05515, P@20: 0.02258
valid 	 N@50: 0.06009, R@50: 0.09589, P@50: 0.01642

2024-07-20 19:05:37,245 - [INFO] - current w_0 is 14.616884231567383
2024-07-20 19:08:37,210 - [INFO] - E:111|TAU:12.09 23.96, train_time: 175.5, VALID_time: 4.563, loss: 7.832e+03, emb_loss:0.01553, best_valid(recall@20): 0.06197
valid 	 N@10: 0.03735, R@10: 0.03454, P@10: 0.0276
valid 	 N@20: 0.04493, R@20: 0.05479, P@20: 0.02248
valid 	 N@50: 0.06002, R@50: 0.09581, P@50: 0.01641

2024-07-20 19:08:37,551 - [INFO] - current w_0 is 14.623673439025879
2024-07-20 19:11:39,869 - [INFO] - E:112|TAU:12.09 23.95, train_time: 175.6, VALID_time: 6.804, loss: 7.829e+03, emb_loss:0.01562, best_valid(recall@20): 0.06197
valid 	 N@10: 0.03729, R@10: 0.03444, P@10: 0.02754
valid 	 N@20: 0.04493, R@20: 0.05487, P@20: 0.02251
valid 	 N@50: 0.05994, R@50: 0.09568, P@50: 0.01639

2024-07-20 19:11:40,077 - [INFO] - current w_0 is 14.628057479858398
2024-07-20 19:14:41,031 - [INFO] - E:113|TAU:12.1 23.84, train_time: 175.8, VALID_time: 5.174, loss: 7.828e+03, emb_loss:0.01572, best_valid(recall@20): 0.06197
valid 	 N@10: 0.03721, R@10: 0.03441, P@10: 0.02753
valid 	 N@20: 0.04472, R@20: 0.05455, P@20: 0.02239
valid 	 N@50: 0.05977, R@50: 0.09542, P@50: 0.01635

2024-07-20 19:14:41,179 - [INFO] - current w_0 is 14.630613327026367
2024-07-20 19:17:41,421 - [INFO] - E:114|TAU:12.1 23.94, train_time: 175.4, VALID_time: 4.924, loss: 7.826e+03, emb_loss:0.01581, best_valid(recall@20): 0.06197
valid 	 N@10: 0.03726, R@10: 0.03442, P@10: 0.02753
valid 	 N@20: 0.04486, R@20: 0.05472, P@20: 0.02245
valid 	 N@50: 0.05983, R@50: 0.09542, P@50: 0.01635

2024-07-20 19:17:41,569 - [INFO] - current w_0 is 14.63194751739502
2024-07-20 19:20:42,026 - [INFO] - E:115|TAU:12.11 23.83, train_time: 175.2, VALID_time: 5.311, loss: 7.825e+03, emb_loss:0.01591, best_valid(recall@20): 0.06197
valid 	 N@10: 0.0372, R@10: 0.03428, P@10: 0.02746
valid 	 N@20: 0.04479, R@20: 0.0546, P@20: 0.0224
valid 	 N@50: 0.05982, R@50: 0.09548, P@50: 0.01635

2024-07-20 19:20:42,168 - [INFO] - current w_0 is 14.63283634185791
2024-07-20 19:23:41,802 - [INFO] - E:116|TAU:12.1 24.14, train_time: 175.2, VALID_time: 4.482, loss: 7.824e+03, emb_loss:0.016, best_valid(recall@20): 0.06197
valid 	 N@10: 0.03719, R@10: 0.03431, P@10: 0.02745
valid 	 N@20: 0.04481, R@20: 0.05467, P@20: 0.02241
valid 	 N@50: 0.05975, R@50: 0.09527, P@50: 0.01633

2024-07-20 19:23:41,950 - [INFO] - current w_0 is 14.634410858154297
2024-07-20 19:26:40,059 - [INFO] - E:117|TAU:12.11 24.24, train_time: 175.2, VALID_time: 2.977, loss: 7.823e+03, emb_loss:0.0161, best_valid(recall@20): 0.06197
valid 	 N@10: 0.03725, R@10: 0.03435, P@10: 0.02747
valid 	 N@20: 0.04486, R@20: 0.05468, P@20: 0.02242
valid 	 N@50: 0.05981, R@50: 0.09534, P@50: 0.01633

2024-07-20 19:26:40,203 - [INFO] - current w_0 is 14.63612174987793
2024-07-20 19:29:37,917 - [INFO] - E:118|TAU:12.11 23.98, train_time: 174.7, VALID_time: 3.09, loss: 7.822e+03, emb_loss:0.01619, best_valid(recall@20): 0.06197
valid 	 N@10: 0.03727, R@10: 0.03437, P@10: 0.02742
valid 	 N@20: 0.04493, R@20: 0.05478, P@20: 0.02243
valid 	 N@50: 0.05984, R@50: 0.09531, P@50: 0.01632

2024-07-20 19:29:38,069 - [INFO] - current w_0 is 14.637348175048828
2024-07-20 19:32:35,522 - [INFO] - E:119|TAU:12.11 24.14, train_time: 175.0, VALID_time: 2.529, loss: 7.821e+03, emb_loss:0.01629, best_valid(recall@20): 0.06197
valid 	 N@10: 0.03713, R@10: 0.03424, P@10: 0.02735
valid 	 N@20: 0.04481, R@20: 0.05469, P@20: 0.02243
valid 	 N@50: 0.05966, R@50: 0.09506, P@50: 0.0163

2024-07-20 19:32:35,666 - [INFO] - current w_0 is 14.634027481079102
2024-07-20 19:35:34,083 - [INFO] - E:120|TAU:12.11 24.39, train_time: 174.8, VALID_time: 3.681, loss: 7.821e+03, emb_loss:0.01639, best_valid(recall@20): 0.06197
valid 	 N@10: 0.03711, R@10: 0.03419, P@10: 0.02736
valid 	 N@20: 0.0448, R@20: 0.05464, P@20: 0.02242
valid 	 N@50: 0.05964, R@50: 0.09505, P@50: 0.01629

2024-07-20 19:35:34,254 - [INFO] - current w_0 is 14.632379531860352
2024-07-20 19:38:32,213 - [INFO] - E:121|TAU:12.11 24.37, train_time: 174.6, VALID_time: 3.479, loss: 7.821e+03, emb_loss:0.01648, best_valid(recall@20): 0.06197
valid 	 N@10: 0.03717, R@10: 0.03425, P@10: 0.02739
valid 	 N@20: 0.04479, R@20: 0.0546, P@20: 0.0224
valid 	 N@50: 0.0597, R@50: 0.0951, P@50: 0.01632

2024-07-20 19:38:32,367 - [INFO] - current w_0 is 14.632194519042969
2024-07-20 19:41:30,387 - [INFO] - E:122|TAU:12.11 24.46, train_time: 175.2, VALID_time: 2.887, loss: 7.821e+03, emb_loss:0.01658, best_valid(recall@20): 0.06197
valid 	 N@10: 0.0372, R@10: 0.03433, P@10: 0.02752
valid 	 N@20: 0.04477, R@20: 0.05462, P@20: 0.02241
valid 	 N@50: 0.05964, R@50: 0.09512, P@50: 0.01629

2024-07-20 19:41:30,545 - [INFO] - current w_0 is 14.631162643432617
2024-07-20 19:44:28,096 - [INFO] - E:123|TAU:12.1 24.05, train_time: 175.0, VALID_time: 2.627, loss: 7.82e+03, emb_loss:0.01667, best_valid(recall@20): 0.06197
valid 	 N@10: 0.03716, R@10: 0.03423, P@10: 0.02745
valid 	 N@20: 0.04481, R@20: 0.05471, P@20: 0.02244
valid 	 N@50: 0.05968, R@50: 0.0952, P@50: 0.0163

2024-07-20 19:44:28,269 - [INFO] - current w_0 is 14.630066871643066
2024-07-20 19:47:25,598 - [INFO] - E:124|TAU:12.1 24.22, train_time: 174.3, VALID_time: 3.058, loss: 7.819e+03, emb_loss:0.01677, best_valid(recall@20): 0.06197
valid 	 N@10: 0.03712, R@10: 0.03434, P@10: 0.02748
valid 	 N@20: 0.04473, R@20: 0.05466, P@20: 0.02242
valid 	 N@50: 0.05961, R@50: 0.09515, P@50: 0.01629

2024-07-20 19:47:25,765 - [INFO] - current w_0 is 14.628902435302734
2024-07-20 19:50:22,728 - [INFO] - E:125|TAU:12.1 24.01, train_time: 174.4, VALID_time: 2.635, loss: 7.819e+03, emb_loss:0.01686, best_valid(recall@20): 0.06197
valid 	 N@10: 0.0371, R@10: 0.03418, P@10: 0.02737
valid 	 N@20: 0.04475, R@20: 0.05459, P@20: 0.0224
valid 	 N@50: 0.05963, R@50: 0.0951, P@50: 0.01628

2024-07-20 19:50:22,882 - [INFO] - current w_0 is 14.627896308898926
2024-07-20 19:53:19,738 - [INFO] - E:126|TAU:12.1 24.03, train_time: 174.2, VALID_time: 2.691, loss: 7.818e+03, emb_loss:0.01696, best_valid(recall@20): 0.06197
valid 	 N@10: 0.03717, R@10: 0.03428, P@10: 0.02742
valid 	 N@20: 0.04478, R@20: 0.05463, P@20: 0.02238
valid 	 N@50: 0.05977, R@50: 0.09543, P@50: 0.01633

2024-07-20 19:53:19,886 - [INFO] - current w_0 is 14.626167297363281
2024-07-20 19:56:18,320 - [INFO] - E:127|TAU:12.1 24.23, train_time: 175.2, VALID_time: 3.265, loss: 7.818e+03, emb_loss:0.01705, best_valid(recall@20): 0.06197
valid 	 N@10: 0.03716, R@10: 0.03434, P@10: 0.02745
valid 	 N@20: 0.04472, R@20: 0.05457, P@20: 0.02236
valid 	 N@50: 0.05965, R@50: 0.09514, P@50: 0.0163

2024-07-20 19:56:18,468 - [INFO] - current w_0 is 14.625041961669922
2024-07-20 19:59:15,529 - [INFO] - E:128|TAU:12.09 24.25, train_time: 174.4, VALID_time: 2.745, loss: 7.818e+03, emb_loss:0.01715, best_valid(recall@20): 0.06197
valid 	 N@10: 0.03715, R@10: 0.03427, P@10: 0.02741
valid 	 N@20: 0.04479, R@20: 0.05468, P@20: 0.02239
valid 	 N@50: 0.05967, R@50: 0.09514, P@50: 0.01629

2024-07-20 19:59:15,683 - [INFO] - current w_0 is 14.622188568115234
2024-07-20 20:02:12,991 - [INFO] - E:129|TAU:12.09 24.14, train_time: 174.3, VALID_time: 3.064, loss: 7.818e+03, emb_loss:0.01724, best_valid(recall@20): 0.06197
valid 	 N@10: 0.03724, R@10: 0.03437, P@10: 0.02745
valid 	 N@20: 0.04482, R@20: 0.0546, P@20: 0.02239
valid 	 N@50: 0.05966, R@50: 0.09499, P@50: 0.01627

2024-07-20 20:02:13,135 - [INFO] - current w_0 is 14.620879173278809
2024-07-20 20:05:10,107 - [INFO] - E:130|TAU:12.09 24.0, train_time: 174.4, VALID_time: 2.669, loss: 7.818e+03, emb_loss:0.01733, best_valid(recall@20): 0.06197
valid 	 N@10: 0.03727, R@10: 0.0344, P@10: 0.02751
valid 	 N@20: 0.04483, R@20: 0.05459, P@20: 0.02239
valid 	 N@50: 0.05965, R@50: 0.0949, P@50: 0.01627

2024-07-20 20:05:10,279 - [INFO] - current w_0 is 14.618453025817871
2024-07-20 20:08:08,198 - [INFO] - E:131|TAU:12.09 24.12, train_time: 175.4, VALID_time: 2.639, loss: 7.817e+03, emb_loss:0.01742, best_valid(recall@20): 0.06197
valid 	 N@10: 0.03724, R@10: 0.03442, P@10: 0.02751
valid 	 N@20: 0.04478, R@20: 0.05458, P@20: 0.02237
valid 	 N@50: 0.05969, R@50: 0.09513, P@50: 0.01629

2024-07-20 20:08:08,347 - [INFO] - current w_0 is 14.615732192993164
2024-07-20 20:11:05,754 - [INFO] - E:132|TAU:12.09 24.21, train_time: 174.3, VALID_time: 3.13, loss: 7.818e+03, emb_loss:0.01751, best_valid(recall@20): 0.06197
valid 	 N@10: 0.03721, R@10: 0.03427, P@10: 0.02739
valid 	 N@20: 0.04486, R@20: 0.05461, P@20: 0.02239
valid 	 N@50: 0.05979, R@50: 0.09522, P@50: 0.01632

2024-07-20 20:11:05,910 - [INFO] - current w_0 is 14.61240005493164
2024-07-20 20:14:03,293 - [INFO] - E:133|TAU:12.09 24.02, train_time: 174.6, VALID_time: 2.853, loss: 7.817e+03, emb_loss:0.01761, best_valid(recall@20): 0.06197
valid 	 N@10: 0.03724, R@10: 0.03435, P@10: 0.02742
valid 	 N@20: 0.04486, R@20: 0.05466, P@20: 0.02238
valid 	 N@50: 0.05973, R@50: 0.09509, P@50: 0.01629

2024-07-20 20:14:03,450 - [INFO] - current w_0 is 14.609662055969238
2024-07-20 20:17:01,517 - [INFO] - E:134|TAU:12.08 23.92, train_time: 175.4, VALID_time: 2.787, loss: 7.818e+03, emb_loss:0.0177, best_valid(recall@20): 0.06197
valid 	 N@10: 0.03722, R@10: 0.03435, P@10: 0.02744
valid 	 N@20: 0.0448, R@20: 0.05462, P@20: 0.02237
valid 	 N@50: 0.0597, R@50: 0.09513, P@50: 0.01629

2024-07-20 20:17:01,661 - [INFO] - current w_0 is 14.609357833862305
2024-07-20 20:19:59,517 - [INFO] - E:135|TAU:12.08 23.99, train_time: 174.9, VALID_time: 2.994, loss: 7.818e+03, emb_loss:0.01779, best_valid(recall@20): 0.06197
valid 	 N@10: 0.03724, R@10: 0.03441, P@10: 0.0275
valid 	 N@20: 0.04483, R@20: 0.05473, P@20: 0.02241
valid 	 N@50: 0.05971, R@50: 0.09518, P@50: 0.01631

2024-07-20 20:19:59,665 - [INFO] - current w_0 is 14.60649585723877
2024-07-20 20:22:56,917 - [INFO] - E:136|TAU:12.08 24.31, train_time: 174.1, VALID_time: 3.25, loss: 7.818e+03, emb_loss:0.01788, best_valid(recall@20): 0.06197
valid 	 N@10: 0.03717, R@10: 0.03428, P@10: 0.0274
valid 	 N@20: 0.04484, R@20: 0.05469, P@20: 0.02241
valid 	 N@50: 0.05976, R@50: 0.09529, P@50: 0.01632

2024-07-20 20:22:57,069 - [INFO] - current w_0 is 14.605449676513672
2024-07-20 20:25:54,441 - [INFO] - E:137|TAU:12.08 24.11, train_time: 174.2, VALID_time: 3.267, loss: 7.817e+03, emb_loss:0.01797, best_valid(recall@20): 0.06197
valid 	 N@10: 0.03725, R@10: 0.0343, P@10: 0.02748
valid 	 N@20: 0.04484, R@20: 0.05462, P@20: 0.02238
valid 	 N@50: 0.05975, R@50: 0.09519, P@50: 0.0163

2024-07-20 20:25:54,593 - [INFO] - current w_0 is 14.603802680969238
2024-07-20 20:28:52,310 - [INFO] - E:138|TAU:12.08 24.25, train_time: 174.8, VALID_time: 2.969, loss: 7.817e+03, emb_loss:0.01805, best_valid(recall@20): 0.06197
valid 	 N@10: 0.03726, R@10: 0.03442, P@10: 0.0275
valid 	 N@20: 0.04481, R@20: 0.05459, P@20: 0.02239
valid 	 N@50: 0.05974, R@50: 0.09523, P@50: 0.0163

2024-07-20 20:28:52,475 - [INFO] - current w_0 is 14.600902557373047
2024-07-20 20:31:50,299 - [INFO] - E:139|TAU:12.07 24.14, train_time: 174.8, VALID_time: 3.065, loss: 7.818e+03, emb_loss:0.01814, best_valid(recall@20): 0.06197
valid 	 N@10: 0.03722, R@10: 0.03441, P@10: 0.0275
valid 	 N@20: 0.0448, R@20: 0.05465, P@20: 0.0224
valid 	 N@50: 0.0597, R@50: 0.09516, P@50: 0.0163

2024-07-20 20:31:50,443 - [INFO] - current w_0 is 14.598737716674805
2024-07-20 20:34:48,594 - [INFO] - E:140|TAU:12.07 23.76, train_time: 175.3, VALID_time: 2.901, loss: 7.817e+03, emb_loss:0.01823, best_valid(recall@20): 0.06197
valid 	 N@10: 0.03723, R@10: 0.03445, P@10: 0.02752
valid 	 N@20: 0.0448, R@20: 0.05463, P@20: 0.0224
valid 	 N@50: 0.05974, R@50: 0.09529, P@50: 0.01631

2024-07-20 20:34:48,747 - [INFO] - current w_0 is 14.594079971313477
2024-07-20 20:37:46,507 - [INFO] - E:141|TAU:12.07 23.67, train_time: 175.1, VALID_time: 2.742, loss: 7.817e+03, emb_loss:0.01832, best_valid(recall@20): 0.06197
valid 	 N@10: 0.03736, R@10: 0.03452, P@10: 0.0276
valid 	 N@20: 0.04486, R@20: 0.05461, P@20: 0.02238
valid 	 N@50: 0.05975, R@50: 0.0951, P@50: 0.01628

2024-07-20 20:37:46,649 - [INFO] - current w_0 is 14.5943021774292
2024-07-20 20:40:43,799 - [INFO] - E:142|TAU:12.07 23.82, train_time: 174.4, VALID_time: 2.785, loss: 7.817e+03, emb_loss:0.01841, best_valid(recall@20): 0.06197
valid 	 N@10: 0.0373, R@10: 0.03444, P@10: 0.02754
valid 	 N@20: 0.04488, R@20: 0.05472, P@20: 0.02241
valid 	 N@50: 0.05982, R@50: 0.09538, P@50: 0.01631

2024-07-20 20:40:43,956 - [INFO] - current w_0 is 14.590290069580078
2024-07-20 20:43:41,468 - [INFO] - E:143|TAU:12.07 23.67, train_time: 174.7, VALID_time: 2.914, loss: 7.818e+03, emb_loss:0.0185, best_valid(recall@20): 0.06197
valid 	 N@10: 0.03734, R@10: 0.03453, P@10: 0.02759
valid 	 N@20: 0.04492, R@20: 0.05483, P@20: 0.02244
valid 	 N@50: 0.05978, R@50: 0.09529, P@50: 0.01629

2024-07-20 20:43:41,616 - [INFO] - current w_0 is 14.589456558227539
2024-07-20 20:46:39,210 - [INFO] - E:144|TAU:12.07 23.9, train_time: 174.9, VALID_time: 2.723, loss: 7.817e+03, emb_loss:0.01858, best_valid(recall@20): 0.06197
valid 	 N@10: 0.03736, R@10: 0.03459, P@10: 0.02763
valid 	 N@20: 0.04487, R@20: 0.05477, P@20: 0.02242
valid 	 N@50: 0.05972, R@50: 0.09514, P@50: 0.01627

2024-07-20 20:46:39,211 - [INFO] - start to test!!

2024-07-20 20:46:40,601 - [INFO] - 
TEST 	 N@10: 0.04105, R@10: 0.03794, P@10: 0.03085
TEST 	 N@20: 0.05011, R@20: 0.06197, P@20: 0.02571
TEST 	 N@50: 0.06778, R@50: 0.11, P@50: 0.01904

