2024-07-29 23:28:42,811 - [INFO] - {'dataset': 'gowalla', 'data_path': './data/', 'name': 'gowalla_LGN_mode_weight_mean_no_sample_nocosine_TAU_Adap_tau_Loss_2048_1024_lr_1e-3_l2_1e-5_t1_0.8_t2_0.6_nodrop_29_07_2024_23:28:42', 'train_ratio': 0.8, 'gnn': 'lgn', 'epoch': 1000, 'batch_size': 2048, 'test_batch_size': 2048, 'dim': 64, 'l2': 1e-05, 'lr': 0.001, 'mess_dropout': False, 'mess_dropout_rate': 0.1, 'edge_dropout': False, 'edge_dropout_rate': 0.1, 'n_negs': 1024, 'pool': 'mean', 'cuda': True, 'gpu_id': 0, 'Ks': '[10, 20, 50]', 'context_hops': 3, 'eval_earlystop': 'recall@20', 'temperature': 0.8, 'temperature_2': 0.6, 'temperature_3': 1.0, 'u_norm': True, 'i_norm': True, 'out_dir': './weights/', 'log_dir': './log/', 'config_dir': './config/', 'restore': False, 'loss_fn': 'Adap_tau_Loss', 'sampling_method': 'no_sample', 'generate_mode': 'nocosine', 'tau_mode': 'weight_mean', 'cnt_lr': 100, 'func': 0.1, 'func_origin': 1.0, 'cl_rate': 0.0, 'cf_rate': 0.0}
2024-07-29 23:28:44,030 - [INFO] - load train.txt
2024-07-29 23:28:46,887 - [INFO] - building the adj mat ...
2024-07-29 23:28:47,241 - [INFO] - train set len is 810128
2024-07-29 23:28:47,241 - [INFO] - test set len is 217242
2024-07-29 23:28:47,241 - [INFO] - loading over ...
2024-07-29 23:28:47,241 - [INFO] - users are 29858 items are 40981
Adap_tau_Loss
start to make tables
2024-07-29 23:28:57,209 - [INFO] - Evaluation Protocols is 1 @ 20
2024-07-29 23:28:57,209 - [INFO] - start training ...
6.425596769544532
2024-07-29 23:28:57,239 - [INFO] - current w_0 is 9.17942388767301
2024-07-29 23:29:24,210 - [INFO] - E:0|TAU:9.179 9.179, train_time: 25.12, VALID_time: 1.848, loss: 1.747e+03, emb_loss:4.083e-07, best_valid(recall@20): -inf
valid 	 N@10: 0.1175, R@10: 0.1125, P@10: 0.06605
valid 	 N@20: 0.1326, R@20: 0.162, P@20: 0.04799
valid 	 N@50: 0.1625, R@50: 0.2556, P@50: 0.03089

6.425596769544532
2024-07-29 23:29:24,248 - [INFO] - current w_0 is 9.17942388767301
2024-07-29 23:29:50,646 - [INFO] - E:1|TAU:6.191 24.95, train_time: 24.84, VALID_time: 1.553, loss: 1.663e+03, emb_loss:7.72e-07, best_valid(recall@20): 0.162
valid 	 N@10: 0.1204, R@10: 0.1105, P@10: 0.06872
valid 	 N@20: 0.133, R@20: 0.1566, P@20: 0.04927
valid 	 N@50: 0.1593, R@50: 0.2404, P@50: 0.03097

6.425596769544532
2024-07-29 23:29:50,667 - [INFO] - current w_0 is 9.17942388767301
2024-07-29 23:30:16,636 - [INFO] - E:2|TAU:6.425 22.49, train_time: 24.59, VALID_time: 1.379, loss: 1.499e+03, emb_loss:1.121e-06, best_valid(recall@20): 0.162
valid 	 N@10: 0.1303, R@10: 0.1204, P@10: 0.07373
valid 	 N@20: 0.1452, R@20: 0.1726, P@20: 0.0534
valid 	 N@50: 0.1751, R@50: 0.2678, P@50: 0.03373

6.425596769544532
2024-07-29 23:30:16,680 - [INFO] - current w_0 is 9.17942388767301
2024-07-29 23:30:43,329 - [INFO] - E:3|TAU:6.417 24.79, train_time: 25.12, VALID_time: 1.528, loss: 1.48e+03, emb_loss:1.427e-06, best_valid(recall@20): 0.1726
valid 	 N@10: 0.133, R@10: 0.1237, P@10: 0.07584
valid 	 N@20: 0.1486, R@20: 0.178, P@20: 0.05507
valid 	 N@50: 0.1793, R@50: 0.2761, P@50: 0.03474

6.425596769544532
2024-07-29 23:30:43,375 - [INFO] - current w_0 is 9.17942388767301
2024-07-29 23:31:09,427 - [INFO] - E:4|TAU:6.413 20.94, train_time: 24.53, VALID_time: 1.522, loss: 1.455e+03, emb_loss:1.737e-06, best_valid(recall@20): 0.178
valid 	 N@10: 0.1364, R@10: 0.127, P@10: 0.07739
valid 	 N@20: 0.1524, R@20: 0.1826, P@20: 0.05614
valid 	 N@50: 0.1836, R@50: 0.2819, P@50: 0.03534

6.425596769544532
2024-07-29 23:31:09,471 - [INFO] - current w_0 is 9.17942388767301
2024-07-29 23:31:35,640 - [INFO] - E:5|TAU:6.427 19.6, train_time: 24.46, VALID_time: 1.709, loss: 1.444e+03, emb_loss:2.051e-06, best_valid(recall@20): 0.1826
valid 	 N@10: 0.1373, R@10: 0.1279, P@10: 0.07801
valid 	 N@20: 0.1533, R@20: 0.1836, P@20: 0.0565
valid 	 N@50: 0.1848, R@50: 0.284, P@50: 0.03563

6.425596769544532
2024-07-29 23:31:35,684 - [INFO] - current w_0 is 9.17942388767301
2024-07-29 23:32:02,766 - [INFO] - E:6|TAU:6.425 18.36, train_time: 25.2, VALID_time: 1.878, loss: 1.433e+03, emb_loss:2.382e-06, best_valid(recall@20): 0.1836
valid 	 N@10: 0.1383, R@10: 0.128, P@10: 0.07814
valid 	 N@20: 0.1545, R@20: 0.1845, P@20: 0.05675
valid 	 N@50: 0.1861, R@50: 0.2851, P@50: 0.03572

6.425596769544532
2024-07-29 23:32:02,806 - [INFO] - current w_0 is 9.17942388767301
2024-07-29 23:32:28,961 - [INFO] - E:7|TAU:6.436 18.44, train_time: 24.57, VALID_time: 1.586, loss: 1.427e+03, emb_loss:2.72e-06, best_valid(recall@20): 0.1845
valid 	 N@10: 0.1391, R@10: 0.129, P@10: 0.07866
valid 	 N@20: 0.1553, R@20: 0.1856, P@20: 0.05702
valid 	 N@50: 0.187, R@50: 0.2869, P@50: 0.03594

6.425596769544532
2024-07-29 23:32:29,002 - [INFO] - current w_0 is 9.17942388767301
2024-07-29 23:32:55,207 - [INFO] - E:8|TAU:6.425 18.18, train_time: 24.66, VALID_time: 1.544, loss: 1.421e+03, emb_loss:3.072e-06, best_valid(recall@20): 0.1856
valid 	 N@10: 0.1398, R@10: 0.1298, P@10: 0.07915
valid 	 N@20: 0.1559, R@20: 0.1863, P@20: 0.05732
valid 	 N@50: 0.1877, R@50: 0.2879, P@50: 0.03609

6.425596769544532
2024-07-29 23:32:55,253 - [INFO] - current w_0 is 9.17942388767301
2024-07-29 23:33:22,119 - [INFO] - E:9|TAU:6.427 17.84, train_time: 25.16, VALID_time: 1.698, loss: 1.416e+03, emb_loss:3.438e-06, best_valid(recall@20): 0.1863
valid 	 N@10: 0.1398, R@10: 0.1301, P@10: 0.07924
valid 	 N@20: 0.1561, R@20: 0.1868, P@20: 0.05744
valid 	 N@50: 0.1879, R@50: 0.2884, P@50: 0.03616

6.425596769544532
2024-07-29 23:33:22,180 - [INFO] - current w_0 is 9.17942388767301
2024-07-29 23:33:48,544 - [INFO] - E:10|TAU:6.416 17.79, train_time: 24.5, VALID_time: 1.863, loss: 1.411e+03, emb_loss:3.815e-06, best_valid(recall@20): 0.1868
valid 	 N@10: 0.1402, R@10: 0.1304, P@10: 0.07939
valid 	 N@20: 0.1564, R@20: 0.187, P@20: 0.05755
valid 	 N@50: 0.1883, R@50: 0.2887, P@50: 0.03621

6.425596769544532
2024-07-29 23:33:48,594 - [INFO] - current w_0 is 9.17942388767301
2024-07-29 23:34:15,021 - [INFO] - E:11|TAU:6.421 17.3, train_time: 24.8, VALID_time: 1.624, loss: 1.407e+03, emb_loss:4.204e-06, best_valid(recall@20): 0.187
valid 	 N@10: 0.1404, R@10: 0.1307, P@10: 0.07956
valid 	 N@20: 0.1566, R@20: 0.1872, P@20: 0.05762
valid 	 N@50: 0.1886, R@50: 0.2895, P@50: 0.03633

6.425596769544532
2024-07-29 23:34:15,068 - [INFO] - current w_0 is 9.17942388767301
2024-07-29 23:34:41,840 - [INFO] - E:12|TAU:6.422 17.65, train_time: 25.22, VALID_time: 1.55, loss: 1.404e+03, emb_loss:4.603e-06, best_valid(recall@20): 0.1872
valid 	 N@10: 0.1404, R@10: 0.1306, P@10: 0.07969
valid 	 N@20: 0.1566, R@20: 0.1875, P@20: 0.05765
valid 	 N@50: 0.1886, R@50: 0.2895, P@50: 0.03631

6.425596769544532
2024-07-29 23:34:41,904 - [INFO] - current w_0 is 9.17942388767301
2024-07-29 23:35:07,858 - [INFO] - E:13|TAU:6.413 18.03, train_time: 24.54, VALID_time: 1.409, loss: 1.4e+03, emb_loss:5.014e-06, best_valid(recall@20): 0.1875
valid 	 N@10: 0.1404, R@10: 0.1311, P@10: 0.07979
valid 	 N@20: 0.1567, R@20: 0.188, P@20: 0.05784
valid 	 N@50: 0.1886, R@50: 0.2896, P@50: 0.03635

6.425596769544532
2024-07-29 23:35:07,898 - [INFO] - current w_0 is 9.17942388767301
2024-07-29 23:35:34,215 - [INFO] - E:14|TAU:6.422 17.45, train_time: 24.54, VALID_time: 1.771, loss: 1.397e+03, emb_loss:5.436e-06, best_valid(recall@20): 0.188
valid 	 N@10: 0.1409, R@10: 0.1313, P@10: 0.07977
valid 	 N@20: 0.1572, R@20: 0.1881, P@20: 0.05786
valid 	 N@50: 0.1891, R@50: 0.2897, P@50: 0.03639

6.425596769544532
2024-07-29 23:35:34,257 - [INFO] - current w_0 is 9.17942388767301
2024-07-29 23:36:01,037 - [INFO] - E:15|TAU:6.409 17.23, train_time: 25.23, VALID_time: 1.55, loss: 1.394e+03, emb_loss:5.865e-06, best_valid(recall@20): 0.1881
valid 	 N@10: 0.141, R@10: 0.1318, P@10: 0.08018
valid 	 N@20: 0.1572, R@20: 0.1884, P@20: 0.05796
valid 	 N@50: 0.1892, R@50: 0.2904, P@50: 0.03647

6.425596769544532
2024-07-29 23:36:01,081 - [INFO] - current w_0 is 9.17942388767301
2024-07-29 23:36:27,426 - [INFO] - E:16|TAU:6.42 17.46, train_time: 24.76, VALID_time: 1.581, loss: 1.391e+03, emb_loss:6.302e-06, best_valid(recall@20): 0.1884
valid 	 N@10: 0.1415, R@10: 0.1318, P@10: 0.08013
valid 	 N@20: 0.1578, R@20: 0.1887, P@20: 0.05805
valid 	 N@50: 0.1896, R@50: 0.2903, P@50: 0.03645

6.425596769544532
2024-07-29 23:36:27,470 - [INFO] - current w_0 is 9.17942388767301
2024-07-29 23:36:59,298 - [INFO] - E:17|TAU:6.408 17.46, train_time: 30.12, VALID_time: 1.707, loss: 1.388e+03, emb_loss:6.749e-06, best_valid(recall@20): 0.1887
valid 	 N@10: 0.1417, R@10: 0.1322, P@10: 0.08029
valid 	 N@20: 0.158, R@20: 0.189, P@20: 0.05813
valid 	 N@50: 0.1897, R@50: 0.2904, P@50: 0.03645

6.425596769544532
2024-07-29 23:36:59,354 - [INFO] - current w_0 is 9.17942388767301
2024-07-29 23:37:47,258 - [INFO] - E:18|TAU:6.399 16.74, train_time: 46.16, VALID_time: 1.743, loss: 1.385e+03, emb_loss:7.203e-06, best_valid(recall@20): 0.189
valid 	 N@10: 0.1418, R@10: 0.1322, P@10: 0.08048
valid 	 N@20: 0.1578, R@20: 0.1887, P@20: 0.05806
valid 	 N@50: 0.1898, R@50: 0.2906, P@50: 0.0365

6.425596769544532
2024-07-29 23:37:47,278 - [INFO] - current w_0 is 9.17942388767301
2024-07-29 23:38:35,126 - [INFO] - E:19|TAU:6.41 16.82, train_time: 46.19, VALID_time: 1.653, loss: 1.383e+03, emb_loss:7.662e-06, best_valid(recall@20): 0.189
valid 	 N@10: 0.142, R@10: 0.1324, P@10: 0.08041
valid 	 N@20: 0.1582, R@20: 0.1891, P@20: 0.0582
valid 	 N@50: 0.1902, R@50: 0.2912, P@50: 0.03654

6.425596769544532
2024-07-29 23:38:35,168 - [INFO] - current w_0 is 9.17942388767301
2024-07-29 23:39:23,393 - [INFO] - E:20|TAU:6.418 16.66, train_time: 46.2, VALID_time: 2.014, loss: 1.381e+03, emb_loss:8.128e-06, best_valid(recall@20): 0.1891
valid 	 N@10: 0.142, R@10: 0.1326, P@10: 0.08045
valid 	 N@20: 0.1581, R@20: 0.1889, P@20: 0.05818
valid 	 N@50: 0.1903, R@50: 0.2916, P@50: 0.03661

6.425596769544532
2024-07-29 23:39:23,418 - [INFO] - current w_0 is 9.17942388767301
2024-07-29 23:40:13,227 - [INFO] - E:21|TAU:6.401 16.65, train_time: 45.83, VALID_time: 3.971, loss: 1.378e+03, emb_loss:8.597e-06, best_valid(recall@20): 0.1891
valid 	 N@10: 0.1422, R@10: 0.1326, P@10: 0.0806
valid 	 N@20: 0.1583, R@20: 0.1891, P@20: 0.05823
valid 	 N@50: 0.1904, R@50: 0.2915, P@50: 0.03662

6.425596769544532
2024-07-29 23:40:13,300 - [INFO] - current w_0 is 9.17942388767301
2024-07-29 23:41:01,105 - [INFO] - E:22|TAU:6.389 16.65, train_time: 46.2, VALID_time: 1.597, loss: 1.376e+03, emb_loss:9.074e-06, best_valid(recall@20): 0.1891
valid 	 N@10: 0.1424, R@10: 0.1326, P@10: 0.08078
valid 	 N@20: 0.1585, R@20: 0.1893, P@20: 0.0583
valid 	 N@50: 0.1906, R@50: 0.2916, P@50: 0.03666

6.425596769544532
2024-07-29 23:41:01,151 - [INFO] - current w_0 is 9.17942388767301
2024-07-29 23:41:48,973 - [INFO] - E:23|TAU:6.403 16.75, train_time: 46.04, VALID_time: 1.775, loss: 1.374e+03, emb_loss:9.555e-06, best_valid(recall@20): 0.1893
valid 	 N@10: 0.1421, R@10: 0.1322, P@10: 0.08048
valid 	 N@20: 0.1583, R@20: 0.1889, P@20: 0.05817
valid 	 N@50: 0.1905, R@50: 0.2915, P@50: 0.03665

6.425596769544532
2024-07-29 23:41:48,992 - [INFO] - current w_0 is 9.17942388767301
2024-07-29 23:42:37,024 - [INFO] - E:24|TAU:6.395 17.1, train_time: 46.22, VALID_time: 1.807, loss: 1.372e+03, emb_loss:1.004e-05, best_valid(recall@20): 0.1893
valid 	 N@10: 0.1422, R@10: 0.1324, P@10: 0.08058
valid 	 N@20: 0.1584, R@20: 0.1888, P@20: 0.05821
valid 	 N@50: 0.1905, R@50: 0.2915, P@50: 0.03662

6.425596769544532
2024-07-29 23:42:37,051 - [INFO] - current w_0 is 9.17942388767301
2024-07-29 23:43:25,686 - [INFO] - E:25|TAU:6.403 16.54, train_time: 46.37, VALID_time: 2.259, loss: 1.369e+03, emb_loss:1.053e-05, best_valid(recall@20): 0.1893
valid 	 N@10: 0.1424, R@10: 0.1324, P@10: 0.08058
valid 	 N@20: 0.1587, R@20: 0.1892, P@20: 0.05835
valid 	 N@50: 0.1908, R@50: 0.2917, P@50: 0.03665

6.425596769544532
2024-07-29 23:43:25,708 - [INFO] - current w_0 is 9.17942388767301
2024-07-29 23:44:13,757 - [INFO] - E:26|TAU:6.382 16.75, train_time: 45.73, VALID_time: 2.313, loss: 1.367e+03, emb_loss:1.102e-05, best_valid(recall@20): 0.1893
valid 	 N@10: 0.1424, R@10: 0.1324, P@10: 0.08043
valid 	 N@20: 0.1587, R@20: 0.1891, P@20: 0.05831
valid 	 N@50: 0.1909, R@50: 0.2916, P@50: 0.03666

6.425596769544532
2024-07-29 23:44:13,784 - [INFO] - current w_0 is 9.17942388767301
2024-07-29 23:45:01,643 - [INFO] - E:27|TAU:6.383 16.36, train_time: 46.16, VALID_time: 1.699, loss: 1.366e+03, emb_loss:1.152e-05, best_valid(recall@20): 0.1893
valid 	 N@10: 0.1424, R@10: 0.1329, P@10: 0.08065
valid 	 N@20: 0.1587, R@20: 0.1896, P@20: 0.0584
valid 	 N@50: 0.1906, R@50: 0.2915, P@50: 0.03663

6.425596769544532
2024-07-29 23:45:01,696 - [INFO] - current w_0 is 9.17942388767301
2024-07-29 23:45:50,027 - [INFO] - E:28|TAU:6.391 16.54, train_time: 46.17, VALID_time: 2.15, loss: 1.364e+03, emb_loss:1.202e-05, best_valid(recall@20): 0.1896
valid 	 N@10: 0.1426, R@10: 0.1328, P@10: 0.08076
valid 	 N@20: 0.159, R@20: 0.1898, P@20: 0.05849
valid 	 N@50: 0.1911, R@50: 0.2924, P@50: 0.03673

6.425596769544532
2024-07-29 23:45:50,069 - [INFO] - current w_0 is 9.17942388767301
2024-07-29 23:46:39,653 - [INFO] - E:29|TAU:6.379 16.36, train_time: 46.24, VALID_time: 3.34, loss: 1.362e+03, emb_loss:1.252e-05, best_valid(recall@20): 0.1898
valid 	 N@10: 0.1425, R@10: 0.1327, P@10: 0.08085
valid 	 N@20: 0.1585, R@20: 0.1891, P@20: 0.05829
valid 	 N@50: 0.1909, R@50: 0.2922, P@50: 0.03672

6.425596769544532
2024-07-29 23:46:39,716 - [INFO] - current w_0 is 9.17942388767301
2024-07-29 23:47:27,044 - [INFO] - E:30|TAU:6.371 15.94, train_time: 45.79, VALID_time: 1.536, loss: 1.36e+03, emb_loss:1.303e-05, best_valid(recall@20): 0.1898
valid 	 N@10: 0.1426, R@10: 0.1329, P@10: 0.08084
valid 	 N@20: 0.1586, R@20: 0.1892, P@20: 0.05835
valid 	 N@50: 0.1909, R@50: 0.2925, P@50: 0.03671

6.425596769544532
2024-07-29 23:47:27,064 - [INFO] - current w_0 is 9.17942388767301
2024-07-29 23:48:14,938 - [INFO] - E:31|TAU:6.388 16.35, train_time: 46.31, VALID_time: 1.56, loss: 1.358e+03, emb_loss:1.354e-05, best_valid(recall@20): 0.1898
valid 	 N@10: 0.1427, R@10: 0.1331, P@10: 0.08085
valid 	 N@20: 0.1588, R@20: 0.1895, P@20: 0.05841
valid 	 N@50: 0.1911, R@50: 0.2927, P@50: 0.03673

6.425596769544532
2024-07-29 23:48:14,958 - [INFO] - current w_0 is 9.17942388767301
2024-07-29 23:49:02,824 - [INFO] - E:32|TAU:6.367 16.12, train_time: 46.27, VALID_time: 1.596, loss: 1.356e+03, emb_loss:1.404e-05, best_valid(recall@20): 0.1898
valid 	 N@10: 0.1428, R@10: 0.1332, P@10: 0.08093
valid 	 N@20: 0.159, R@20: 0.19, P@20: 0.05853
valid 	 N@50: 0.1911, R@50: 0.2924, P@50: 0.03674

6.425596769544532
2024-07-29 23:49:02,869 - [INFO] - current w_0 is 9.17942388767301
2024-07-29 23:49:51,170 - [INFO] - E:33|TAU:6.362 16.38, train_time: 46.3, VALID_time: 1.994, loss: 1.355e+03, emb_loss:1.456e-05, best_valid(recall@20): 0.19
valid 	 N@10: 0.1427, R@10: 0.1328, P@10: 0.08087
valid 	 N@20: 0.159, R@20: 0.1899, P@20: 0.05849
valid 	 N@50: 0.1913, R@50: 0.2929, P@50: 0.03676

6.425596769544532
2024-07-29 23:49:51,195 - [INFO] - current w_0 is 9.17942388767301
2024-07-29 23:50:38,054 - [INFO] - E:34|TAU:6.366 16.62, train_time: 45.32, VALID_time: 1.534, loss: 1.353e+03, emb_loss:1.508e-05, best_valid(recall@20): 0.19
valid 	 N@10: 0.1429, R@10: 0.1331, P@10: 0.08086
valid 	 N@20: 0.1591, R@20: 0.1899, P@20: 0.05844
valid 	 N@50: 0.1914, R@50: 0.2927, P@50: 0.03677

6.425596769544532
2024-07-29 23:50:38,073 - [INFO] - current w_0 is 9.17942388767301
2024-07-29 23:51:26,146 - [INFO] - E:35|TAU:6.356 16.07, train_time: 46.36, VALID_time: 1.705, loss: 1.352e+03, emb_loss:1.559e-05, best_valid(recall@20): 0.19
valid 	 N@10: 0.1428, R@10: 0.1329, P@10: 0.08086
valid 	 N@20: 0.159, R@20: 0.1896, P@20: 0.05841
valid 	 N@50: 0.1912, R@50: 0.2924, P@50: 0.03676

6.425596769544532
2024-07-29 23:51:26,166 - [INFO] - current w_0 is 9.17942388767301
2024-07-29 23:52:14,851 - [INFO] - E:36|TAU:6.368 16.17, train_time: 46.82, VALID_time: 1.861, loss: 1.35e+03, emb_loss:1.611e-05, best_valid(recall@20): 0.19
valid 	 N@10: 0.1429, R@10: 0.133, P@10: 0.08089
valid 	 N@20: 0.1591, R@20: 0.1898, P@20: 0.05849
valid 	 N@50: 0.1913, R@50: 0.2925, P@50: 0.03676

6.425596769544532
2024-07-29 23:52:14,872 - [INFO] - current w_0 is 9.17942388767301
2024-07-29 23:53:12,867 - [INFO] - E:37|TAU:6.36 16.4, train_time: 55.96, VALID_time: 2.026, loss: 1.348e+03, emb_loss:1.664e-05, best_valid(recall@20): 0.19
valid 	 N@10: 0.143, R@10: 0.133, P@10: 0.08088
valid 	 N@20: 0.1594, R@20: 0.19, P@20: 0.05857
valid 	 N@50: 0.1915, R@50: 0.2926, P@50: 0.03678

6.425596769544532
2024-07-29 23:53:12,915 - [INFO] - current w_0 is 9.17942388767301
2024-07-29 23:54:20,601 - [INFO] - E:38|TAU:6.356 16.02, train_time: 65.54, VALID_time: 2.141, loss: 1.347e+03, emb_loss:1.716e-05, best_valid(recall@20): 0.19
valid 	 N@10: 0.1433, R@10: 0.1334, P@10: 0.08106
valid 	 N@20: 0.1595, R@20: 0.19, P@20: 0.05856
valid 	 N@50: 0.1915, R@50: 0.2922, P@50: 0.03675

6.425596769544532
2024-07-29 23:54:20,628 - [INFO] - current w_0 is 9.17942388767301
2024-07-29 23:55:22,934 - [INFO] - E:39|TAU:6.35 15.55, train_time: 59.93, VALID_time: 2.37, loss: 1.345e+03, emb_loss:1.768e-05, best_valid(recall@20): 0.19
valid 	 N@10: 0.1431, R@10: 0.1332, P@10: 0.08097
valid 	 N@20: 0.1595, R@20: 0.1903, P@20: 0.05861
valid 	 N@50: 0.1914, R@50: 0.2923, P@50: 0.03674

6.425596769544532
2024-07-29 23:55:22,989 - [INFO] - current w_0 is 9.17942388767301
2024-07-29 23:56:29,422 - [INFO] - E:40|TAU:6.344 15.68, train_time: 64.45, VALID_time: 1.977, loss: 1.344e+03, emb_loss:1.821e-05, best_valid(recall@20): 0.1903
valid 	 N@10: 0.1432, R@10: 0.133, P@10: 0.0809
valid 	 N@20: 0.1594, R@20: 0.1898, P@20: 0.05856
valid 	 N@50: 0.1915, R@50: 0.2924, P@50: 0.03675

6.425596769544532
2024-07-29 23:56:29,440 - [INFO] - current w_0 is 9.17942388767301
2024-07-29 23:57:52,798 - [INFO] - E:41|TAU:6.344 16.13, train_time: 81.48, VALID_time: 1.869, loss: 1.342e+03, emb_loss:1.874e-05, best_valid(recall@20): 0.1903
valid 	 N@10: 0.1432, R@10: 0.1331, P@10: 0.08093
valid 	 N@20: 0.1595, R@20: 0.1899, P@20: 0.05848
valid 	 N@50: 0.1917, R@50: 0.2928, P@50: 0.03677

6.425596769544532
2024-07-29 23:57:52,825 - [INFO] - current w_0 is 9.17942388767301
2024-07-29 23:59:16,044 - [INFO] - E:42|TAU:6.354 15.93, train_time: 81.3, VALID_time: 1.911, loss: 1.341e+03, emb_loss:1.927e-05, best_valid(recall@20): 0.1903
valid 	 N@10: 0.1433, R@10: 0.1332, P@10: 0.081
valid 	 N@20: 0.1595, R@20: 0.1901, P@20: 0.05852
valid 	 N@50: 0.1918, R@50: 0.2929, P@50: 0.03681

6.425596769544532
2024-07-29 23:59:16,066 - [INFO] - current w_0 is 9.17942388767301
2024-07-30 00:00:40,373 - [INFO] - E:43|TAU:6.34 15.51, train_time: 81.89, VALID_time: 2.402, loss: 1.34e+03, emb_loss:1.98e-05, best_valid(recall@20): 0.1903
valid 	 N@10: 0.1432, R@10: 0.1331, P@10: 0.08093
valid 	 N@20: 0.1596, R@20: 0.1905, P@20: 0.0586
valid 	 N@50: 0.1918, R@50: 0.2932, P@50: 0.03682

6.425596769544532
2024-07-30 00:00:40,416 - [INFO] - current w_0 is 9.17942388767301
2024-07-30 00:02:06,914 - [INFO] - E:44|TAU:6.337 15.84, train_time: 81.46, VALID_time: 5.002, loss: 1.338e+03, emb_loss:2.034e-05, best_valid(recall@20): 0.1905
valid 	 N@10: 0.143, R@10: 0.1328, P@10: 0.08082
valid 	 N@20: 0.1594, R@20: 0.19, P@20: 0.05849
valid 	 N@50: 0.1917, R@50: 0.2932, P@50: 0.03682

6.425596769544532
2024-07-30 00:02:06,936 - [INFO] - current w_0 is 9.17942388767301
2024-07-30 00:03:30,156 - [INFO] - E:45|TAU:6.326 15.75, train_time: 80.86, VALID_time: 2.35, loss: 1.337e+03, emb_loss:2.087e-05, best_valid(recall@20): 0.1905
valid 	 N@10: 0.1429, R@10: 0.133, P@10: 0.08087
valid 	 N@20: 0.1593, R@20: 0.1903, P@20: 0.05857
valid 	 N@50: 0.1916, R@50: 0.2933, P@50: 0.03681

6.425596769544532
2024-07-30 00:03:30,177 - [INFO] - current w_0 is 9.17942388767301
2024-07-30 00:04:53,650 - [INFO] - E:46|TAU:6.331 15.92, train_time: 81.45, VALID_time: 2.014, loss: 1.336e+03, emb_loss:2.141e-05, best_valid(recall@20): 0.1905
valid 	 N@10: 0.1433, R@10: 0.1333, P@10: 0.08103
valid 	 N@20: 0.1596, R@20: 0.1903, P@20: 0.05858
valid 	 N@50: 0.1918, R@50: 0.2931, P@50: 0.03681

6.425596769544532
2024-07-30 00:04:53,677 - [INFO] - current w_0 is 9.17942388767301
2024-07-30 00:06:16,452 - [INFO] - E:47|TAU:6.331 15.58, train_time: 80.68, VALID_time: 2.084, loss: 1.334e+03, emb_loss:2.195e-05, best_valid(recall@20): 0.1905
valid 	 N@10: 0.1433, R@10: 0.1333, P@10: 0.08107
valid 	 N@20: 0.1597, R@20: 0.1906, P@20: 0.05864
valid 	 N@50: 0.1917, R@50: 0.2927, P@50: 0.03678

6.425596769544532
2024-07-30 00:06:16,492 - [INFO] - current w_0 is 9.17942388767301
2024-07-30 00:07:39,934 - [INFO] - E:48|TAU:6.338 15.53, train_time: 81.31, VALID_time: 2.122, loss: 1.333e+03, emb_loss:2.249e-05, best_valid(recall@20): 0.1906
valid 	 N@10: 0.1432, R@10: 0.1332, P@10: 0.08095
valid 	 N@20: 0.1595, R@20: 0.1903, P@20: 0.05859
valid 	 N@50: 0.1916, R@50: 0.2927, P@50: 0.03677

6.425596769544532
2024-07-30 00:07:39,961 - [INFO] - current w_0 is 9.17942388767301
2024-07-30 00:09:02,793 - [INFO] - E:49|TAU:6.32 15.45, train_time: 80.72, VALID_time: 2.107, loss: 1.331e+03, emb_loss:2.303e-05, best_valid(recall@20): 0.1906
valid 	 N@10: 0.1431, R@10: 0.1331, P@10: 0.08093
valid 	 N@20: 0.1594, R@20: 0.1901, P@20: 0.05848
valid 	 N@50: 0.1916, R@50: 0.2929, P@50: 0.03678

6.425596769544532
2024-07-30 00:09:02,818 - [INFO] - current w_0 is 9.17942388767301
2024-07-30 00:10:27,334 - [INFO] - E:50|TAU:6.317 15.9, train_time: 81.25, VALID_time: 3.253, loss: 1.33e+03, emb_loss:2.357e-05, best_valid(recall@20): 0.1906
valid 	 N@10: 0.1431, R@10: 0.1331, P@10: 0.08104
valid 	 N@20: 0.1594, R@20: 0.1902, P@20: 0.05852
valid 	 N@50: 0.1917, R@50: 0.2933, P@50: 0.03686

6.425596769544532
2024-07-30 00:10:27,363 - [INFO] - current w_0 is 9.17942388767301
2024-07-30 00:11:50,995 - [INFO] - E:51|TAU:6.304 15.44, train_time: 81.47, VALID_time: 2.154, loss: 1.329e+03, emb_loss:2.412e-05, best_valid(recall@20): 0.1906
valid 	 N@10: 0.1431, R@10: 0.1332, P@10: 0.08097
valid 	 N@20: 0.1593, R@20: 0.1901, P@20: 0.05849
valid 	 N@50: 0.1917, R@50: 0.2932, P@50: 0.03685

6.425596769544532
2024-07-30 00:11:51,014 - [INFO] - current w_0 is 9.17942388767301
2024-07-30 00:13:14,563 - [INFO] - E:52|TAU:6.301 15.6, train_time: 81.58, VALID_time: 1.966, loss: 1.328e+03, emb_loss:2.466e-05, best_valid(recall@20): 0.1906
valid 	 N@10: 0.1431, R@10: 0.133, P@10: 0.08099
valid 	 N@20: 0.1594, R@20: 0.1902, P@20: 0.05851
valid 	 N@50: 0.1918, R@50: 0.2935, P@50: 0.03684

6.425596769544532
2024-07-30 00:13:14,590 - [INFO] - current w_0 is 9.17942388767301
2024-07-30 00:14:37,296 - [INFO] - E:53|TAU:6.31 15.71, train_time: 80.6, VALID_time: 2.092, loss: 1.327e+03, emb_loss:2.521e-05, best_valid(recall@20): 0.1906
valid 	 N@10: 0.1431, R@10: 0.1333, P@10: 0.08104
valid 	 N@20: 0.1594, R@20: 0.1902, P@20: 0.05858
valid 	 N@50: 0.1917, R@50: 0.2936, P@50: 0.03686

6.425596769544532
2024-07-30 00:14:37,316 - [INFO] - current w_0 is 9.17942388767301
2024-07-30 00:16:02,365 - [INFO] - E:54|TAU:6.3 15.28, train_time: 81.68, VALID_time: 3.366, loss: 1.325e+03, emb_loss:2.576e-05, best_valid(recall@20): 0.1906
valid 	 N@10: 0.1431, R@10: 0.133, P@10: 0.08102
valid 	 N@20: 0.1596, R@20: 0.1907, P@20: 0.05866
valid 	 N@50: 0.1917, R@50: 0.2934, P@50: 0.03686

6.425596769544532
2024-07-30 00:16:02,419 - [INFO] - current w_0 is 9.17942388767301
2024-07-30 00:17:25,334 - [INFO] - E:55|TAU:6.291 15.74, train_time: 81.02, VALID_time: 1.889, loss: 1.324e+03, emb_loss:2.63e-05, best_valid(recall@20): 0.1907
valid 	 N@10: 0.1431, R@10: 0.1332, P@10: 0.08096
valid 	 N@20: 0.1595, R@20: 0.1905, P@20: 0.0586
valid 	 N@50: 0.1918, R@50: 0.2934, P@50: 0.03685

6.425596769544532
2024-07-30 00:17:25,360 - [INFO] - current w_0 is 9.17942388767301
2024-07-30 00:18:49,094 - [INFO] - E:56|TAU:6.291 15.84, train_time: 81.31, VALID_time: 2.421, loss: 1.323e+03, emb_loss:2.686e-05, best_valid(recall@20): 0.1907
valid 	 N@10: 0.1434, R@10: 0.1334, P@10: 0.08109
valid 	 N@20: 0.1597, R@20: 0.1905, P@20: 0.05862
valid 	 N@50: 0.192, R@50: 0.2936, P@50: 0.03687

6.425596769544532
2024-07-30 00:18:49,113 - [INFO] - current w_0 is 9.17942388767301
2024-07-30 00:20:12,730 - [INFO] - E:57|TAU:6.302 15.4, train_time: 81.47, VALID_time: 2.141, loss: 1.322e+03, emb_loss:2.741e-05, best_valid(recall@20): 0.1907
valid 	 N@10: 0.1432, R@10: 0.1329, P@10: 0.081
valid 	 N@20: 0.1596, R@20: 0.1905, P@20: 0.0586
valid 	 N@50: 0.1919, R@50: 0.2935, P@50: 0.03686

6.425596769544532
2024-07-30 00:20:12,749 - [INFO] - current w_0 is 9.17942388767301
2024-07-30 00:21:36,580 - [INFO] - E:58|TAU:6.294 15.0, train_time: 81.74, VALID_time: 2.081, loss: 1.32e+03, emb_loss:2.796e-05, best_valid(recall@20): 0.1907
valid 	 N@10: 0.1432, R@10: 0.1332, P@10: 0.081
valid 	 N@20: 0.1597, R@20: 0.1908, P@20: 0.05865
valid 	 N@50: 0.1919, R@50: 0.2933, P@50: 0.03686

6.425596769544532
2024-07-30 00:21:36,629 - [INFO] - current w_0 is 9.17942388767301
2024-07-30 00:22:59,407 - [INFO] - E:59|TAU:6.294 15.39, train_time: 80.87, VALID_time: 1.899, loss: 1.319e+03, emb_loss:2.851e-05, best_valid(recall@20): 0.1908
valid 	 N@10: 0.1433, R@10: 0.1332, P@10: 0.08104
valid 	 N@20: 0.1598, R@20: 0.1908, P@20: 0.05868
valid 	 N@50: 0.1919, R@50: 0.2932, P@50: 0.03684

6.425596769544532
2024-07-30 00:22:59,449 - [INFO] - current w_0 is 9.17942388767301
2024-07-30 00:24:23,432 - [INFO] - E:60|TAU:6.287 14.97, train_time: 81.95, VALID_time: 2.022, loss: 1.318e+03, emb_loss:2.907e-05, best_valid(recall@20): 0.1908
valid 	 N@10: 0.1432, R@10: 0.133, P@10: 0.08098
valid 	 N@20: 0.1597, R@20: 0.1906, P@20: 0.05865
valid 	 N@50: 0.1919, R@50: 0.2936, P@50: 0.03687

6.425596769544532
2024-07-30 00:24:23,464 - [INFO] - current w_0 is 9.17942388767301
2024-07-30 00:25:46,643 - [INFO] - E:61|TAU:6.289 15.9, train_time: 81.02, VALID_time: 2.143, loss: 1.317e+03, emb_loss:2.962e-05, best_valid(recall@20): 0.1908
valid 	 N@10: 0.1431, R@10: 0.1329, P@10: 0.08088
valid 	 N@20: 0.1595, R@20: 0.1906, P@20: 0.05859
valid 	 N@50: 0.1918, R@50: 0.2933, P@50: 0.03684

6.425596769544532
2024-07-30 00:25:46,663 - [INFO] - current w_0 is 9.17942388767301
2024-07-30 00:27:09,845 - [INFO] - E:62|TAU:6.281 15.57, train_time: 81.3, VALID_time: 1.872, loss: 1.316e+03, emb_loss:3.018e-05, best_valid(recall@20): 0.1908
valid 	 N@10: 0.1431, R@10: 0.1329, P@10: 0.08091
valid 	 N@20: 0.1597, R@20: 0.1907, P@20: 0.05866
valid 	 N@50: 0.192, R@50: 0.2939, P@50: 0.03692

6.425596769544532
2024-07-30 00:27:09,868 - [INFO] - current w_0 is 9.17942388767301
2024-07-30 00:28:33,879 - [INFO] - E:63|TAU:6.278 15.31, train_time: 81.5, VALID_time: 2.51, loss: 1.315e+03, emb_loss:3.074e-05, best_valid(recall@20): 0.1908
valid 	 N@10: 0.1433, R@10: 0.1329, P@10: 0.0809
valid 	 N@20: 0.1597, R@20: 0.1904, P@20: 0.05856
valid 	 N@50: 0.1922, R@50: 0.2939, P@50: 0.03689

6.425596769544532
2024-07-30 00:28:33,900 - [INFO] - current w_0 is 9.17942388767301
2024-07-30 00:29:59,405 - [INFO] - E:64|TAU:6.265 15.05, train_time: 81.67, VALID_time: 3.821, loss: 1.313e+03, emb_loss:3.13e-05, best_valid(recall@20): 0.1908
valid 	 N@10: 0.1432, R@10: 0.1326, P@10: 0.08084
valid 	 N@20: 0.1599, R@20: 0.1908, P@20: 0.05866
valid 	 N@50: 0.1922, R@50: 0.2937, P@50: 0.03689

6.425596769544532
2024-07-30 00:29:59,432 - [INFO] - current w_0 is 9.17942388767301
2024-07-30 00:31:23,669 - [INFO] - E:65|TAU:6.268 15.57, train_time: 81.3, VALID_time: 2.934, loss: 1.312e+03, emb_loss:3.186e-05, best_valid(recall@20): 0.1908
valid 	 N@10: 0.1433, R@10: 0.1331, P@10: 0.08098
valid 	 N@20: 0.1598, R@20: 0.1908, P@20: 0.05863
valid 	 N@50: 0.1921, R@50: 0.2938, P@50: 0.03689

6.425596769544532
2024-07-30 00:31:23,724 - [INFO] - current w_0 is 9.17942388767301
2024-07-30 00:32:47,298 - [INFO] - E:66|TAU:6.271 15.2, train_time: 81.07, VALID_time: 2.497, loss: 1.311e+03, emb_loss:3.242e-05, best_valid(recall@20): 0.1908
valid 	 N@10: 0.1434, R@10: 0.1336, P@10: 0.08107
valid 	 N@20: 0.1598, R@20: 0.1908, P@20: 0.05868
valid 	 N@50: 0.1921, R@50: 0.2939, P@50: 0.03692

6.425596769544532
2024-07-30 00:32:47,328 - [INFO] - current w_0 is 9.17942388767301
2024-07-30 00:34:10,872 - [INFO] - E:67|TAU:6.268 15.06, train_time: 81.53, VALID_time: 2.01, loss: 1.31e+03, emb_loss:3.298e-05, best_valid(recall@20): 0.1908
valid 	 N@10: 0.1432, R@10: 0.1332, P@10: 0.08097
valid 	 N@20: 0.1598, R@20: 0.1909, P@20: 0.0587
valid 	 N@50: 0.192, R@50: 0.2938, P@50: 0.03691

6.425596769544532
2024-07-30 00:34:10,912 - [INFO] - current w_0 is 9.17942388767301
2024-07-30 00:35:33,657 - [INFO] - E:68|TAU:6.254 15.03, train_time: 80.66, VALID_time: 2.083, loss: 1.309e+03, emb_loss:3.354e-05, best_valid(recall@20): 0.1909
valid 	 N@10: 0.1432, R@10: 0.1331, P@10: 0.08093
valid 	 N@20: 0.1598, R@20: 0.191, P@20: 0.05871
valid 	 N@50: 0.192, R@50: 0.2936, P@50: 0.0369

6.425596769544532
2024-07-30 00:35:33,705 - [INFO] - current w_0 is 9.17942388767301
2024-07-30 00:36:57,481 - [INFO] - E:69|TAU:6.25 15.12, train_time: 81.75, VALID_time: 2.02, loss: 1.307e+03, emb_loss:3.411e-05, best_valid(recall@20): 0.191
valid 	 N@10: 0.1432, R@10: 0.1331, P@10: 0.08095
valid 	 N@20: 0.1598, R@20: 0.1909, P@20: 0.05875
valid 	 N@50: 0.192, R@50: 0.2936, P@50: 0.03692

6.425596769544532
2024-07-30 00:36:57,500 - [INFO] - current w_0 is 9.17942388767301
2024-07-30 00:38:20,678 - [INFO] - E:70|TAU:6.25 15.63, train_time: 81.38, VALID_time: 1.79, loss: 1.307e+03, emb_loss:3.468e-05, best_valid(recall@20): 0.191
valid 	 N@10: 0.1432, R@10: 0.133, P@10: 0.0809
valid 	 N@20: 0.1597, R@20: 0.1909, P@20: 0.05867
valid 	 N@50: 0.192, R@50: 0.2938, P@50: 0.03689

6.425596769544532
2024-07-30 00:38:20,714 - [INFO] - current w_0 is 9.17942388767301
2024-07-30 00:39:45,123 - [INFO] - E:71|TAU:6.248 15.16, train_time: 81.43, VALID_time: 2.976, loss: 1.305e+03, emb_loss:3.524e-05, best_valid(recall@20): 0.191
valid 	 N@10: 0.1432, R@10: 0.1332, P@10: 0.08095
valid 	 N@20: 0.1598, R@20: 0.191, P@20: 0.05871
valid 	 N@50: 0.1919, R@50: 0.2935, P@50: 0.03686

6.425596769544532
2024-07-30 00:39:45,144 - [INFO] - current w_0 is 9.17942388767301
2024-07-30 00:41:08,523 - [INFO] - E:72|TAU:6.244 14.85, train_time: 81.54, VALID_time: 1.835, loss: 1.304e+03, emb_loss:3.581e-05, best_valid(recall@20): 0.191
valid 	 N@10: 0.1432, R@10: 0.1331, P@10: 0.08097
valid 	 N@20: 0.1597, R@20: 0.1907, P@20: 0.05867
valid 	 N@50: 0.1919, R@50: 0.2935, P@50: 0.03688

6.425596769544532
2024-07-30 00:41:08,548 - [INFO] - current w_0 is 9.17942388767301
2024-07-30 00:42:32,604 - [INFO] - E:73|TAU:6.242 14.95, train_time: 81.68, VALID_time: 2.369, loss: 1.303e+03, emb_loss:3.638e-05, best_valid(recall@20): 0.191
valid 	 N@10: 0.1433, R@10: 0.133, P@10: 0.0809
valid 	 N@20: 0.1598, R@20: 0.1907, P@20: 0.05866
valid 	 N@50: 0.192, R@50: 0.2934, P@50: 0.03686

6.425596769544532
2024-07-30 00:42:32,635 - [INFO] - current w_0 is 9.17942388767301
2024-07-30 00:43:56,064 - [INFO] - E:74|TAU:6.244 15.29, train_time: 81.3, VALID_time: 2.124, loss: 1.302e+03, emb_loss:3.694e-05, best_valid(recall@20): 0.191
valid 	 N@10: 0.1432, R@10: 0.133, P@10: 0.08091
valid 	 N@20: 0.1597, R@20: 0.1906, P@20: 0.05863
valid 	 N@50: 0.192, R@50: 0.2936, P@50: 0.0369

6.425596769544532
2024-07-30 00:43:56,083 - [INFO] - current w_0 is 9.17942388767301
2024-07-30 00:45:19,816 - [INFO] - E:75|TAU:6.231 14.73, train_time: 81.7, VALID_time: 2.025, loss: 1.301e+03, emb_loss:3.752e-05, best_valid(recall@20): 0.191
valid 	 N@10: 0.1434, R@10: 0.1332, P@10: 0.08098
valid 	 N@20: 0.1598, R@20: 0.1906, P@20: 0.05862
valid 	 N@50: 0.1921, R@50: 0.2936, P@50: 0.0369

6.425596769544532
2024-07-30 00:45:19,835 - [INFO] - current w_0 is 9.17942388767301
2024-07-30 00:46:42,650 - [INFO] - E:76|TAU:6.239 14.72, train_time: 80.76, VALID_time: 2.043, loss: 1.3e+03, emb_loss:3.808e-05, best_valid(recall@20): 0.191
valid 	 N@10: 0.1434, R@10: 0.1331, P@10: 0.08099
valid 	 N@20: 0.16, R@20: 0.1908, P@20: 0.05866
valid 	 N@50: 0.1921, R@50: 0.2935, P@50: 0.03687

6.425596769544532
2024-07-30 00:46:42,680 - [INFO] - current w_0 is 9.17942388767301
2024-07-30 00:48:06,237 - [INFO] - E:77|TAU:6.227 14.6, train_time: 81.46, VALID_time: 2.094, loss: 1.299e+03, emb_loss:3.866e-05, best_valid(recall@20): 0.191
valid 	 N@10: 0.1432, R@10: 0.1328, P@10: 0.08087
valid 	 N@20: 0.1599, R@20: 0.1908, P@20: 0.05868
valid 	 N@50: 0.1921, R@50: 0.2936, P@50: 0.03687

6.425596769544532
2024-07-30 00:48:06,256 - [INFO] - current w_0 is 9.17942388767301
2024-07-30 00:49:29,971 - [INFO] - E:78|TAU:6.222 14.84, train_time: 81.42, VALID_time: 2.288, loss: 1.298e+03, emb_loss:3.923e-05, best_valid(recall@20): 0.191
valid 	 N@10: 0.1433, R@10: 0.133, P@10: 0.08095
valid 	 N@20: 0.1598, R@20: 0.1906, P@20: 0.05862
valid 	 N@50: 0.1921, R@50: 0.2937, P@50: 0.03689

6.425596769544532
2024-07-30 00:49:29,992 - [INFO] - current w_0 is 9.17942388767301
2024-07-30 00:50:53,814 - [INFO] - E:79|TAU:6.22 15.08, train_time: 81.55, VALID_time: 2.259, loss: 1.297e+03, emb_loss:3.98e-05, best_valid(recall@20): 0.191
valid 	 N@10: 0.1433, R@10: 0.133, P@10: 0.08096
valid 	 N@20: 0.16, R@20: 0.1912, P@20: 0.05873
valid 	 N@50: 0.1922, R@50: 0.2938, P@50: 0.03691

6.425596769544532
2024-07-30 00:50:53,867 - [INFO] - current w_0 is 9.17942388767301
2024-07-30 00:52:17,082 - [INFO] - E:80|TAU:6.219 15.03, train_time: 81.36, VALID_time: 1.849, loss: 1.296e+03, emb_loss:4.038e-05, best_valid(recall@20): 0.1912
valid 	 N@10: 0.1433, R@10: 0.1329, P@10: 0.08082
valid 	 N@20: 0.1599, R@20: 0.1908, P@20: 0.0587
valid 	 N@50: 0.1921, R@50: 0.2934, P@50: 0.03687

6.425596769544532
2024-07-30 00:52:17,101 - [INFO] - current w_0 is 9.17942388767301
2024-07-30 00:53:40,769 - [INFO] - E:81|TAU:6.216 14.53, train_time: 81.59, VALID_time: 2.074, loss: 1.295e+03, emb_loss:4.096e-05, best_valid(recall@20): 0.1912
valid 	 N@10: 0.1434, R@10: 0.1329, P@10: 0.08085
valid 	 N@20: 0.1601, R@20: 0.191, P@20: 0.05873
valid 	 N@50: 0.1923, R@50: 0.2937, P@50: 0.0369

6.425596769544532
2024-07-30 00:53:40,797 - [INFO] - current w_0 is 9.17942388767301
2024-07-30 00:55:04,047 - [INFO] - E:82|TAU:6.206 14.45, train_time: 81.01, VALID_time: 2.231, loss: 1.294e+03, emb_loss:4.153e-05, best_valid(recall@20): 0.1912
valid 	 N@10: 0.1434, R@10: 0.133, P@10: 0.08092
valid 	 N@20: 0.16, R@20: 0.1908, P@20: 0.05871
valid 	 N@50: 0.1922, R@50: 0.2936, P@50: 0.0369

6.425596769544532
2024-07-30 00:55:04,066 - [INFO] - current w_0 is 9.17942388767301
2024-07-30 00:56:27,646 - [INFO] - E:83|TAU:6.209 15.03, train_time: 81.47, VALID_time: 2.102, loss: 1.293e+03, emb_loss:4.211e-05, best_valid(recall@20): 0.1912
valid 	 N@10: 0.1434, R@10: 0.1331, P@10: 0.08097
valid 	 N@20: 0.1598, R@20: 0.1905, P@20: 0.05863
valid 	 N@50: 0.1922, R@50: 0.2937, P@50: 0.0369

6.425596769544532
2024-07-30 00:56:27,667 - [INFO] - current w_0 is 9.17942388767301
2024-07-30 00:57:51,674 - [INFO] - E:84|TAU:6.206 14.81, train_time: 82.06, VALID_time: 1.937, loss: 1.291e+03, emb_loss:4.269e-05, best_valid(recall@20): 0.1912
valid 	 N@10: 0.1432, R@10: 0.1328, P@10: 0.08087
valid 	 N@20: 0.1598, R@20: 0.1907, P@20: 0.05867
valid 	 N@50: 0.192, R@50: 0.2935, P@50: 0.03689

6.425596769544532
2024-07-30 00:57:51,693 - [INFO] - current w_0 is 9.17942388767301
2024-07-30 00:59:15,516 - [INFO] - E:85|TAU:6.203 14.49, train_time: 81.6, VALID_time: 2.207, loss: 1.29e+03, emb_loss:4.327e-05, best_valid(recall@20): 0.1912
valid 	 N@10: 0.1432, R@10: 0.1329, P@10: 0.08091
valid 	 N@20: 0.1597, R@20: 0.1906, P@20: 0.05864
valid 	 N@50: 0.192, R@50: 0.2937, P@50: 0.03692

6.425596769544532
2024-07-30 00:59:15,535 - [INFO] - current w_0 is 9.17942388767301
2024-07-30 01:00:38,544 - [INFO] - E:86|TAU:6.191 14.55, train_time: 81.13, VALID_time: 1.874, loss: 1.289e+03, emb_loss:4.385e-05, best_valid(recall@20): 0.1912
valid 	 N@10: 0.1432, R@10: 0.1327, P@10: 0.08083
valid 	 N@20: 0.1599, R@20: 0.1906, P@20: 0.05868
valid 	 N@50: 0.1921, R@50: 0.2935, P@50: 0.0369

6.425596769544532
2024-07-30 01:00:38,563 - [INFO] - current w_0 is 9.17942388767301
2024-07-30 01:02:02,096 - [INFO] - E:87|TAU:6.202 14.67, train_time: 81.55, VALID_time: 1.979, loss: 1.288e+03, emb_loss:4.443e-05, best_valid(recall@20): 0.1912
valid 	 N@10: 0.1432, R@10: 0.1328, P@10: 0.08079
valid 	 N@20: 0.1598, R@20: 0.1905, P@20: 0.05864
valid 	 N@50: 0.1922, R@50: 0.2938, P@50: 0.03691

6.425596769544532
2024-07-30 01:02:02,122 - [INFO] - current w_0 is 9.17942388767301
2024-07-30 01:03:26,355 - [INFO] - E:88|TAU:6.187 14.39, train_time: 81.29, VALID_time: 2.932, loss: 1.287e+03, emb_loss:4.501e-05, best_valid(recall@20): 0.1912
valid 	 N@10: 0.1433, R@10: 0.133, P@10: 0.08091
valid 	 N@20: 0.1599, R@20: 0.1908, P@20: 0.0587
valid 	 N@50: 0.192, R@50: 0.2934, P@50: 0.03688

6.425596769544532
2024-07-30 01:03:26,432 - [INFO] - current w_0 is 9.17942388767301
2024-07-30 01:04:49,913 - [INFO] - E:89|TAU:6.192 14.23, train_time: 81.57, VALID_time: 1.907, loss: 1.286e+03, emb_loss:4.56e-05, best_valid(recall@20): 0.1912
valid 	 N@10: 0.1431, R@10: 0.133, P@10: 0.08088
valid 	 N@20: 0.1597, R@20: 0.1906, P@20: 0.05867
valid 	 N@50: 0.1918, R@50: 0.2933, P@50: 0.03685

6.425596769544532
2024-07-30 01:04:49,932 - [INFO] - current w_0 is 9.17942388767301
2024-07-30 01:06:13,734 - [INFO] - E:90|TAU:6.182 14.62, train_time: 81.79, VALID_time: 2.008, loss: 1.285e+03, emb_loss:4.618e-05, best_valid(recall@20): 0.1912
valid 	 N@10: 0.1434, R@10: 0.1332, P@10: 0.08094
valid 	 N@20: 0.1599, R@20: 0.1906, P@20: 0.05866
valid 	 N@50: 0.1921, R@50: 0.2936, P@50: 0.03689

6.425596769544532
2024-07-30 01:06:13,753 - [INFO] - current w_0 is 9.17942388767301
2024-07-30 01:07:37,550 - [INFO] - E:91|TAU:6.176 14.6, train_time: 81.28, VALID_time: 2.514, loss: 1.284e+03, emb_loss:4.677e-05, best_valid(recall@20): 0.1912
valid 	 N@10: 0.1433, R@10: 0.1331, P@10: 0.08098
valid 	 N@20: 0.1597, R@20: 0.1905, P@20: 0.05863
valid 	 N@50: 0.192, R@50: 0.2936, P@50: 0.03687

6.425596769544532
2024-07-30 01:07:37,576 - [INFO] - current w_0 is 9.17942388767301
2024-07-30 01:09:01,255 - [INFO] - E:92|TAU:6.181 14.32, train_time: 81.42, VALID_time: 2.25, loss: 1.283e+03, emb_loss:4.736e-05, best_valid(recall@20): 0.1912
valid 	 N@10: 0.1433, R@10: 0.133, P@10: 0.08091
valid 	 N@20: 0.1598, R@20: 0.1905, P@20: 0.05862
valid 	 N@50: 0.1921, R@50: 0.2935, P@50: 0.03689

6.425596769544532
2024-07-30 01:09:01,275 - [INFO] - current w_0 is 9.17942388767301
2024-07-30 01:10:24,857 - [INFO] - E:93|TAU:6.176 14.55, train_time: 81.49, VALID_time: 2.089, loss: 1.282e+03, emb_loss:4.793e-05, best_valid(recall@20): 0.1912
valid 	 N@10: 0.1433, R@10: 0.1332, P@10: 0.08096
valid 	 N@20: 0.1597, R@20: 0.1904, P@20: 0.05866
valid 	 N@50: 0.192, R@50: 0.2937, P@50: 0.03689

6.425596769544532
2024-07-30 01:10:24,883 - [INFO] - current w_0 is 9.17942388767301
2024-07-30 01:11:48,490 - [INFO] - E:94|TAU:6.167 14.51, train_time: 81.35, VALID_time: 2.253, loss: 1.281e+03, emb_loss:4.852e-05, best_valid(recall@20): 0.1912
valid 	 N@10: 0.1433, R@10: 0.133, P@10: 0.08083
valid 	 N@20: 0.1598, R@20: 0.1905, P@20: 0.05864
valid 	 N@50: 0.1921, R@50: 0.2939, P@50: 0.03691

6.425596769544532
2024-07-30 01:11:48,511 - [INFO] - current w_0 is 9.17942388767301
2024-07-30 01:13:12,355 - [INFO] - E:95|TAU:6.17 14.21, train_time: 81.78, VALID_time: 2.048, loss: 1.28e+03, emb_loss:4.912e-05, best_valid(recall@20): 0.1912
valid 	 N@10: 0.1433, R@10: 0.1331, P@10: 0.08091
valid 	 N@20: 0.1596, R@20: 0.1902, P@20: 0.05856
valid 	 N@50: 0.1921, R@50: 0.2939, P@50: 0.03691

6.425596769544532
2024-07-30 01:13:12,376 - [INFO] - current w_0 is 9.17942388767301
2024-07-30 01:14:35,779 - [INFO] - E:96|TAU:6.166 14.67, train_time: 81.64, VALID_time: 1.754, loss: 1.279e+03, emb_loss:4.971e-05, best_valid(recall@20): 0.1912
valid 	 N@10: 0.1433, R@10: 0.1331, P@10: 0.08094
valid 	 N@20: 0.1596, R@20: 0.1902, P@20: 0.05854
valid 	 N@50: 0.1922, R@50: 0.2941, P@50: 0.03693

6.425596769544532
2024-07-30 01:14:35,800 - [INFO] - current w_0 is 9.17942388767301
2024-07-30 01:15:58,856 - [INFO] - E:97|TAU:6.16 14.3, train_time: 81.25, VALID_time: 1.801, loss: 1.278e+03, emb_loss:5.03e-05, best_valid(recall@20): 0.1912
valid 	 N@10: 0.1434, R@10: 0.1333, P@10: 0.08094
valid 	 N@20: 0.1597, R@20: 0.1903, P@20: 0.05858
valid 	 N@50: 0.1922, R@50: 0.2939, P@50: 0.03692

6.425596769544532
2024-07-30 01:15:58,879 - [INFO] - current w_0 is 9.17942388767301
2024-07-30 01:17:22,766 - [INFO] - E:98|TAU:6.155 14.32, train_time: 81.65, VALID_time: 2.237, loss: 1.277e+03, emb_loss:5.089e-05, best_valid(recall@20): 0.1912
valid 	 N@10: 0.1433, R@10: 0.133, P@10: 0.08089
valid 	 N@20: 0.1597, R@20: 0.1904, P@20: 0.05859
valid 	 N@50: 0.192, R@50: 0.2936, P@50: 0.0369

6.425596769544532
2024-07-30 01:17:22,788 - [INFO] - current w_0 is 9.17942388767301
2024-07-30 01:18:46,785 - [INFO] - E:99|TAU:6.155 14.13, train_time: 81.65, VALID_time: 2.344, loss: 1.276e+03, emb_loss:5.148e-05, best_valid(recall@20): 0.1912
valid 	 N@10: 0.1434, R@10: 0.133, P@10: 0.08094
valid 	 N@20: 0.1598, R@20: 0.1906, P@20: 0.05867
valid 	 N@50: 0.1921, R@50: 0.2936, P@50: 0.03689

2024-07-30 01:18:46,891 - [INFO] - current w_0 is 10.309234619140625
2024-07-30 01:20:10,163 - [INFO] - E:100|TAU:6.913 15.98, train_time: 81.42, VALID_time: 1.924, loss: 1.159e+03, emb_loss:5.133e-05, best_valid(recall@20): 0.1912
valid 	 N@10: 0.1438, R@10: 0.1337, P@10: 0.08123
valid 	 N@20: 0.1603, R@20: 0.1913, P@20: 0.05881
valid 	 N@50: 0.1929, R@50: 0.295, P@50: 0.03707

2024-07-30 01:20:10,301 - [INFO] - current w_0 is 10.500675201416016
2024-07-30 01:21:33,774 - [INFO] - E:101|TAU:7.068 16.66, train_time: 81.37, VALID_time: 2.185, loss: 1.131e+03, emb_loss:5.129e-05, best_valid(recall@20): 0.1913
valid 	 N@10: 0.1439, R@10: 0.1339, P@10: 0.08139
valid 	 N@20: 0.1605, R@20: 0.1917, P@20: 0.05891
valid 	 N@50: 0.1929, R@50: 0.295, P@50: 0.03706

2024-07-30 01:21:33,907 - [INFO] - current w_0 is 10.556026458740234
2024-07-30 01:22:58,048 - [INFO] - E:102|TAU:7.126 16.54, train_time: 81.81, VALID_time: 2.399, loss: 1.121e+03, emb_loss:5.166e-05, best_valid(recall@20): 0.1917
valid 	 N@10: 0.1439, R@10: 0.1338, P@10: 0.08133
valid 	 N@20: 0.1604, R@20: 0.1916, P@20: 0.05885
valid 	 N@50: 0.1927, R@50: 0.2947, P@50: 0.03703

2024-07-30 01:22:58,150 - [INFO] - current w_0 is 10.575986862182617
2024-07-30 01:24:21,550 - [INFO] - E:103|TAU:7.152 16.52, train_time: 81.42, VALID_time: 2.055, loss: 1.117e+03, emb_loss:5.213e-05, best_valid(recall@20): 0.1917
valid 	 N@10: 0.1437, R@10: 0.1338, P@10: 0.0813
valid 	 N@20: 0.1601, R@20: 0.1913, P@20: 0.05877
valid 	 N@50: 0.1925, R@50: 0.2946, P@50: 0.03703

2024-07-30 01:24:21,657 - [INFO] - current w_0 is 10.587512016296387
2024-07-30 01:25:45,290 - [INFO] - E:104|TAU:7.159 16.39, train_time: 81.81, VALID_time: 1.903, loss: 1.114e+03, emb_loss:5.262e-05, best_valid(recall@20): 0.1917
valid 	 N@10: 0.1434, R@10: 0.1336, P@10: 0.08117
valid 	 N@20: 0.1599, R@20: 0.1913, P@20: 0.05874
valid 	 N@50: 0.1921, R@50: 0.294, P@50: 0.03694

2024-07-30 01:25:45,396 - [INFO] - current w_0 is 10.598119735717773
2024-07-30 01:27:08,353 - [INFO] - E:105|TAU:7.162 16.24, train_time: 81.14, VALID_time: 1.896, loss: 1.111e+03, emb_loss:5.312e-05, best_valid(recall@20): 0.1917
valid 	 N@10: 0.1434, R@10: 0.1336, P@10: 0.08115
valid 	 N@20: 0.1599, R@20: 0.1911, P@20: 0.05873
valid 	 N@50: 0.1922, R@50: 0.2943, P@50: 0.03697

2024-07-30 01:27:08,475 - [INFO] - current w_0 is 10.601451873779297
2024-07-30 01:28:31,944 - [INFO] - E:106|TAU:7.174 16.09, train_time: 81.34, VALID_time: 2.2, loss: 1.11e+03, emb_loss:5.364e-05, best_valid(recall@20): 0.1917
valid 	 N@10: 0.1434, R@10: 0.1338, P@10: 0.0812
valid 	 N@20: 0.1597, R@20: 0.1909, P@20: 0.05866
valid 	 N@50: 0.192, R@50: 0.2939, P@50: 0.03693

2024-07-30 01:28:32,046 - [INFO] - current w_0 is 10.605185508728027
2024-07-30 01:29:56,064 - [INFO] - E:107|TAU:7.175 16.17, train_time: 81.9, VALID_time: 2.188, loss: 1.108e+03, emb_loss:5.417e-05, best_valid(recall@20): 0.1917
valid 	 N@10: 0.1434, R@10: 0.1337, P@10: 0.08115
valid 	 N@20: 0.1598, R@20: 0.1911, P@20: 0.05871
valid 	 N@50: 0.1921, R@50: 0.2942, P@50: 0.03695

2024-07-30 01:29:56,176 - [INFO] - current w_0 is 10.6079740524292
2024-07-30 01:31:19,537 - [INFO] - E:108|TAU:7.164 16.34, train_time: 81.52, VALID_time: 1.915, loss: 1.107e+03, emb_loss:5.469e-05, best_valid(recall@20): 0.1917
valid 	 N@10: 0.1432, R@10: 0.1336, P@10: 0.08109
valid 	 N@20: 0.1596, R@20: 0.1909, P@20: 0.05866
valid 	 N@50: 0.192, R@50: 0.294, P@50: 0.03694

2024-07-30 01:31:19,635 - [INFO] - current w_0 is 10.605452537536621
2024-07-30 01:32:43,375 - [INFO] - E:109|TAU:7.164 16.3, train_time: 81.53, VALID_time: 2.281, loss: 1.106e+03, emb_loss:5.523e-05, best_valid(recall@20): 0.1917
valid 	 N@10: 0.1431, R@10: 0.1335, P@10: 0.0811
valid 	 N@20: 0.1595, R@20: 0.1907, P@20: 0.05861
valid 	 N@50: 0.1918, R@50: 0.2937, P@50: 0.03692

2024-07-30 01:32:43,485 - [INFO] - current w_0 is 10.60628890991211
2024-07-30 01:34:07,545 - [INFO] - E:110|TAU:7.168 16.25, train_time: 82.08, VALID_time: 2.059, loss: 1.105e+03, emb_loss:5.578e-05, best_valid(recall@20): 0.1917
valid 	 N@10: 0.1433, R@10: 0.1334, P@10: 0.08103
valid 	 N@20: 0.1598, R@20: 0.1911, P@20: 0.05866
valid 	 N@50: 0.1921, R@50: 0.2941, P@50: 0.03694

2024-07-30 01:34:07,643 - [INFO] - current w_0 is 10.60436725616455
2024-07-30 01:35:31,557 - [INFO] - E:111|TAU:7.16 15.9, train_time: 81.53, VALID_time: 2.452, loss: 1.104e+03, emb_loss:5.632e-05, best_valid(recall@20): 0.1917
valid 	 N@10: 0.143, R@10: 0.1334, P@10: 0.08098
valid 	 N@20: 0.1595, R@20: 0.1909, P@20: 0.05862
valid 	 N@50: 0.1918, R@50: 0.294, P@50: 0.03693

2024-07-30 01:35:31,660 - [INFO] - current w_0 is 10.600433349609375
2024-07-30 01:36:55,467 - [INFO] - E:112|TAU:7.148 16.14, train_time: 81.9, VALID_time: 1.977, loss: 1.103e+03, emb_loss:5.688e-05, best_valid(recall@20): 0.1917
valid 	 N@10: 0.1431, R@10: 0.1333, P@10: 0.08092
valid 	 N@20: 0.1596, R@20: 0.1909, P@20: 0.05863
valid 	 N@50: 0.192, R@50: 0.2942, P@50: 0.03696

2024-07-30 01:36:55,576 - [INFO] - current w_0 is 10.595488548278809
2024-07-30 01:38:19,255 - [INFO] - E:113|TAU:7.146 15.9, train_time: 81.86, VALID_time: 1.896, loss: 1.103e+03, emb_loss:5.744e-05, best_valid(recall@20): 0.1917
valid 	 N@10: 0.1432, R@10: 0.1334, P@10: 0.08104
valid 	 N@20: 0.1595, R@20: 0.1905, P@20: 0.05852
valid 	 N@50: 0.192, R@50: 0.2941, P@50: 0.03694

2024-07-30 01:38:19,363 - [INFO] - current w_0 is 10.59330940246582
2024-07-30 01:39:43,435 - [INFO] - E:114|TAU:7.14 15.95, train_time: 81.83, VALID_time: 2.312, loss: 1.102e+03, emb_loss:5.8e-05, best_valid(recall@20): 0.1917
valid 	 N@10: 0.1432, R@10: 0.1335, P@10: 0.08103
valid 	 N@20: 0.1596, R@20: 0.1907, P@20: 0.05858
valid 	 N@50: 0.1919, R@50: 0.2939, P@50: 0.03692

2024-07-30 01:39:43,540 - [INFO] - current w_0 is 10.591708183288574
2024-07-30 01:41:07,056 - [INFO] - E:115|TAU:7.137 15.83, train_time: 81.56, VALID_time: 2.029, loss: 1.101e+03, emb_loss:5.855e-05, best_valid(recall@20): 0.1917
valid 	 N@10: 0.1433, R@10: 0.1334, P@10: 0.08101
valid 	 N@20: 0.1597, R@20: 0.191, P@20: 0.05867
valid 	 N@50: 0.1919, R@50: 0.2936, P@50: 0.03691

2024-07-30 01:41:07,163 - [INFO] - current w_0 is 10.586091995239258
2024-07-30 01:42:30,864 - [INFO] - E:116|TAU:7.134 16.12, train_time: 81.72, VALID_time: 2.055, loss: 1.101e+03, emb_loss:5.913e-05, best_valid(recall@20): 0.1917
valid 	 N@10: 0.1432, R@10: 0.1334, P@10: 0.08098
valid 	 N@20: 0.1597, R@20: 0.191, P@20: 0.05867
valid 	 N@50: 0.1919, R@50: 0.2936, P@50: 0.0369

2024-07-30 01:42:30,980 - [INFO] - current w_0 is 10.58286190032959
2024-07-30 01:43:54,493 - [INFO] - E:117|TAU:7.117 15.84, train_time: 81.68, VALID_time: 1.906, loss: 1.1e+03, emb_loss:5.969e-05, best_valid(recall@20): 0.1917
valid 	 N@10: 0.1431, R@10: 0.1331, P@10: 0.08088
valid 	 N@20: 0.1598, R@20: 0.1911, P@20: 0.0587
valid 	 N@50: 0.1919, R@50: 0.2937, P@50: 0.03689

2024-07-30 01:43:54,603 - [INFO] - current w_0 is 10.578791618347168
2024-07-30 01:45:17,754 - [INFO] - E:118|TAU:7.116 16.12, train_time: 81.31, VALID_time: 1.914, loss: 1.099e+03, emb_loss:6.026e-05, best_valid(recall@20): 0.1917
valid 	 N@10: 0.1431, R@10: 0.133, P@10: 0.08082
valid 	 N@20: 0.1596, R@20: 0.1907, P@20: 0.05858
valid 	 N@50: 0.1918, R@50: 0.2935, P@50: 0.03687

2024-07-30 01:45:17,854 - [INFO] - current w_0 is 10.575493812561035
2024-07-30 01:46:41,548 - [INFO] - E:119|TAU:7.117 16.03, train_time: 81.66, VALID_time: 2.101, loss: 1.099e+03, emb_loss:6.084e-05, best_valid(recall@20): 0.1917
valid 	 N@10: 0.1431, R@10: 0.1333, P@10: 0.08099
valid 	 N@20: 0.1597, R@20: 0.191, P@20: 0.05866
valid 	 N@50: 0.1919, R@50: 0.2937, P@50: 0.03689

2024-07-30 01:46:41,655 - [INFO] - current w_0 is 10.572038650512695
2024-07-30 01:48:04,964 - [INFO] - E:120|TAU:7.114 16.02, train_time: 81.52, VALID_time: 1.862, loss: 1.098e+03, emb_loss:6.139e-05, best_valid(recall@20): 0.1917
valid 	 N@10: 0.1431, R@10: 0.1331, P@10: 0.08098
valid 	 N@20: 0.1596, R@20: 0.1908, P@20: 0.05864
valid 	 N@50: 0.1918, R@50: 0.2931, P@50: 0.03686

2024-07-30 01:48:05,065 - [INFO] - current w_0 is 10.56628131866455
2024-07-30 01:49:28,813 - [INFO] - E:121|TAU:7.095 15.89, train_time: 81.79, VALID_time: 2.035, loss: 1.098e+03, emb_loss:6.197e-05, best_valid(recall@20): 0.1917
valid 	 N@10: 0.1432, R@10: 0.1333, P@10: 0.08099
valid 	 N@20: 0.1596, R@20: 0.1908, P@20: 0.0586
valid 	 N@50: 0.1919, R@50: 0.2934, P@50: 0.03688

2024-07-30 01:49:28,915 - [INFO] - current w_0 is 10.563910484313965
2024-07-30 01:50:52,569 - [INFO] - E:122|TAU:7.089 15.47, train_time: 81.53, VALID_time: 2.194, loss: 1.097e+03, emb_loss:6.254e-05, best_valid(recall@20): 0.1917
valid 	 N@10: 0.1432, R@10: 0.1334, P@10: 0.08098
valid 	 N@20: 0.1596, R@20: 0.1908, P@20: 0.05863
valid 	 N@50: 0.1918, R@50: 0.2933, P@50: 0.03686

2024-07-30 01:50:52,683 - [INFO] - current w_0 is 10.558341979980469
2024-07-30 01:52:16,212 - [INFO] - E:123|TAU:7.082 15.66, train_time: 81.73, VALID_time: 1.88, loss: 1.096e+03, emb_loss:6.312e-05, best_valid(recall@20): 0.1917
valid 	 N@10: 0.1433, R@10: 0.1334, P@10: 0.08105
valid 	 N@20: 0.1596, R@20: 0.1907, P@20: 0.05864
valid 	 N@50: 0.1918, R@50: 0.2935, P@50: 0.03687

2024-07-30 01:52:16,315 - [INFO] - current w_0 is 10.555319786071777
2024-07-30 01:53:29,848 - [INFO] - E:124|TAU:7.068 15.65, train_time: 71.62, VALID_time: 1.986, loss: 1.096e+03, emb_loss:6.369e-05, best_valid(recall@20): 0.1917
valid 	 N@10: 0.1433, R@10: 0.1335, P@10: 0.08107
valid 	 N@20: 0.1596, R@20: 0.1906, P@20: 0.05858
valid 	 N@50: 0.1919, R@50: 0.2936, P@50: 0.03687

2024-07-30 01:53:29,935 - [INFO] - current w_0 is 10.549738883972168
2024-07-30 01:54:39,641 - [INFO] - E:125|TAU:7.076 15.75, train_time: 67.83, VALID_time: 1.94, loss: 1.095e+03, emb_loss:6.428e-05, best_valid(recall@20): 0.1917
valid 	 N@10: 0.1432, R@10: 0.1333, P@10: 0.08095
valid 	 N@20: 0.1597, R@20: 0.1908, P@20: 0.05863
valid 	 N@50: 0.1919, R@50: 0.2934, P@50: 0.03686

2024-07-30 01:54:39,729 - [INFO] - current w_0 is 10.545435905456543
2024-07-30 01:55:51,126 - [INFO] - E:126|TAU:7.055 15.43, train_time: 67.52, VALID_time: 3.946, loss: 1.095e+03, emb_loss:6.486e-05, best_valid(recall@20): 0.1917
valid 	 N@10: 0.1433, R@10: 0.1335, P@10: 0.08105
valid 	 N@20: 0.1597, R@20: 0.1909, P@20: 0.0586
valid 	 N@50: 0.1919, R@50: 0.2934, P@50: 0.03687

2024-07-30 01:55:51,333 - [INFO] - current w_0 is 10.538490295410156
2024-07-30 01:57:00,727 - [INFO] - E:127|TAU:7.056 15.66, train_time: 67.73, VALID_time: 1.839, loss: 1.094e+03, emb_loss:6.545e-05, best_valid(recall@20): 0.1917
valid 	 N@10: 0.1434, R@10: 0.1337, P@10: 0.08108
valid 	 N@20: 0.1597, R@20: 0.1908, P@20: 0.05859
valid 	 N@50: 0.192, R@50: 0.2936, P@50: 0.0369

2024-07-30 01:57:00,818 - [INFO] - current w_0 is 10.53501033782959
2024-07-30 01:58:09,997 - [INFO] - E:128|TAU:7.05 15.58, train_time: 67.26, VALID_time: 1.985, loss: 1.094e+03, emb_loss:6.602e-05, best_valid(recall@20): 0.1917
valid 	 N@10: 0.1433, R@10: 0.1335, P@10: 0.08101
valid 	 N@20: 0.1597, R@20: 0.1909, P@20: 0.05861
valid 	 N@50: 0.192, R@50: 0.2937, P@50: 0.03691

2024-07-30 01:58:10,093 - [INFO] - current w_0 is 10.531890869140625
2024-07-30 01:59:19,546 - [INFO] - E:129|TAU:7.04 15.38, train_time: 67.61, VALID_time: 1.905, loss: 1.093e+03, emb_loss:6.661e-05, best_valid(recall@20): 0.1917
valid 	 N@10: 0.1433, R@10: 0.1335, P@10: 0.08103
valid 	 N@20: 0.1598, R@20: 0.191, P@20: 0.05862
valid 	 N@50: 0.192, R@50: 0.2937, P@50: 0.0369

2024-07-30 01:59:19,639 - [INFO] - current w_0 is 10.525424003601074
2024-07-30 02:00:29,102 - [INFO] - E:130|TAU:7.041 15.41, train_time: 67.39, VALID_time: 2.141, loss: 1.093e+03, emb_loss:6.72e-05, best_valid(recall@20): 0.1917
valid 	 N@10: 0.1432, R@10: 0.1333, P@10: 0.08102
valid 	 N@20: 0.1597, R@20: 0.1909, P@20: 0.0586
valid 	 N@50: 0.192, R@50: 0.2938, P@50: 0.03692

2024-07-30 02:00:29,197 - [INFO] - current w_0 is 10.521650314331055
2024-07-30 02:01:38,677 - [INFO] - E:131|TAU:7.022 15.8, train_time: 67.56, VALID_time: 1.981, loss: 1.092e+03, emb_loss:6.78e-05, best_valid(recall@20): 0.1917
valid 	 N@10: 0.1434, R@10: 0.1337, P@10: 0.08109
valid 	 N@20: 0.1598, R@20: 0.1911, P@20: 0.05871
valid 	 N@50: 0.1921, R@50: 0.2941, P@50: 0.03694

2024-07-30 02:01:38,769 - [INFO] - current w_0 is 10.515254020690918
2024-07-30 02:02:49,751 - [INFO] - E:132|TAU:7.013 15.59, train_time: 67.48, VALID_time: 3.557, loss: 1.092e+03, emb_loss:6.838e-05, best_valid(recall@20): 0.1917
valid 	 N@10: 0.1433, R@10: 0.1335, P@10: 0.08102
valid 	 N@20: 0.1597, R@20: 0.1907, P@20: 0.05862
valid 	 N@50: 0.192, R@50: 0.2938, P@50: 0.0369

2024-07-30 02:02:49,839 - [INFO] - current w_0 is 10.510557174682617
2024-07-30 02:03:59,153 - [INFO] - E:133|TAU:7.006 15.48, train_time: 67.58, VALID_time: 1.797, loss: 1.091e+03, emb_loss:6.897e-05, best_valid(recall@20): 0.1917
valid 	 N@10: 0.1434, R@10: 0.1338, P@10: 0.08116
valid 	 N@20: 0.1597, R@20: 0.1907, P@20: 0.05861
valid 	 N@50: 0.192, R@50: 0.2938, P@50: 0.0369

2024-07-30 02:03:59,260 - [INFO] - current w_0 is 10.50512981414795
2024-07-30 02:05:08,732 - [INFO] - E:134|TAU:7.0 15.31, train_time: 67.76, VALID_time: 1.78, loss: 1.091e+03, emb_loss:6.957e-05, best_valid(recall@20): 0.1917
valid 	 N@10: 0.1434, R@10: 0.1336, P@10: 0.08104
valid 	 N@20: 0.1598, R@20: 0.1911, P@20: 0.05867
valid 	 N@50: 0.1921, R@50: 0.2939, P@50: 0.03692

2024-07-30 02:05:08,831 - [INFO] - current w_0 is 10.499701499938965
2024-07-30 02:06:18,064 - [INFO] - E:135|TAU:7.003 15.4, train_time: 67.37, VALID_time: 1.917, loss: 1.091e+03, emb_loss:7.016e-05, best_valid(recall@20): 0.1917
valid 	 N@10: 0.1434, R@10: 0.1337, P@10: 0.08105
valid 	 N@20: 0.1598, R@20: 0.191, P@20: 0.05865
valid 	 N@50: 0.1921, R@50: 0.294, P@50: 0.03692

2024-07-30 02:06:18,161 - [INFO] - current w_0 is 10.494698524475098
2024-07-30 02:07:27,414 - [INFO] - E:136|TAU:6.99 15.26, train_time: 67.57, VALID_time: 1.742, loss: 1.09e+03, emb_loss:7.076e-05, best_valid(recall@20): 0.1917
valid 	 N@10: 0.1435, R@10: 0.1336, P@10: 0.08108
valid 	 N@20: 0.1599, R@20: 0.191, P@20: 0.0587
valid 	 N@50: 0.1921, R@50: 0.2939, P@50: 0.03691

2024-07-30 02:07:27,506 - [INFO] - current w_0 is 10.490815162658691
2024-07-30 02:08:36,845 - [INFO] - E:137|TAU:6.987 14.98, train_time: 67.58, VALID_time: 1.823, loss: 1.089e+03, emb_loss:7.136e-05, best_valid(recall@20): 0.1917
valid 	 N@10: 0.1434, R@10: 0.1335, P@10: 0.081
valid 	 N@20: 0.1599, R@20: 0.1909, P@20: 0.05867
valid 	 N@50: 0.1921, R@50: 0.2938, P@50: 0.03692

2024-07-30 02:08:36,934 - [INFO] - current w_0 is 10.485945701599121
2024-07-30 02:09:46,448 - [INFO] - E:138|TAU:6.974 15.16, train_time: 67.61, VALID_time: 1.958, loss: 1.089e+03, emb_loss:7.194e-05, best_valid(recall@20): 0.1917
valid 	 N@10: 0.1432, R@10: 0.1334, P@10: 0.08094
valid 	 N@20: 0.1598, R@20: 0.1911, P@20: 0.05873
valid 	 N@50: 0.192, R@50: 0.294, P@50: 0.03692

2024-07-30 02:09:46,539 - [INFO] - current w_0 is 10.480663299560547
2024-07-30 02:10:55,982 - [INFO] - E:139|TAU:6.968 15.33, train_time: 67.81, VALID_time: 1.699, loss: 1.089e+03, emb_loss:7.255e-05, best_valid(recall@20): 0.1917
valid 	 N@10: 0.1432, R@10: 0.1332, P@10: 0.08085
valid 	 N@20: 0.16, R@20: 0.1914, P@20: 0.05881
valid 	 N@50: 0.192, R@50: 0.2938, P@50: 0.0369

2024-07-30 02:10:56,075 - [INFO] - current w_0 is 10.473974227905273
2024-07-30 02:12:05,554 - [INFO] - E:140|TAU:6.958 15.28, train_time: 67.62, VALID_time: 1.93, loss: 1.088e+03, emb_loss:7.315e-05, best_valid(recall@20): 0.1917
valid 	 N@10: 0.1433, R@10: 0.1333, P@10: 0.08094
valid 	 N@20: 0.1599, R@20: 0.1913, P@20: 0.05877
valid 	 N@50: 0.192, R@50: 0.2938, P@50: 0.0369

2024-07-30 02:12:05,646 - [INFO] - current w_0 is 10.469347953796387
2024-07-30 02:13:14,701 - [INFO] - E:141|TAU:6.96 15.16, train_time: 67.39, VALID_time: 1.732, loss: 1.088e+03, emb_loss:7.375e-05, best_valid(recall@20): 0.1917
valid 	 N@10: 0.1433, R@10: 0.1334, P@10: 0.08094
valid 	 N@20: 0.1599, R@20: 0.1913, P@20: 0.05873
valid 	 N@50: 0.1921, R@50: 0.2939, P@50: 0.03691

2024-07-30 02:13:14,791 - [INFO] - current w_0 is 10.463423728942871
2024-07-30 02:14:24,405 - [INFO] - E:142|TAU:6.946 14.83, train_time: 67.66, VALID_time: 2.016, loss: 1.088e+03, emb_loss:7.435e-05, best_valid(recall@20): 0.1917
valid 	 N@10: 0.1431, R@10: 0.1331, P@10: 0.08083
valid 	 N@20: 0.1599, R@20: 0.1913, P@20: 0.05876
valid 	 N@50: 0.192, R@50: 0.2938, P@50: 0.0369

2024-07-30 02:14:24,499 - [INFO] - current w_0 is 10.460968971252441
2024-07-30 02:15:34,339 - [INFO] - E:143|TAU:6.94 15.06, train_time: 67.83, VALID_time: 2.07, loss: 1.087e+03, emb_loss:7.494e-05, best_valid(recall@20): 0.1917
valid 	 N@10: 0.1431, R@10: 0.133, P@10: 0.08076
valid 	 N@20: 0.1599, R@20: 0.1912, P@20: 0.05878
valid 	 N@50: 0.1921, R@50: 0.294, P@50: 0.03692

2024-07-30 02:15:34,420 - [INFO] - current w_0 is 10.453911781311035
2024-07-30 02:16:43,957 - [INFO] - E:144|TAU:6.938 15.01, train_time: 67.65, VALID_time: 1.949, loss: 1.086e+03, emb_loss:7.555e-05, best_valid(recall@20): 0.1917
valid 	 N@10: 0.1432, R@10: 0.1331, P@10: 0.08088
valid 	 N@20: 0.16, R@20: 0.1913, P@20: 0.05879
valid 	 N@50: 0.1921, R@50: 0.2939, P@50: 0.0369

2024-07-30 02:16:44,043 - [INFO] - current w_0 is 10.447212219238281
2024-07-30 02:17:53,533 - [INFO] - E:145|TAU:6.929 15.13, train_time: 67.61, VALID_time: 1.929, loss: 1.086e+03, emb_loss:7.617e-05, best_valid(recall@20): 0.1917
valid 	 N@10: 0.1432, R@10: 0.1332, P@10: 0.08089
valid 	 N@20: 0.1599, R@20: 0.1912, P@20: 0.05876
valid 	 N@50: 0.1921, R@50: 0.2939, P@50: 0.0369

2024-07-30 02:17:53,618 - [INFO] - current w_0 is 10.4432954788208
2024-07-30 02:19:02,987 - [INFO] - E:146|TAU:6.917 15.13, train_time: 67.66, VALID_time: 1.761, loss: 1.086e+03, emb_loss:7.678e-05, best_valid(recall@20): 0.1917
valid 	 N@10: 0.1431, R@10: 0.1332, P@10: 0.08085
valid 	 N@20: 0.1599, R@20: 0.1913, P@20: 0.05881
valid 	 N@50: 0.192, R@50: 0.2939, P@50: 0.03691

2024-07-30 02:19:03,074 - [INFO] - current w_0 is 10.437881469726562
2024-07-30 02:20:11,962 - [INFO] - E:147|TAU:6.912 15.09, train_time: 67.3, VALID_time: 1.649, loss: 1.085e+03, emb_loss:7.738e-05, best_valid(recall@20): 0.1917
valid 	 N@10: 0.1432, R@10: 0.1331, P@10: 0.08088
valid 	 N@20: 0.1599, R@20: 0.1911, P@20: 0.05875
valid 	 N@50: 0.192, R@50: 0.2936, P@50: 0.03687

2024-07-30 02:20:12,052 - [INFO] - current w_0 is 10.43221378326416
2024-07-30 02:21:11,544 - [INFO] - E:148|TAU:6.909 14.81, train_time: 57.82, VALID_time: 1.732, loss: 1.085e+03, emb_loss:7.798e-05, best_valid(recall@20): 0.1917
valid 	 N@10: 0.1431, R@10: 0.133, P@10: 0.08081
valid 	 N@20: 0.1599, R@20: 0.1912, P@20: 0.05881
valid 	 N@50: 0.1921, R@50: 0.2939, P@50: 0.03691

2024-07-30 02:21:11,624 - [INFO] - current w_0 is 10.427738189697266
2024-07-30 02:22:06,635 - [INFO] - E:149|TAU:6.893 14.93, train_time: 53.18, VALID_time: 1.88, loss: 1.085e+03, emb_loss:7.86e-05, best_valid(recall@20): 0.1917
valid 	 N@10: 0.1432, R@10: 0.1331, P@10: 0.08079
valid 	 N@20: 0.16, R@20: 0.1913, P@20: 0.05879
valid 	 N@50: 0.1921, R@50: 0.2938, P@50: 0.0369

2024-07-30 02:22:06,709 - [INFO] - current w_0 is 10.421699523925781
2024-07-30 02:23:02,288 - [INFO] - E:150|TAU:6.883 14.77, train_time: 53.8, VALID_time: 1.829, loss: 1.084e+03, emb_loss:7.921e-05, best_valid(recall@20): 0.1917
valid 	 N@10: 0.143, R@10: 0.1328, P@10: 0.08069
valid 	 N@20: 0.1599, R@20: 0.1914, P@20: 0.05882
valid 	 N@50: 0.192, R@50: 0.294, P@50: 0.03692

2024-07-30 02:23:02,366 - [INFO] - current w_0 is 10.416876792907715
2024-07-30 02:23:57,162 - [INFO] - E:151|TAU:6.881 14.74, train_time: 53.28, VALID_time: 1.567, loss: 1.083e+03, emb_loss:7.982e-05, best_valid(recall@20): 0.1917
valid 	 N@10: 0.1431, R@10: 0.133, P@10: 0.08078
valid 	 N@20: 0.1598, R@20: 0.1909, P@20: 0.05874
valid 	 N@50: 0.192, R@50: 0.2939, P@50: 0.03691

2024-07-30 02:23:57,240 - [INFO] - current w_0 is 10.411982536315918
2024-07-30 02:24:52,817 - [INFO] - E:152|TAU:6.874 14.74, train_time: 53.81, VALID_time: 1.804, loss: 1.083e+03, emb_loss:8.044e-05, best_valid(recall@20): 0.1917
valid 	 N@10: 0.1431, R@10: 0.1329, P@10: 0.08078
valid 	 N@20: 0.1599, R@20: 0.1913, P@20: 0.05879
valid 	 N@50: 0.1919, R@50: 0.2936, P@50: 0.03688

2024-07-30 02:24:52,817 - [INFO] - start to test!!

2024-07-30 02:24:53,654 - [INFO] - 
TEST 	 N@10: 0.1439, R@10: 0.1339, P@10: 0.08139
TEST 	 N@20: 0.1605, R@20: 0.1917, P@20: 0.05891
TEST 	 N@50: 0.1929, R@50: 0.295, P@50: 0.03706

