2024-08-01 01:19:49,513 - [INFO] - {'dataset': 'yelp2018', 'data_path': './data/', 'name': 'yelp2018_MF_mode_weight_mean_uniform_gpu_cosine_TAU_Adap_tau_Loss_2048_1024_lr_1e-4_l2_1e-3_t1_1.0_t2_1.0_drop_01_08_2024_01:19:49', 'train_ratio': 0.8, 'gnn': 'mf', 'epoch': 1000, 'batch_size': 2048, 'test_batch_size': 2048, 'dim': 64, 'l2': 0.001, 'lr': 0.0001, 'mess_dropout': True, 'mess_dropout_rate': 0.1, 'edge_dropout': False, 'edge_dropout_rate': 0.1, 'n_negs': 1024, 'pool': 'mean', 'cuda': True, 'gpu_id': 0, 'Ks': '[10, 20, 50]', 'context_hops': 3, 'eval_earlystop': 'recall@20', 'temperature': 1.0, 'temperature_2': 1.0, 'temperature_3': 1.0, 'u_norm': True, 'i_norm': True, 'out_dir': './weights/', 'log_dir': './log/', 'config_dir': './config/', 'restore': False, 'loss_fn': 'Adap_tau_Loss', 'sampling_method': 'uniform_gpu', 'generate_mode': 'cosine', 'tau_mode': 'weight_mean', 'cnt_lr': 100, 'func': 1.2, 'func_origin': 0.1, 'cl_rate': 0.0, 'cf_rate': 0.0}
2024-08-01 01:19:51,345 - [INFO] - load train.txt
2024-08-01 01:19:55,111 - [INFO] - building the adj mat ...
2024-08-01 01:19:55,674 - [INFO] - train set len is 1237259
2024-08-01 01:19:55,675 - [INFO] - test set len is 324147
2024-08-01 01:19:55,675 - [INFO] - loading over ...
2024-08-01 01:19:55,675 - [INFO] - users are 31668 items are 38048
Adap_tau_Loss
start to make tables
2024-08-01 01:20:19,990 - [INFO] - Evaluation Protocols is 1 @ 20
2024-08-01 01:20:19,990 - [INFO] - start training ...
6.033980853340449
2024-08-01 01:20:20,034 - [INFO] - current w_0 is 8.619972513557173
2024-08-01 01:21:20,095 - [INFO] - E:0|TAU:8.62 8.62, train_time: 57.45, VALID_time: 2.606, loss: 4.515e+03, emb_loss:0.00181, best_valid(recall@20): -inf
valid 	 N@10: 0.0006483, R@10: 0.0005156, P@10: 0.0005779
valid 	 N@20: 0.0008039, R@20: 0.0009336, P@20: 0.0005526
valid 	 N@50: 0.001271, R@50: 0.00219, P@50: 0.0005185

6.033980853340449
2024-08-01 01:21:20,148 - [INFO] - current w_0 is 8.619972513557173
2024-08-01 01:22:18,697 - [INFO] - E:1|TAU:7.915 9.524, train_time: 57.07, VALID_time: 1.474, loss: 3.689e+03, emb_loss:0.001991, best_valid(recall@20): 0.0009336
valid 	 N@10: 0.01202, R@10: 0.009206, P@10: 0.01047
valid 	 N@20: 0.01493, R@20: 0.01757, P@20: 0.009865
valid 	 N@50: 0.02264, R@50: 0.03812, P@50: 0.00851

6.033980853340449
2024-08-01 01:22:18,758 - [INFO] - current w_0 is 8.619972513557173
2024-08-01 01:23:17,159 - [INFO] - E:2|TAU:7.499 14.17, train_time: 56.71, VALID_time: 1.683, loss: 2.888e+03, emb_loss:0.002151, best_valid(recall@20): 0.01757
valid 	 N@10: 0.02328, R@10: 0.01963, P@10: 0.01944
valid 	 N@20: 0.02895, R@20: 0.03542, P@20: 0.01748
valid 	 N@50: 0.0429, R@50: 0.07292, P@50: 0.01436

6.033980853340449
2024-08-01 01:23:17,234 - [INFO] - current w_0 is 8.619972513557173
2024-08-01 01:24:15,802 - [INFO] - E:3|TAU:7.104 14.0, train_time: 56.99, VALID_time: 1.573, loss: 2.585e+03, emb_loss:0.002293, best_valid(recall@20): 0.03542
valid 	 N@10: 0.03022, R@10: 0.02612, P@10: 0.02456
valid 	 N@20: 0.03741, R@20: 0.04601, P@20: 0.02166
valid 	 N@50: 0.05424, R@50: 0.09109, P@50: 0.01738

6.033980853340449
2024-08-01 01:24:15,856 - [INFO] - current w_0 is 8.619972513557173
2024-08-01 01:25:14,763 - [INFO] - E:4|TAU:7.056 11.58, train_time: 56.68, VALID_time: 2.218, loss: 2.409e+03, emb_loss:0.002436, best_valid(recall@20): 0.04601
valid 	 N@10: 0.03469, R@10: 0.03008, P@10: 0.02789
valid 	 N@20: 0.04292, R@20: 0.05283, P@20: 0.02435
valid 	 N@50: 0.06181, R@50: 0.1036, P@50: 0.01934

6.033980853340449
2024-08-01 01:25:14,829 - [INFO] - current w_0 is 8.619972513557173
2024-08-01 01:26:13,136 - [INFO] - E:5|TAU:7.056 10.97, train_time: 56.74, VALID_time: 1.559, loss: 2.317e+03, emb_loss:0.002585, best_valid(recall@20): 0.05283
valid 	 N@10: 0.03778, R@10: 0.03281, P@10: 0.03
valid 	 N@20: 0.04646, R@20: 0.05682, P@20: 0.02601
valid 	 N@50: 0.06659, R@50: 0.1111, P@50: 0.02055

6.033980853340449
2024-08-01 01:26:13,190 - [INFO] - current w_0 is 8.619972513557173
2024-08-01 01:27:11,769 - [INFO] - E:6|TAU:7.073 11.32, train_time: 56.75, VALID_time: 1.83, loss: 2.266e+03, emb_loss:0.002737, best_valid(recall@20): 0.05682
valid 	 N@10: 0.03999, R@10: 0.03499, P@10: 0.03166
valid 	 N@20: 0.04893, R@20: 0.05983, P@20: 0.02721
valid 	 N@50: 0.0699, R@50: 0.1163, P@50: 0.02141

6.033980853340449
2024-08-01 01:27:11,821 - [INFO] - current w_0 is 8.619972513557173
2024-08-01 01:28:10,576 - [INFO] - E:7|TAU:7.106 11.09, train_time: 57.1, VALID_time: 1.649, loss: 2.233e+03, emb_loss:0.002892, best_valid(recall@20): 0.05983
valid 	 N@10: 0.04145, R@10: 0.03608, P@10: 0.03257
valid 	 N@20: 0.05071, R@20: 0.06178, P@20: 0.02802
valid 	 N@50: 0.07243, R@50: 0.1205, P@50: 0.02204

6.033980853340449
2024-08-01 01:28:10,632 - [INFO] - current w_0 is 8.619972513557173
2024-08-01 01:29:09,107 - [INFO] - E:8|TAU:7.123 10.91, train_time: 56.86, VALID_time: 1.608, loss: 2.209e+03, emb_loss:0.003049, best_valid(recall@20): 0.06178
valid 	 N@10: 0.04232, R@10: 0.0369, P@10: 0.03321
valid 	 N@20: 0.05194, R@20: 0.06347, P@20: 0.02864
valid 	 N@50: 0.07412, R@50: 0.1234, P@50: 0.02251

6.033980853340449
2024-08-01 01:29:09,157 - [INFO] - current w_0 is 8.619972513557173
2024-08-01 01:30:07,678 - [INFO] - E:9|TAU:7.136 10.96, train_time: 56.95, VALID_time: 1.565, loss: 2.191e+03, emb_loss:0.003207, best_valid(recall@20): 0.06347
valid 	 N@10: 0.043, R@10: 0.03762, P@10: 0.0339
valid 	 N@20: 0.05279, R@20: 0.06473, P@20: 0.02926
valid 	 N@50: 0.07513, R@50: 0.1252, P@50: 0.02285

6.033980853340449
2024-08-01 01:30:07,730 - [INFO] - current w_0 is 8.619972513557173
2024-08-01 01:31:06,544 - [INFO] - E:10|TAU:7.143 10.96, train_time: 56.95, VALID_time: 1.859, loss: 2.177e+03, emb_loss:0.003365, best_valid(recall@20): 0.06473
valid 	 N@10: 0.0434, R@10: 0.03809, P@10: 0.03402
valid 	 N@20: 0.05339, R@20: 0.0654, P@20: 0.02947
valid 	 N@50: 0.07608, R@50: 0.1265, P@50: 0.02308

6.033980853340449
2024-08-01 01:31:06,595 - [INFO] - current w_0 is 8.619972513557173
2024-08-01 01:32:04,749 - [INFO] - E:11|TAU:7.154 10.99, train_time: 56.56, VALID_time: 1.59, loss: 2.167e+03, emb_loss:0.003524, best_valid(recall@20): 0.0654
valid 	 N@10: 0.04394, R@10: 0.03856, P@10: 0.03454
valid 	 N@20: 0.05401, R@20: 0.06638, P@20: 0.02979
valid 	 N@50: 0.07671, R@50: 0.1275, P@50: 0.02325

6.033980853340449
2024-08-01 01:32:04,800 - [INFO] - current w_0 is 8.619972513557173
2024-08-01 01:33:03,234 - [INFO] - E:12|TAU:7.162 10.92, train_time: 56.87, VALID_time: 1.557, loss: 2.157e+03, emb_loss:0.003683, best_valid(recall@20): 0.06638
valid 	 N@10: 0.04436, R@10: 0.03895, P@10: 0.0349
valid 	 N@20: 0.05446, R@20: 0.06688, P@20: 0.03001
valid 	 N@50: 0.07751, R@50: 0.129, P@50: 0.02351

6.033980853340449
2024-08-01 01:33:03,284 - [INFO] - current w_0 is 8.619972513557173
2024-08-01 01:34:01,263 - [INFO] - E:13|TAU:7.162 10.88, train_time: 56.47, VALID_time: 1.504, loss: 2.15e+03, emb_loss:0.003842, best_valid(recall@20): 0.06688
valid 	 N@10: 0.04483, R@10: 0.03911, P@10: 0.03514
valid 	 N@20: 0.05505, R@20: 0.06739, P@20: 0.0303
valid 	 N@50: 0.07824, R@50: 0.13, P@50: 0.02368

6.033980853340449
2024-08-01 01:34:01,315 - [INFO] - current w_0 is 8.619972513557173
2024-08-01 01:35:00,153 - [INFO] - E:14|TAU:7.171 10.94, train_time: 56.81, VALID_time: 2.021, loss: 2.143e+03, emb_loss:0.004, best_valid(recall@20): 0.06739
valid 	 N@10: 0.04512, R@10: 0.03923, P@10: 0.03523
valid 	 N@20: 0.05543, R@20: 0.0677, P@20: 0.03044
valid 	 N@50: 0.07881, R@50: 0.1307, P@50: 0.02384

6.033980853340449
2024-08-01 01:35:00,206 - [INFO] - current w_0 is 8.619972513557173
2024-08-01 01:35:58,339 - [INFO] - E:15|TAU:7.165 10.88, train_time: 56.51, VALID_time: 1.618, loss: 2.137e+03, emb_loss:0.004158, best_valid(recall@20): 0.0677
valid 	 N@10: 0.04519, R@10: 0.03957, P@10: 0.03551
valid 	 N@20: 0.05539, R@20: 0.06775, P@20: 0.03053
valid 	 N@50: 0.07888, R@50: 0.131, P@50: 0.02392

6.033980853340449
2024-08-01 01:35:58,392 - [INFO] - current w_0 is 8.619972513557173
2024-08-01 01:36:56,894 - [INFO] - E:16|TAU:7.166 10.9, train_time: 56.97, VALID_time: 1.522, loss: 2.133e+03, emb_loss:0.004316, best_valid(recall@20): 0.06775
valid 	 N@10: 0.04557, R@10: 0.03971, P@10: 0.0356
valid 	 N@20: 0.05594, R@20: 0.06837, P@20: 0.0307
valid 	 N@50: 0.0793, R@50: 0.1314, P@50: 0.02393

6.033980853340449
2024-08-01 01:36:56,944 - [INFO] - current w_0 is 8.619972513557173
2024-08-01 01:37:57,428 - [INFO] - E:17|TAU:7.175 10.89, train_time: 57.0, VALID_time: 3.476, loss: 2.128e+03, emb_loss:0.004473, best_valid(recall@20): 0.06837
valid 	 N@10: 0.04573, R@10: 0.03985, P@10: 0.0358
valid 	 N@20: 0.05616, R@20: 0.06867, P@20: 0.03083
valid 	 N@50: 0.07969, R@50: 0.1321, P@50: 0.02408

6.033980853340449
2024-08-01 01:37:57,817 - [INFO] - current w_0 is 8.619972513557173
2024-08-01 01:38:56,341 - [INFO] - E:18|TAU:7.181 10.9, train_time: 56.89, VALID_time: 1.629, loss: 2.124e+03, emb_loss:0.004629, best_valid(recall@20): 0.06867
valid 	 N@10: 0.04586, R@10: 0.04013, P@10: 0.03581
valid 	 N@20: 0.05635, R@20: 0.06897, P@20: 0.03095
valid 	 N@50: 0.07981, R@50: 0.1322, P@50: 0.02405

6.033980853340449
2024-08-01 01:38:56,392 - [INFO] - current w_0 is 8.619972513557173
2024-08-01 01:39:54,876 - [INFO] - E:19|TAU:7.174 10.89, train_time: 56.93, VALID_time: 1.55, loss: 2.12e+03, emb_loss:0.004785, best_valid(recall@20): 0.06897
valid 	 N@10: 0.04579, R@10: 0.04005, P@10: 0.03596
valid 	 N@20: 0.05617, R@20: 0.0688, P@20: 0.03092
valid 	 N@50: 0.07977, R@50: 0.1324, P@50: 0.02412

6.033980853340449
2024-08-01 01:39:54,906 - [INFO] - current w_0 is 8.619972513557173
2024-08-01 01:40:53,305 - [INFO] - E:20|TAU:7.179 10.88, train_time: 56.86, VALID_time: 1.533, loss: 2.117e+03, emb_loss:0.004941, best_valid(recall@20): 0.06897
valid 	 N@10: 0.04607, R@10: 0.04015, P@10: 0.0361
valid 	 N@20: 0.0565, R@20: 0.06903, P@20: 0.03104
valid 	 N@50: 0.08013, R@50: 0.1327, P@50: 0.02419

6.033980853340449
2024-08-01 01:40:53,367 - [INFO] - current w_0 is 8.619972513557173
2024-08-01 01:41:52,242 - [INFO] - E:21|TAU:7.176 10.89, train_time: 56.82, VALID_time: 2.045, loss: 2.113e+03, emb_loss:0.005095, best_valid(recall@20): 0.06903
valid 	 N@10: 0.04626, R@10: 0.04062, P@10: 0.0363
valid 	 N@20: 0.05679, R@20: 0.06962, P@20: 0.03124
valid 	 N@50: 0.08037, R@50: 0.1331, P@50: 0.02428

6.033980853340449
2024-08-01 01:41:52,300 - [INFO] - current w_0 is 8.619972513557173
2024-08-01 01:42:51,075 - [INFO] - E:22|TAU:7.172 10.92, train_time: 56.98, VALID_time: 1.785, loss: 2.11e+03, emb_loss:0.005249, best_valid(recall@20): 0.06962
valid 	 N@10: 0.04625, R@10: 0.04052, P@10: 0.03624
valid 	 N@20: 0.05671, R@20: 0.06935, P@20: 0.0312
valid 	 N@50: 0.08046, R@50: 0.1334, P@50: 0.02431

6.033980853340449
2024-08-01 01:42:51,104 - [INFO] - current w_0 is 8.619972513557173
2024-08-01 01:43:49,882 - [INFO] - E:23|TAU:7.182 10.85, train_time: 56.99, VALID_time: 1.782, loss: 2.107e+03, emb_loss:0.005403, best_valid(recall@20): 0.06962
valid 	 N@10: 0.04626, R@10: 0.04018, P@10: 0.03612
valid 	 N@20: 0.05675, R@20: 0.06917, P@20: 0.03107
valid 	 N@50: 0.08062, R@50: 0.1334, P@50: 0.02432

6.033980853340449
2024-08-01 01:43:49,913 - [INFO] - current w_0 is 8.619972513557173
2024-08-01 01:44:49,734 - [INFO] - E:24|TAU:7.18 10.87, train_time: 56.84, VALID_time: 2.978, loss: 2.105e+03, emb_loss:0.005555, best_valid(recall@20): 0.06962
valid 	 N@10: 0.04644, R@10: 0.04066, P@10: 0.03647
valid 	 N@20: 0.05685, R@20: 0.06958, P@20: 0.03124
valid 	 N@50: 0.08067, R@50: 0.1339, P@50: 0.02436

6.033980853340449
2024-08-01 01:44:49,778 - [INFO] - current w_0 is 8.619972513557173
2024-08-01 01:45:48,733 - [INFO] - E:25|TAU:7.177 10.85, train_time: 57.11, VALID_time: 1.842, loss: 2.103e+03, emb_loss:0.005707, best_valid(recall@20): 0.06962
valid 	 N@10: 0.04651, R@10: 0.04065, P@10: 0.03639
valid 	 N@20: 0.05711, R@20: 0.06981, P@20: 0.03136
valid 	 N@50: 0.08085, R@50: 0.1339, P@50: 0.02439

6.033980853340449
2024-08-01 01:45:48,783 - [INFO] - current w_0 is 8.619972513557173
2024-08-01 01:46:49,861 - [INFO] - E:26|TAU:7.175 10.85, train_time: 57.35, VALID_time: 3.724, loss: 2.101e+03, emb_loss:0.005858, best_valid(recall@20): 0.06981
valid 	 N@10: 0.0465, R@10: 0.04063, P@10: 0.03635
valid 	 N@20: 0.05711, R@20: 0.06976, P@20: 0.03137
valid 	 N@50: 0.08094, R@50: 0.1341, P@50: 0.0244

6.033980853340449
2024-08-01 01:46:49,890 - [INFO] - current w_0 is 8.619972513557173
2024-08-01 01:47:48,379 - [INFO] - E:27|TAU:7.178 10.81, train_time: 56.84, VALID_time: 1.64, loss: 2.099e+03, emb_loss:0.006008, best_valid(recall@20): 0.06981
valid 	 N@10: 0.0467, R@10: 0.04099, P@10: 0.03667
valid 	 N@20: 0.0571, R@20: 0.06984, P@20: 0.03136
valid 	 N@50: 0.08089, R@50: 0.134, P@50: 0.02441

6.033980853340449
2024-08-01 01:47:48,429 - [INFO] - current w_0 is 8.619972513557173
2024-08-01 01:48:47,418 - [INFO] - E:28|TAU:7.179 10.89, train_time: 57.25, VALID_time: 1.732, loss: 2.097e+03, emb_loss:0.006157, best_valid(recall@20): 0.06984
valid 	 N@10: 0.04663, R@10: 0.04068, P@10: 0.03648
valid 	 N@20: 0.05738, R@20: 0.07029, P@20: 0.03154
valid 	 N@50: 0.08108, R@50: 0.1343, P@50: 0.02445

6.033980853340449
2024-08-01 01:48:47,517 - [INFO] - current w_0 is 8.619972513557173
2024-08-01 01:49:45,877 - [INFO] - E:29|TAU:7.187 10.84, train_time: 56.51, VALID_time: 1.841, loss: 2.095e+03, emb_loss:0.006306, best_valid(recall@20): 0.07029
valid 	 N@10: 0.04669, R@10: 0.04088, P@10: 0.03666
valid 	 N@20: 0.05721, R@20: 0.06992, P@20: 0.03144
valid 	 N@50: 0.08119, R@50: 0.1347, P@50: 0.02451

6.033980853340449
2024-08-01 01:49:45,910 - [INFO] - current w_0 is 8.619972513557173
2024-08-01 01:50:44,918 - [INFO] - E:30|TAU:7.176 10.85, train_time: 57.25, VALID_time: 1.753, loss: 2.093e+03, emb_loss:0.006453, best_valid(recall@20): 0.07029
valid 	 N@10: 0.04669, R@10: 0.04085, P@10: 0.03656
valid 	 N@20: 0.05744, R@20: 0.07034, P@20: 0.03164
valid 	 N@50: 0.08117, R@50: 0.1345, P@50: 0.02447

6.033980853340449
2024-08-01 01:50:44,986 - [INFO] - current w_0 is 8.619972513557173
2024-08-01 01:51:43,450 - [INFO] - E:31|TAU:7.174 10.82, train_time: 56.61, VALID_time: 1.855, loss: 2.091e+03, emb_loss:0.0066, best_valid(recall@20): 0.07034
valid 	 N@10: 0.04692, R@10: 0.04118, P@10: 0.03684
valid 	 N@20: 0.05741, R@20: 0.07029, P@20: 0.03151
valid 	 N@50: 0.08132, R@50: 0.1348, P@50: 0.02455

6.033980853340449
2024-08-01 01:51:43,483 - [INFO] - current w_0 is 8.619972513557173
2024-08-01 01:52:42,325 - [INFO] - E:32|TAU:7.177 10.84, train_time: 57.04, VALID_time: 1.795, loss: 2.09e+03, emb_loss:0.006746, best_valid(recall@20): 0.07034
valid 	 N@10: 0.04666, R@10: 0.04085, P@10: 0.03656
valid 	 N@20: 0.0575, R@20: 0.07054, P@20: 0.03167
valid 	 N@50: 0.08124, R@50: 0.1347, P@50: 0.02453

6.033980853340449
2024-08-01 01:52:42,387 - [INFO] - current w_0 is 8.619972513557173
2024-08-01 01:53:40,720 - [INFO] - E:33|TAU:7.179 10.8, train_time: 56.62, VALID_time: 1.707, loss: 2.088e+03, emb_loss:0.006891, best_valid(recall@20): 0.07054
valid 	 N@10: 0.04705, R@10: 0.04127, P@10: 0.03693
valid 	 N@20: 0.05746, R@20: 0.07023, P@20: 0.0315
valid 	 N@50: 0.08146, R@50: 0.135, P@50: 0.02456

6.033980853340449
2024-08-01 01:53:40,756 - [INFO] - current w_0 is 8.619972513557173
2024-08-01 01:54:39,556 - [INFO] - E:34|TAU:7.184 10.8, train_time: 56.96, VALID_time: 1.827, loss: 2.087e+03, emb_loss:0.007035, best_valid(recall@20): 0.07054
valid 	 N@10: 0.04717, R@10: 0.04141, P@10: 0.03696
valid 	 N@20: 0.05763, R@20: 0.07038, P@20: 0.03163
valid 	 N@50: 0.08147, R@50: 0.1347, P@50: 0.02455

6.033980853340449
2024-08-01 01:54:39,595 - [INFO] - current w_0 is 8.619972513557173
2024-08-01 01:55:38,275 - [INFO] - E:35|TAU:7.173 10.87, train_time: 56.65, VALID_time: 2.019, loss: 2.086e+03, emb_loss:0.007179, best_valid(recall@20): 0.07054
valid 	 N@10: 0.04717, R@10: 0.04146, P@10: 0.037
valid 	 N@20: 0.05753, R@20: 0.0702, P@20: 0.03157
valid 	 N@50: 0.08163, R@50: 0.1352, P@50: 0.02462

6.033980853340449
2024-08-01 01:55:38,308 - [INFO] - current w_0 is 8.619972513557173
2024-08-01 01:56:37,333 - [INFO] - E:36|TAU:7.185 10.86, train_time: 56.95, VALID_time: 2.069, loss: 2.084e+03, emb_loss:0.007321, best_valid(recall@20): 0.07054
valid 	 N@10: 0.04696, R@10: 0.04115, P@10: 0.03673
valid 	 N@20: 0.05751, R@20: 0.07016, P@20: 0.03155
valid 	 N@50: 0.0817, R@50: 0.1354, P@50: 0.02467

6.033980853340449
2024-08-01 01:56:37,364 - [INFO] - current w_0 is 8.619972513557173
2024-08-01 01:57:38,035 - [INFO] - E:37|TAU:7.182 10.8, train_time: 56.97, VALID_time: 3.694, loss: 2.083e+03, emb_loss:0.007462, best_valid(recall@20): 0.07054
valid 	 N@10: 0.04684, R@10: 0.04095, P@10: 0.03669
valid 	 N@20: 0.05755, R@20: 0.07035, P@20: 0.03164
valid 	 N@50: 0.08154, R@50: 0.1351, P@50: 0.02463

6.033980853340449
2024-08-01 01:57:38,129 - [INFO] - current w_0 is 8.619972513557173
2024-08-01 01:58:36,776 - [INFO] - E:38|TAU:7.192 10.86, train_time: 57.04, VALID_time: 1.602, loss: 2.081e+03, emb_loss:0.007603, best_valid(recall@20): 0.07054
valid 	 N@10: 0.04678, R@10: 0.04106, P@10: 0.03675
valid 	 N@20: 0.05738, R@20: 0.07028, P@20: 0.03158
valid 	 N@50: 0.08145, R@50: 0.1352, P@50: 0.02462

6.033980853340449
2024-08-01 01:58:36,820 - [INFO] - current w_0 is 8.619972513557173
2024-08-01 01:59:37,324 - [INFO] - E:39|TAU:7.178 10.81, train_time: 56.9, VALID_time: 3.602, loss: 2.08e+03, emb_loss:0.007742, best_valid(recall@20): 0.07054
valid 	 N@10: 0.04701, R@10: 0.04116, P@10: 0.03677
valid 	 N@20: 0.05765, R@20: 0.0704, P@20: 0.03165
valid 	 N@50: 0.0816, R@50: 0.1351, P@50: 0.02459

6.033980853340449
2024-08-01 01:59:37,374 - [INFO] - current w_0 is 8.619972513557173
2024-08-01 02:00:36,143 - [INFO] - E:40|TAU:7.167 10.83, train_time: 56.85, VALID_time: 1.914, loss: 2.079e+03, emb_loss:0.007881, best_valid(recall@20): 0.07054
valid 	 N@10: 0.04721, R@10: 0.04135, P@10: 0.03701
valid 	 N@20: 0.05767, R@20: 0.0704, P@20: 0.03158
valid 	 N@50: 0.08169, R@50: 0.1351, P@50: 0.02463

6.033980853340449
2024-08-01 02:00:36,178 - [INFO] - current w_0 is 8.619972513557173
2024-08-01 02:01:35,047 - [INFO] - E:41|TAU:7.173 10.83, train_time: 56.98, VALID_time: 1.88, loss: 2.078e+03, emb_loss:0.008018, best_valid(recall@20): 0.07054
valid 	 N@10: 0.04714, R@10: 0.04144, P@10: 0.03704
valid 	 N@20: 0.05763, R@20: 0.07058, P@20: 0.03166
valid 	 N@50: 0.08153, R@50: 0.135, P@50: 0.02461

6.033980853340449
2024-08-01 02:01:35,110 - [INFO] - current w_0 is 8.619972513557173
2024-08-01 02:02:33,213 - [INFO] - E:42|TAU:7.173 10.85, train_time: 56.42, VALID_time: 1.671, loss: 2.077e+03, emb_loss:0.008154, best_valid(recall@20): 0.07058
valid 	 N@10: 0.04685, R@10: 0.04111, P@10: 0.03678
valid 	 N@20: 0.05749, R@20: 0.0704, P@20: 0.0316
valid 	 N@50: 0.08151, R@50: 0.1352, P@50: 0.02462

6.033980853340449
2024-08-01 02:02:33,242 - [INFO] - current w_0 is 8.619972513557173
2024-08-01 02:03:32,078 - [INFO] - E:43|TAU:7.172 10.81, train_time: 57.05, VALID_time: 1.775, loss: 2.076e+03, emb_loss:0.00829, best_valid(recall@20): 0.07058
valid 	 N@10: 0.047, R@10: 0.04131, P@10: 0.03692
valid 	 N@20: 0.05762, R@20: 0.0707, P@20: 0.03169
valid 	 N@50: 0.08151, R@50: 0.1351, P@50: 0.02463

6.033980853340449
2024-08-01 02:03:32,138 - [INFO] - current w_0 is 8.619972513557173
2024-08-01 02:04:30,545 - [INFO] - E:44|TAU:7.179 10.84, train_time: 56.82, VALID_time: 1.576, loss: 2.074e+03, emb_loss:0.008425, best_valid(recall@20): 0.0707
valid 	 N@10: 0.04712, R@10: 0.04135, P@10: 0.03695
valid 	 N@20: 0.05756, R@20: 0.0703, P@20: 0.03157
valid 	 N@50: 0.0816, R@50: 0.1351, P@50: 0.02461

6.033980853340449
2024-08-01 02:04:30,586 - [INFO] - current w_0 is 8.619972513557173
2024-08-01 02:05:29,169 - [INFO] - E:45|TAU:7.195 10.77, train_time: 57.0, VALID_time: 1.573, loss: 2.073e+03, emb_loss:0.008558, best_valid(recall@20): 0.0707
valid 	 N@10: 0.047, R@10: 0.04136, P@10: 0.03693
valid 	 N@20: 0.05745, R@20: 0.07022, P@20: 0.03158
valid 	 N@50: 0.08169, R@50: 0.1356, P@50: 0.0247

6.033980853340449
2024-08-01 02:05:29,204 - [INFO] - current w_0 is 8.619972513557173
2024-08-01 02:06:28,374 - [INFO] - E:46|TAU:7.171 10.75, train_time: 56.82, VALID_time: 2.343, loss: 2.072e+03, emb_loss:0.008691, best_valid(recall@20): 0.0707
valid 	 N@10: 0.04715, R@10: 0.04145, P@10: 0.03703
valid 	 N@20: 0.0576, R@20: 0.07043, P@20: 0.03163
valid 	 N@50: 0.08176, R@50: 0.1355, P@50: 0.02471

6.033980853340449
2024-08-01 02:06:28,418 - [INFO] - current w_0 is 8.619972513557173
2024-08-01 02:07:27,831 - [INFO] - E:47|TAU:7.187 10.82, train_time: 57.06, VALID_time: 2.345, loss: 2.072e+03, emb_loss:0.008822, best_valid(recall@20): 0.0707
valid 	 N@10: 0.04715, R@10: 0.04146, P@10: 0.03705
valid 	 N@20: 0.05764, R@20: 0.07043, P@20: 0.03167
valid 	 N@50: 0.08192, R@50: 0.1359, P@50: 0.02476

6.033980853340449
2024-08-01 02:07:27,860 - [INFO] - current w_0 is 8.619972513557173
2024-08-01 02:08:26,555 - [INFO] - E:48|TAU:7.175 10.81, train_time: 56.98, VALID_time: 1.709, loss: 2.07e+03, emb_loss:0.008953, best_valid(recall@20): 0.0707
valid 	 N@10: 0.04707, R@10: 0.04137, P@10: 0.03691
valid 	 N@20: 0.05779, R@20: 0.07079, P@20: 0.03178
valid 	 N@50: 0.08185, R@50: 0.1357, P@50: 0.02472

6.033980853340449
2024-08-01 02:08:26,609 - [INFO] - current w_0 is 8.619972513557173
2024-08-01 02:09:25,134 - [INFO] - E:49|TAU:7.18 10.79, train_time: 56.46, VALID_time: 2.057, loss: 2.069e+03, emb_loss:0.009083, best_valid(recall@20): 0.07079
valid 	 N@10: 0.0471, R@10: 0.0412, P@10: 0.03684
valid 	 N@20: 0.05776, R@20: 0.07057, P@20: 0.03167
valid 	 N@50: 0.08192, R@50: 0.1356, P@50: 0.02473

6.033980853340449
2024-08-01 02:09:25,173 - [INFO] - current w_0 is 8.619972513557173
2024-08-01 02:10:23,955 - [INFO] - E:50|TAU:7.175 10.82, train_time: 57.06, VALID_time: 1.717, loss: 2.069e+03, emb_loss:0.009211, best_valid(recall@20): 0.07079
valid 	 N@10: 0.04732, R@10: 0.04151, P@10: 0.03712
valid 	 N@20: 0.05783, R@20: 0.07068, P@20: 0.03168
valid 	 N@50: 0.082, R@50: 0.1358, P@50: 0.02474

6.033980853340449
2024-08-01 02:10:23,984 - [INFO] - current w_0 is 8.619972513557173
2024-08-01 02:11:22,375 - [INFO] - E:51|TAU:7.172 10.81, train_time: 56.65, VALID_time: 1.739, loss: 2.068e+03, emb_loss:0.009339, best_valid(recall@20): 0.07079
valid 	 N@10: 0.04702, R@10: 0.04128, P@10: 0.03691
valid 	 N@20: 0.05771, R@20: 0.07061, P@20: 0.03171
valid 	 N@50: 0.08188, R@50: 0.1358, P@50: 0.02474

6.033980853340449
2024-08-01 02:11:22,409 - [INFO] - current w_0 is 8.619972513557173
2024-08-01 02:12:21,141 - [INFO] - E:52|TAU:7.168 10.79, train_time: 56.9, VALID_time: 1.831, loss: 2.067e+03, emb_loss:0.009465, best_valid(recall@20): 0.07079
valid 	 N@10: 0.04756, R@10: 0.04184, P@10: 0.03735
valid 	 N@20: 0.05786, R@20: 0.07048, P@20: 0.03167
valid 	 N@50: 0.08213, R@50: 0.1359, P@50: 0.02476

6.033980853340449
2024-08-01 02:12:21,177 - [INFO] - current w_0 is 8.619972513557173
2024-08-01 02:13:19,718 - [INFO] - E:53|TAU:7.184 10.8, train_time: 56.8, VALID_time: 1.742, loss: 2.066e+03, emb_loss:0.009591, best_valid(recall@20): 0.07079
valid 	 N@10: 0.04738, R@10: 0.0417, P@10: 0.03726
valid 	 N@20: 0.05774, R@20: 0.07053, P@20: 0.0317
valid 	 N@50: 0.08187, R@50: 0.1356, P@50: 0.0247

6.033980853340449
2024-08-01 02:13:19,747 - [INFO] - current w_0 is 8.619972513557173
2024-08-01 02:14:18,495 - [INFO] - E:54|TAU:7.168 10.79, train_time: 57.07, VALID_time: 1.669, loss: 2.065e+03, emb_loss:0.009715, best_valid(recall@20): 0.07079
valid 	 N@10: 0.04747, R@10: 0.04186, P@10: 0.03736
valid 	 N@20: 0.058, R@20: 0.07103, P@20: 0.03192
valid 	 N@50: 0.08205, R@50: 0.136, P@50: 0.02476

6.033980853340449
2024-08-01 02:14:18,547 - [INFO] - current w_0 is 8.619972513557173
2024-08-01 02:15:17,431 - [INFO] - E:55|TAU:7.172 10.8, train_time: 56.97, VALID_time: 1.911, loss: 2.064e+03, emb_loss:0.009839, best_valid(recall@20): 0.07103
valid 	 N@10: 0.04741, R@10: 0.04176, P@10: 0.03719
valid 	 N@20: 0.05789, R@20: 0.07067, P@20: 0.03178
valid 	 N@50: 0.08205, R@50: 0.1359, P@50: 0.02476

6.033980853340449
2024-08-01 02:15:17,464 - [INFO] - current w_0 is 8.619972513557173
2024-08-01 02:16:16,141 - [INFO] - E:56|TAU:7.173 10.81, train_time: 57.03, VALID_time: 1.635, loss: 2.064e+03, emb_loss:0.009962, best_valid(recall@20): 0.07103
valid 	 N@10: 0.04745, R@10: 0.04167, P@10: 0.03722
valid 	 N@20: 0.058, R@20: 0.07085, P@20: 0.03184
valid 	 N@50: 0.08193, R@50: 0.1354, P@50: 0.02467

6.033980853340449
2024-08-01 02:16:16,176 - [INFO] - current w_0 is 8.619972513557173
2024-08-01 02:17:14,584 - [INFO] - E:57|TAU:7.169 10.79, train_time: 56.76, VALID_time: 1.639, loss: 2.063e+03, emb_loss:0.01008, best_valid(recall@20): 0.07103
valid 	 N@10: 0.04746, R@10: 0.04182, P@10: 0.03733
valid 	 N@20: 0.0579, R@20: 0.07078, P@20: 0.03182
valid 	 N@50: 0.08205, R@50: 0.136, P@50: 0.02476

6.033980853340449
2024-08-01 02:17:14,615 - [INFO] - current w_0 is 8.619972513557173
2024-08-01 02:18:13,260 - [INFO] - E:58|TAU:7.169 10.77, train_time: 56.54, VALID_time: 2.093, loss: 2.062e+03, emb_loss:0.0102, best_valid(recall@20): 0.07103
valid 	 N@10: 0.04724, R@10: 0.04172, P@10: 0.03719
valid 	 N@20: 0.05777, R@20: 0.07085, P@20: 0.03177
valid 	 N@50: 0.08182, R@50: 0.1356, P@50: 0.0247

6.033980853340449
2024-08-01 02:18:13,289 - [INFO] - current w_0 is 8.619972513557173
2024-08-01 02:19:12,246 - [INFO] - E:59|TAU:7.175 10.74, train_time: 57.06, VALID_time: 1.895, loss: 2.061e+03, emb_loss:0.01032, best_valid(recall@20): 0.07103
valid 	 N@10: 0.04738, R@10: 0.04169, P@10: 0.03725
valid 	 N@20: 0.05808, R@20: 0.07121, P@20: 0.03195
valid 	 N@50: 0.08205, R@50: 0.1358, P@50: 0.02477

6.033980853340449
2024-08-01 02:19:12,309 - [INFO] - current w_0 is 8.619972513557173
2024-08-01 02:20:10,367 - [INFO] - E:60|TAU:7.168 10.82, train_time: 56.56, VALID_time: 1.496, loss: 2.061e+03, emb_loss:0.01044, best_valid(recall@20): 0.07121
valid 	 N@10: 0.04736, R@10: 0.04157, P@10: 0.03716
valid 	 N@20: 0.05793, R@20: 0.07071, P@20: 0.03182
valid 	 N@50: 0.08212, R@50: 0.136, P@50: 0.02479

6.033980853340449
2024-08-01 02:20:10,396 - [INFO] - current w_0 is 8.619972513557173
2024-08-01 02:21:11,682 - [INFO] - E:61|TAU:7.162 10.79, train_time: 56.95, VALID_time: 4.33, loss: 2.06e+03, emb_loss:0.01056, best_valid(recall@20): 0.07121
valid 	 N@10: 0.04749, R@10: 0.04172, P@10: 0.03729
valid 	 N@20: 0.05787, R@20: 0.07059, P@20: 0.03175
valid 	 N@50: 0.08214, R@50: 0.1361, P@50: 0.0248

6.033980853340449
2024-08-01 02:21:11,719 - [INFO] - current w_0 is 8.619972513557173
2024-08-01 02:22:10,209 - [INFO] - E:62|TAU:7.166 10.78, train_time: 56.59, VALID_time: 1.898, loss: 2.059e+03, emb_loss:0.01068, best_valid(recall@20): 0.07121
valid 	 N@10: 0.04745, R@10: 0.04173, P@10: 0.03722
valid 	 N@20: 0.05789, R@20: 0.07073, P@20: 0.03168
valid 	 N@50: 0.08205, R@50: 0.1358, P@50: 0.02474

6.033980853340449
2024-08-01 02:22:10,238 - [INFO] - current w_0 is 8.619972513557173
2024-08-01 02:23:08,853 - [INFO] - E:63|TAU:7.161 10.76, train_time: 56.86, VALID_time: 1.748, loss: 2.058e+03, emb_loss:0.01079, best_valid(recall@20): 0.07121
valid 	 N@10: 0.04745, R@10: 0.04183, P@10: 0.03727
valid 	 N@20: 0.05796, R@20: 0.07088, P@20: 0.03186
valid 	 N@50: 0.08202, R@50: 0.1358, P@50: 0.02475

6.033980853340449
2024-08-01 02:23:08,891 - [INFO] - current w_0 is 8.619972513557173
2024-08-01 02:24:06,973 - [INFO] - E:64|TAU:7.176 10.77, train_time: 56.57, VALID_time: 1.504, loss: 2.058e+03, emb_loss:0.01091, best_valid(recall@20): 0.07121
valid 	 N@10: 0.04743, R@10: 0.04174, P@10: 0.03719
valid 	 N@20: 0.05797, R@20: 0.07085, P@20: 0.03183
valid 	 N@50: 0.08206, R@50: 0.1358, P@50: 0.02479

6.033980853340449
2024-08-01 02:24:07,010 - [INFO] - current w_0 is 8.619972513557173
2024-08-01 02:25:05,574 - [INFO] - E:65|TAU:7.166 10.78, train_time: 57.05, VALID_time: 1.506, loss: 2.057e+03, emb_loss:0.01102, best_valid(recall@20): 0.07121
valid 	 N@10: 0.04737, R@10: 0.04153, P@10: 0.0372
valid 	 N@20: 0.05789, R@20: 0.07075, P@20: 0.03176
valid 	 N@50: 0.08209, R@50: 0.136, P@50: 0.02482

6.033980853340449
2024-08-01 02:25:05,603 - [INFO] - current w_0 is 8.619972513557173
2024-08-01 02:26:06,490 - [INFO] - E:66|TAU:7.159 10.74, train_time: 57.06, VALID_time: 3.819, loss: 2.057e+03, emb_loss:0.01113, best_valid(recall@20): 0.07121
valid 	 N@10: 0.04742, R@10: 0.04158, P@10: 0.03722
valid 	 N@20: 0.05811, R@20: 0.07108, P@20: 0.03192
valid 	 N@50: 0.08221, R@50: 0.1361, P@50: 0.02484

6.033980853340449
2024-08-01 02:26:06,530 - [INFO] - current w_0 is 8.619972513557173
2024-08-01 02:27:04,901 - [INFO] - E:67|TAU:7.164 10.8, train_time: 56.77, VALID_time: 1.591, loss: 2.056e+03, emb_loss:0.01124, best_valid(recall@20): 0.07121
valid 	 N@10: 0.04763, R@10: 0.0419, P@10: 0.03734
valid 	 N@20: 0.05803, R@20: 0.07073, P@20: 0.0318
valid 	 N@50: 0.08224, R@50: 0.1359, P@50: 0.02481

6.033980853340449
2024-08-01 02:27:04,935 - [INFO] - current w_0 is 8.619972513557173
2024-08-01 02:28:03,611 - [INFO] - E:68|TAU:7.151 10.8, train_time: 56.86, VALID_time: 1.81, loss: 2.055e+03, emb_loss:0.01136, best_valid(recall@20): 0.07121
valid 	 N@10: 0.04774, R@10: 0.04173, P@10: 0.03729
valid 	 N@20: 0.05822, R@20: 0.07085, P@20: 0.03179
valid 	 N@50: 0.08247, R@50: 0.1362, P@50: 0.02482

6.033980853340449
2024-08-01 02:28:03,640 - [INFO] - current w_0 is 8.619972513557173
2024-08-01 02:29:01,635 - [INFO] - E:69|TAU:7.162 10.76, train_time: 56.47, VALID_time: 1.52, loss: 2.055e+03, emb_loss:0.01147, best_valid(recall@20): 0.07121
valid 	 N@10: 0.04787, R@10: 0.04204, P@10: 0.03744
valid 	 N@20: 0.05848, R@20: 0.07141, P@20: 0.03199
valid 	 N@50: 0.08248, R@50: 0.1362, P@50: 0.02482

6.033980853340449
2024-08-01 02:29:01,686 - [INFO] - current w_0 is 8.619972513557173
2024-08-01 02:30:00,143 - [INFO] - E:70|TAU:7.148 10.77, train_time: 56.83, VALID_time: 1.616, loss: 2.054e+03, emb_loss:0.01158, best_valid(recall@20): 0.07141
valid 	 N@10: 0.0477, R@10: 0.04181, P@10: 0.03743
valid 	 N@20: 0.0581, R@20: 0.07085, P@20: 0.0318
valid 	 N@50: 0.08224, R@50: 0.1359, P@50: 0.02478

6.033980853340449
2024-08-01 02:30:00,173 - [INFO] - current w_0 is 8.619972513557173
2024-08-01 02:30:58,478 - [INFO] - E:71|TAU:7.16 10.75, train_time: 56.68, VALID_time: 1.619, loss: 2.053e+03, emb_loss:0.01168, best_valid(recall@20): 0.07141
valid 	 N@10: 0.04753, R@10: 0.04169, P@10: 0.03727
valid 	 N@20: 0.05803, R@20: 0.07076, P@20: 0.03184
valid 	 N@50: 0.08231, R@50: 0.1362, P@50: 0.02484

6.033980853340449
2024-08-01 02:30:58,522 - [INFO] - current w_0 is 8.619972513557173
2024-08-01 02:31:59,079 - [INFO] - E:72|TAU:7.162 10.76, train_time: 56.81, VALID_time: 3.742, loss: 2.052e+03, emb_loss:0.01179, best_valid(recall@20): 0.07141
valid 	 N@10: 0.0476, R@10: 0.04185, P@10: 0.0374
valid 	 N@20: 0.0579, R@20: 0.07063, P@20: 0.03171
valid 	 N@50: 0.08225, R@50: 0.1362, P@50: 0.02485

6.033980853340449
2024-08-01 02:31:59,112 - [INFO] - current w_0 is 8.619972513557173
2024-08-01 02:32:57,443 - [INFO] - E:73|TAU:7.155 10.76, train_time: 56.68, VALID_time: 1.647, loss: 2.052e+03, emb_loss:0.0119, best_valid(recall@20): 0.07141
valid 	 N@10: 0.04765, R@10: 0.04179, P@10: 0.03737
valid 	 N@20: 0.05816, R@20: 0.07094, P@20: 0.03186
valid 	 N@50: 0.08246, R@50: 0.1366, P@50: 0.02486

6.033980853340449
2024-08-01 02:32:57,472 - [INFO] - current w_0 is 8.619972513557173
2024-08-01 02:33:56,139 - [INFO] - E:74|TAU:7.163 10.74, train_time: 57.08, VALID_time: 1.578, loss: 2.051e+03, emb_loss:0.012, best_valid(recall@20): 0.07141
valid 	 N@10: 0.04767, R@10: 0.04197, P@10: 0.03745
valid 	 N@20: 0.05801, R@20: 0.07073, P@20: 0.03182
valid 	 N@50: 0.08231, R@50: 0.1362, P@50: 0.02486

6.033980853340449
2024-08-01 02:33:56,169 - [INFO] - current w_0 is 8.619972513557173
2024-08-01 02:34:54,746 - [INFO] - E:75|TAU:7.16 10.74, train_time: 56.64, VALID_time: 1.935, loss: 2.051e+03, emb_loss:0.0121, best_valid(recall@20): 0.07141
valid 	 N@10: 0.04775, R@10: 0.04185, P@10: 0.03741
valid 	 N@20: 0.05807, R@20: 0.07063, P@20: 0.03173
valid 	 N@50: 0.08242, R@50: 0.1363, P@50: 0.02483

6.033980853340449
2024-08-01 02:34:54,776 - [INFO] - current w_0 is 8.619972513557173
2024-08-01 02:35:53,647 - [INFO] - E:76|TAU:7.157 10.74, train_time: 57.13, VALID_time: 1.729, loss: 2.05e+03, emb_loss:0.01221, best_valid(recall@20): 0.07141
valid 	 N@10: 0.0477, R@10: 0.04213, P@10: 0.03761
valid 	 N@20: 0.05781, R@20: 0.07042, P@20: 0.03169
valid 	 N@50: 0.08223, R@50: 0.1362, P@50: 0.02483

6.033980853340449
2024-08-01 02:35:53,677 - [INFO] - current w_0 is 8.619972513557173
2024-08-01 02:36:52,843 - [INFO] - E:77|TAU:7.154 10.72, train_time: 56.88, VALID_time: 2.275, loss: 2.049e+03, emb_loss:0.01231, best_valid(recall@20): 0.07141
valid 	 N@10: 0.04769, R@10: 0.04204, P@10: 0.03739
valid 	 N@20: 0.05808, R@20: 0.07073, P@20: 0.03183
valid 	 N@50: 0.08241, R@50: 0.1363, P@50: 0.02487

6.033980853340449
2024-08-01 02:36:52,882 - [INFO] - current w_0 is 8.619972513557173
2024-08-01 02:37:52,042 - [INFO] - E:78|TAU:7.165 10.75, train_time: 56.88, VALID_time: 2.275, loss: 2.049e+03, emb_loss:0.01241, best_valid(recall@20): 0.07141
valid 	 N@10: 0.04778, R@10: 0.042, P@10: 0.03747
valid 	 N@20: 0.05811, R@20: 0.07077, P@20: 0.03181
valid 	 N@50: 0.0823, R@50: 0.1359, P@50: 0.02481

6.033980853340449
2024-08-01 02:37:52,071 - [INFO] - current w_0 is 8.619972513557173
2024-08-01 02:38:50,757 - [INFO] - E:79|TAU:7.171 10.73, train_time: 56.92, VALID_time: 1.762, loss: 2.048e+03, emb_loss:0.01251, best_valid(recall@20): 0.07141
valid 	 N@10: 0.04748, R@10: 0.04162, P@10: 0.03719
valid 	 N@20: 0.05803, R@20: 0.07085, P@20: 0.03182
valid 	 N@50: 0.08228, R@50: 0.1362, P@50: 0.02485

6.033980853340449
2024-08-01 02:38:50,795 - [INFO] - current w_0 is 8.619972513557173
2024-08-01 02:39:49,160 - [INFO] - E:80|TAU:7.156 10.74, train_time: 56.43, VALID_time: 1.932, loss: 2.048e+03, emb_loss:0.01261, best_valid(recall@20): 0.07141
valid 	 N@10: 0.04767, R@10: 0.04195, P@10: 0.03744
valid 	 N@20: 0.05809, R@20: 0.07087, P@20: 0.03185
valid 	 N@50: 0.08234, R@50: 0.1362, P@50: 0.02486

6.033980853340449
2024-08-01 02:39:49,190 - [INFO] - current w_0 is 8.619972513557173
2024-08-01 02:40:47,836 - [INFO] - E:81|TAU:7.161 10.74, train_time: 56.86, VALID_time: 1.779, loss: 2.047e+03, emb_loss:0.01271, best_valid(recall@20): 0.07141
valid 	 N@10: 0.04769, R@10: 0.04183, P@10: 0.03737
valid 	 N@20: 0.05809, R@20: 0.07074, P@20: 0.03179
valid 	 N@50: 0.08241, R@50: 0.1363, P@50: 0.02486

6.033980853340449
2024-08-01 02:40:47,882 - [INFO] - current w_0 is 8.619972513557173
2024-08-01 02:41:46,481 - [INFO] - E:82|TAU:7.147 10.7, train_time: 56.72, VALID_time: 1.872, loss: 2.047e+03, emb_loss:0.01281, best_valid(recall@20): 0.07141
valid 	 N@10: 0.04785, R@10: 0.04193, P@10: 0.03742
valid 	 N@20: 0.05829, R@20: 0.0709, P@20: 0.03189
valid 	 N@50: 0.08247, R@50: 0.1362, P@50: 0.02484

6.033980853340449
2024-08-01 02:41:46,519 - [INFO] - current w_0 is 8.619972513557173
2024-08-01 02:42:46,278 - [INFO] - E:83|TAU:7.148 10.71, train_time: 57.28, VALID_time: 2.479, loss: 2.046e+03, emb_loss:0.01291, best_valid(recall@20): 0.07141
valid 	 N@10: 0.04769, R@10: 0.04211, P@10: 0.03752
valid 	 N@20: 0.05805, R@20: 0.07086, P@20: 0.03187
valid 	 N@50: 0.08232, R@50: 0.1363, P@50: 0.02489

6.033980853340449
2024-08-01 02:42:46,307 - [INFO] - current w_0 is 8.619972513557173
2024-08-01 02:43:45,460 - [INFO] - E:84|TAU:7.167 10.71, train_time: 56.88, VALID_time: 2.27, loss: 2.046e+03, emb_loss:0.013, best_valid(recall@20): 0.07141
valid 	 N@10: 0.04759, R@10: 0.04199, P@10: 0.03746
valid 	 N@20: 0.05778, R@20: 0.07033, P@20: 0.03168
valid 	 N@50: 0.08213, R@50: 0.1358, P@50: 0.02482

6.033980853340449
2024-08-01 02:43:45,511 - [INFO] - current w_0 is 8.619972513557173
2024-08-01 02:44:44,718 - [INFO] - E:85|TAU:7.143 10.73, train_time: 57.08, VALID_time: 2.124, loss: 2.045e+03, emb_loss:0.0131, best_valid(recall@20): 0.07141
valid 	 N@10: 0.04762, R@10: 0.0418, P@10: 0.03736
valid 	 N@20: 0.05813, R@20: 0.07089, P@20: 0.03187
valid 	 N@50: 0.08234, R@50: 0.1362, P@50: 0.02484

6.033980853340449
2024-08-01 02:44:44,747 - [INFO] - current w_0 is 8.619972513557173
2024-08-01 02:45:44,199 - [INFO] - E:86|TAU:7.159 10.72, train_time: 57.06, VALID_time: 2.385, loss: 2.045e+03, emb_loss:0.01319, best_valid(recall@20): 0.07141
valid 	 N@10: 0.04769, R@10: 0.04194, P@10: 0.03746
valid 	 N@20: 0.05811, R@20: 0.07084, P@20: 0.03187
valid 	 N@50: 0.08239, R@50: 0.1364, P@50: 0.02488

6.033980853340449
2024-08-01 02:45:44,228 - [INFO] - current w_0 is 8.619972513557173
2024-08-01 02:46:43,050 - [INFO] - E:87|TAU:7.147 10.73, train_time: 56.85, VALID_time: 1.967, loss: 2.044e+03, emb_loss:0.01328, best_valid(recall@20): 0.07141
valid 	 N@10: 0.04786, R@10: 0.04214, P@10: 0.03759
valid 	 N@20: 0.05815, R@20: 0.07082, P@20: 0.03185
valid 	 N@50: 0.08236, R@50: 0.1362, P@50: 0.02484

6.033980853340449
2024-08-01 02:46:43,079 - [INFO] - current w_0 is 8.619972513557173
2024-08-01 02:47:41,833 - [INFO] - E:88|TAU:7.154 10.7, train_time: 57.19, VALID_time: 1.563, loss: 2.043e+03, emb_loss:0.01338, best_valid(recall@20): 0.07141
valid 	 N@10: 0.0478, R@10: 0.04193, P@10: 0.03746
valid 	 N@20: 0.05828, R@20: 0.07096, P@20: 0.03195
valid 	 N@50: 0.08244, R@50: 0.1362, P@50: 0.02483

6.033980853340449
2024-08-01 02:47:41,863 - [INFO] - current w_0 is 8.619972513557173
2024-08-01 02:48:40,248 - [INFO] - E:89|TAU:7.15 10.68, train_time: 56.4, VALID_time: 1.98, loss: 2.043e+03, emb_loss:0.01347, best_valid(recall@20): 0.07141
valid 	 N@10: 0.04787, R@10: 0.04208, P@10: 0.03763
valid 	 N@20: 0.05815, R@20: 0.07069, P@20: 0.03188
valid 	 N@50: 0.08248, R@50: 0.1364, P@50: 0.02488

6.033980853340449
2024-08-01 02:48:40,279 - [INFO] - current w_0 is 8.619972513557173
2024-08-01 02:49:39,510 - [INFO] - E:90|TAU:7.15 10.72, train_time: 56.93, VALID_time: 2.294, loss: 2.044e+03, emb_loss:0.01356, best_valid(recall@20): 0.07141
valid 	 N@10: 0.04788, R@10: 0.04193, P@10: 0.03752
valid 	 N@20: 0.05828, R@20: 0.07086, P@20: 0.03191
valid 	 N@50: 0.0825, R@50: 0.1362, P@50: 0.02486

6.033980853340449
2024-08-01 02:49:39,542 - [INFO] - current w_0 is 8.619972513557173
2024-08-01 02:50:38,156 - [INFO] - E:91|TAU:7.141 10.69, train_time: 56.69, VALID_time: 1.915, loss: 2.042e+03, emb_loss:0.01365, best_valid(recall@20): 0.07141
valid 	 N@10: 0.04783, R@10: 0.04211, P@10: 0.03758
valid 	 N@20: 0.05808, R@20: 0.07077, P@20: 0.03182
valid 	 N@50: 0.08235, R@50: 0.1361, P@50: 0.02486

6.033980853340449
2024-08-01 02:50:38,185 - [INFO] - current w_0 is 8.619972513557173
2024-08-01 02:51:37,074 - [INFO] - E:92|TAU:7.14 10.68, train_time: 56.77, VALID_time: 2.111, loss: 2.041e+03, emb_loss:0.01374, best_valid(recall@20): 0.07141
valid 	 N@10: 0.04769, R@10: 0.04192, P@10: 0.03737
valid 	 N@20: 0.05802, R@20: 0.07061, P@20: 0.03176
valid 	 N@50: 0.08241, R@50: 0.1364, P@50: 0.02486

6.033980853340449
2024-08-01 02:51:37,106 - [INFO] - current w_0 is 8.619972513557173
2024-08-01 02:52:35,249 - [INFO] - E:93|TAU:7.145 10.69, train_time: 56.66, VALID_time: 1.481, loss: 2.042e+03, emb_loss:0.01383, best_valid(recall@20): 0.07141
valid 	 N@10: 0.04775, R@10: 0.04204, P@10: 0.03746
valid 	 N@20: 0.05814, R@20: 0.07087, P@20: 0.03186
valid 	 N@50: 0.08242, R@50: 0.1363, P@50: 0.02486

6.033980853340449
2024-08-01 02:52:35,278 - [INFO] - current w_0 is 8.619972513557173
2024-08-01 02:53:33,973 - [INFO] - E:94|TAU:7.145 10.69, train_time: 57.06, VALID_time: 1.624, loss: 2.041e+03, emb_loss:0.01391, best_valid(recall@20): 0.07141
valid 	 N@10: 0.04795, R@10: 0.04207, P@10: 0.03755
valid 	 N@20: 0.05827, R@20: 0.07081, P@20: 0.03183
valid 	 N@50: 0.08248, R@50: 0.1361, P@50: 0.02482

6.033980853340449
2024-08-01 02:53:34,007 - [INFO] - current w_0 is 8.619972513557173
2024-08-01 02:54:32,080 - [INFO] - E:95|TAU:7.149 10.71, train_time: 56.23, VALID_time: 1.837, loss: 2.04e+03, emb_loss:0.014, best_valid(recall@20): 0.07141
valid 	 N@10: 0.0477, R@10: 0.042, P@10: 0.03749
valid 	 N@20: 0.0581, R@20: 0.07085, P@20: 0.03183
valid 	 N@50: 0.08237, R@50: 0.1363, P@50: 0.02484

6.033980853340449
2024-08-01 02:54:32,109 - [INFO] - current w_0 is 8.619972513557173
2024-08-01 02:55:31,327 - [INFO] - E:96|TAU:7.145 10.72, train_time: 57.12, VALID_time: 2.092, loss: 2.04e+03, emb_loss:0.01409, best_valid(recall@20): 0.07141
valid 	 N@10: 0.04767, R@10: 0.04181, P@10: 0.03739
valid 	 N@20: 0.05828, R@20: 0.07111, P@20: 0.03198
valid 	 N@50: 0.08242, R@50: 0.1363, P@50: 0.02484

6.033980853340449
2024-08-01 02:55:31,366 - [INFO] - current w_0 is 8.619972513557173
2024-08-01 02:56:31,035 - [INFO] - E:97|TAU:7.141 10.65, train_time: 56.84, VALID_time: 2.825, loss: 2.039e+03, emb_loss:0.01417, best_valid(recall@20): 0.07141
valid 	 N@10: 0.04772, R@10: 0.04185, P@10: 0.03736
valid 	 N@20: 0.0583, R@20: 0.07103, P@20: 0.03195
valid 	 N@50: 0.08242, R@50: 0.1362, P@50: 0.02483

6.033980853340449
2024-08-01 02:56:31,065 - [INFO] - current w_0 is 8.619972513557173
2024-08-01 02:57:29,382 - [INFO] - E:98|TAU:7.146 10.69, train_time: 56.7, VALID_time: 1.611, loss: 2.039e+03, emb_loss:0.01425, best_valid(recall@20): 0.07141
valid 	 N@10: 0.04763, R@10: 0.04186, P@10: 0.03737
valid 	 N@20: 0.05817, R@20: 0.07092, P@20: 0.0319
valid 	 N@50: 0.08235, R@50: 0.1361, P@50: 0.02484

6.033980853340449
2024-08-01 02:57:29,422 - [INFO] - current w_0 is 8.619972513557173
2024-08-01 02:58:28,569 - [INFO] - E:99|TAU:7.141 10.69, train_time: 57.14, VALID_time: 2.0, loss: 2.039e+03, emb_loss:0.01434, best_valid(recall@20): 0.07141
valid 	 N@10: 0.04767, R@10: 0.04201, P@10: 0.03744
valid 	 N@20: 0.05809, R@20: 0.07087, P@20: 0.03186
valid 	 N@50: 0.08229, R@50: 0.1361, P@50: 0.02483

2024-08-01 02:58:28,608 - [INFO] - current w_0 is 9.693487167358398
2024-08-01 02:59:26,875 - [INFO] - E:100|TAU:8.02 12.01, train_time: 56.63, VALID_time: 1.642, loss: 1.926e+03, emb_loss:0.01444, best_valid(recall@20): 0.07141
valid 	 N@10: 0.04766, R@10: 0.0419, P@10: 0.03744
valid 	 N@20: 0.05831, R@20: 0.07136, P@20: 0.03202
valid 	 N@50: 0.08237, R@50: 0.1362, P@50: 0.02483

2024-08-01 02:59:26,919 - [INFO] - current w_0 is 9.864446640014648
2024-08-01 03:00:26,145 - [INFO] - E:101|TAU:8.175 12.08, train_time: 57.09, VALID_time: 2.141, loss: 1.901e+03, emb_loss:0.01455, best_valid(recall@20): 0.07141
valid 	 N@10: 0.04742, R@10: 0.04171, P@10: 0.03725
valid 	 N@20: 0.05822, R@20: 0.0714, P@20: 0.03205
valid 	 N@50: 0.08231, R@50: 0.1364, P@50: 0.02487

2024-08-01 03:00:26,197 - [INFO] - current w_0 is 9.968891143798828
2024-08-01 03:01:24,441 - [INFO] - E:102|TAU:8.279 12.08, train_time: 56.58, VALID_time: 1.669, loss: 1.886e+03, emb_loss:0.01465, best_valid(recall@20): 0.07141
valid 	 N@10: 0.04771, R@10: 0.04191, P@10: 0.03745
valid 	 N@20: 0.05826, R@20: 0.07108, P@20: 0.03197
valid 	 N@50: 0.08251, R@50: 0.1365, P@50: 0.02489

2024-08-01 03:01:24,480 - [INFO] - current w_0 is 10.036792755126953
2024-08-01 03:02:23,238 - [INFO] - E:103|TAU:8.328 12.15, train_time: 56.97, VALID_time: 1.793, loss: 1.876e+03, emb_loss:0.01476, best_valid(recall@20): 0.07141
valid 	 N@10: 0.04746, R@10: 0.04169, P@10: 0.03722
valid 	 N@20: 0.05808, R@20: 0.0709, P@20: 0.03187
valid 	 N@50: 0.08237, R@50: 0.1364, P@50: 0.0249

2024-08-01 03:02:23,278 - [INFO] - current w_0 is 10.084123611450195
2024-08-01 03:03:21,182 - [INFO] - E:104|TAU:8.386 12.24, train_time: 56.41, VALID_time: 1.502, loss: 1.869e+03, emb_loss:0.01485, best_valid(recall@20): 0.07141
valid 	 N@10: 0.04766, R@10: 0.04193, P@10: 0.03744
valid 	 N@20: 0.05815, R@20: 0.07098, P@20: 0.0319
valid 	 N@50: 0.08222, R@50: 0.1359, P@50: 0.0248

2024-08-01 03:03:21,226 - [INFO] - current w_0 is 10.119107246398926
2024-08-01 03:04:19,932 - [INFO] - E:105|TAU:8.418 12.29, train_time: 57.0, VALID_time: 1.709, loss: 1.864e+03, emb_loss:0.01495, best_valid(recall@20): 0.07141
valid 	 N@10: 0.04744, R@10: 0.04189, P@10: 0.03727
valid 	 N@20: 0.05813, R@20: 0.07121, P@20: 0.032
valid 	 N@50: 0.08207, R@50: 0.1358, P@50: 0.0248

2024-08-01 03:04:19,976 - [INFO] - current w_0 is 10.145166397094727
2024-08-01 03:05:22,036 - [INFO] - E:106|TAU:8.466 12.34, train_time: 57.05, VALID_time: 5.007, loss: 1.86e+03, emb_loss:0.01504, best_valid(recall@20): 0.07141
valid 	 N@10: 0.04765, R@10: 0.04185, P@10: 0.03735
valid 	 N@20: 0.05803, R@20: 0.07074, P@20: 0.03178
valid 	 N@50: 0.08209, R@50: 0.1356, P@50: 0.02474

2024-08-01 03:05:22,084 - [INFO] - current w_0 is 10.164849281311035
2024-08-01 03:06:21,037 - [INFO] - E:107|TAU:8.466 12.29, train_time: 57.28, VALID_time: 1.677, loss: 1.857e+03, emb_loss:0.01513, best_valid(recall@20): 0.07141
valid 	 N@10: 0.04746, R@10: 0.04187, P@10: 0.03727
valid 	 N@20: 0.05796, R@20: 0.07082, P@20: 0.03186
valid 	 N@50: 0.08193, R@50: 0.1355, P@50: 0.02474

2024-08-01 03:06:21,073 - [INFO] - current w_0 is 10.180201530456543
2024-08-01 03:07:19,556 - [INFO] - E:108|TAU:8.494 12.23, train_time: 56.87, VALID_time: 1.609, loss: 1.855e+03, emb_loss:0.01522, best_valid(recall@20): 0.07141
valid 	 N@10: 0.04753, R@10: 0.042, P@10: 0.03742
valid 	 N@20: 0.05806, R@20: 0.07113, P@20: 0.03194
valid 	 N@50: 0.08179, R@50: 0.1352, P@50: 0.02468

2024-08-01 03:07:19,595 - [INFO] - current w_0 is 10.192342758178711
2024-08-01 03:08:20,522 - [INFO] - E:109|TAU:8.5 12.33, train_time: 56.8, VALID_time: 4.136, loss: 1.853e+03, emb_loss:0.01531, best_valid(recall@20): 0.07141
valid 	 N@10: 0.04761, R@10: 0.04194, P@10: 0.0375
valid 	 N@20: 0.05795, R@20: 0.07082, P@20: 0.03184
valid 	 N@50: 0.08194, R@50: 0.1356, P@50: 0.02475

2024-08-01 03:08:20,624 - [INFO] - current w_0 is 10.201278686523438
2024-08-01 03:09:19,241 - [INFO] - E:110|TAU:8.503 12.36, train_time: 56.95, VALID_time: 1.666, loss: 1.851e+03, emb_loss:0.0154, best_valid(recall@20): 0.07141
valid 	 N@10: 0.04756, R@10: 0.04181, P@10: 0.03741
valid 	 N@20: 0.05797, R@20: 0.07083, P@20: 0.03185
valid 	 N@50: 0.08194, R@50: 0.1356, P@50: 0.02475

2024-08-01 03:09:19,282 - [INFO] - current w_0 is 10.20799446105957
2024-08-01 03:10:17,431 - [INFO] - E:111|TAU:8.517 12.38, train_time: 56.53, VALID_time: 1.621, loss: 1.85e+03, emb_loss:0.01549, best_valid(recall@20): 0.07141
valid 	 N@10: 0.04755, R@10: 0.04168, P@10: 0.0373
valid 	 N@20: 0.05809, R@20: 0.07097, P@20: 0.03187
valid 	 N@50: 0.08195, R@50: 0.1354, P@50: 0.02471

2024-08-01 03:10:17,472 - [INFO] - current w_0 is 10.214906692504883
2024-08-01 03:11:16,152 - [INFO] - E:112|TAU:8.515 12.32, train_time: 56.87, VALID_time: 1.806, loss: 1.848e+03, emb_loss:0.01558, best_valid(recall@20): 0.07141
valid 	 N@10: 0.04748, R@10: 0.04182, P@10: 0.03724
valid 	 N@20: 0.05791, R@20: 0.07066, P@20: 0.03178
valid 	 N@50: 0.08185, R@50: 0.1353, P@50: 0.02467

2024-08-01 03:11:16,189 - [INFO] - current w_0 is 10.219943046569824
2024-08-01 03:12:14,373 - [INFO] - E:113|TAU:8.519 12.31, train_time: 56.62, VALID_time: 1.562, loss: 1.847e+03, emb_loss:0.01567, best_valid(recall@20): 0.07141
valid 	 N@10: 0.04762, R@10: 0.04184, P@10: 0.03739
valid 	 N@20: 0.05793, R@20: 0.07058, P@20: 0.03174
valid 	 N@50: 0.08179, R@50: 0.135, P@50: 0.02465

2024-08-01 03:12:14,409 - [INFO] - current w_0 is 10.222539901733398
2024-08-01 03:13:13,154 - [INFO] - E:114|TAU:8.524 12.34, train_time: 57.07, VALID_time: 1.672, loss: 1.846e+03, emb_loss:0.01575, best_valid(recall@20): 0.07141
valid 	 N@10: 0.04757, R@10: 0.04185, P@10: 0.03741
valid 	 N@20: 0.05788, R@20: 0.07059, P@20: 0.03174
valid 	 N@50: 0.08181, R@50: 0.1352, P@50: 0.02467

2024-08-01 03:13:13,189 - [INFO] - current w_0 is 10.225443840026855
2024-08-01 03:14:11,595 - [INFO] - E:115|TAU:8.529 12.34, train_time: 56.77, VALID_time: 1.634, loss: 1.845e+03, emb_loss:0.01584, best_valid(recall@20): 0.07141
valid 	 N@10: 0.04743, R@10: 0.04181, P@10: 0.03728
valid 	 N@20: 0.05781, R@20: 0.07057, P@20: 0.03174
valid 	 N@50: 0.08169, R@50: 0.135, P@50: 0.02466

2024-08-01 03:14:11,631 - [INFO] - current w_0 is 10.227978706359863
2024-08-01 03:15:10,579 - [INFO] - E:116|TAU:8.505 12.3, train_time: 57.0, VALID_time: 1.945, loss: 1.844e+03, emb_loss:0.01592, best_valid(recall@20): 0.07141
valid 	 N@10: 0.04752, R@10: 0.0419, P@10: 0.03732
valid 	 N@20: 0.05791, R@20: 0.07065, P@20: 0.0318
valid 	 N@50: 0.08179, R@50: 0.1352, P@50: 0.02466

2024-08-01 03:15:10,613 - [INFO] - current w_0 is 10.22884750366211
2024-08-01 03:16:10,934 - [INFO] - E:117|TAU:8.534 12.32, train_time: 56.89, VALID_time: 3.429, loss: 1.844e+03, emb_loss:0.016, best_valid(recall@20): 0.07141
valid 	 N@10: 0.04747, R@10: 0.04172, P@10: 0.03725
valid 	 N@20: 0.05793, R@20: 0.07064, P@20: 0.03177
valid 	 N@50: 0.08168, R@50: 0.1348, P@50: 0.0246

2024-08-01 03:16:11,124 - [INFO] - current w_0 is 10.229719161987305
2024-08-01 03:17:09,678 - [INFO] - E:118|TAU:8.512 12.31, train_time: 56.9, VALID_time: 1.657, loss: 1.843e+03, emb_loss:0.01609, best_valid(recall@20): 0.07141
valid 	 N@10: 0.04738, R@10: 0.04183, P@10: 0.03726
valid 	 N@20: 0.0578, R@20: 0.07056, P@20: 0.03174
valid 	 N@50: 0.08178, R@50: 0.1354, P@50: 0.02469

2024-08-01 03:17:09,721 - [INFO] - current w_0 is 10.229761123657227
2024-08-01 03:18:08,369 - [INFO] - E:119|TAU:8.519 12.29, train_time: 56.84, VALID_time: 1.809, loss: 1.842e+03, emb_loss:0.01617, best_valid(recall@20): 0.07141
valid 	 N@10: 0.04748, R@10: 0.04179, P@10: 0.03728
valid 	 N@20: 0.05779, R@20: 0.07043, P@20: 0.03169
valid 	 N@50: 0.08168, R@50: 0.1349, P@50: 0.02463

2024-08-01 03:18:08,407 - [INFO] - current w_0 is 10.229910850524902
2024-08-01 03:19:08,135 - [INFO] - E:120|TAU:8.523 12.32, train_time: 56.61, VALID_time: 3.119, loss: 1.841e+03, emb_loss:0.01625, best_valid(recall@20): 0.07141
valid 	 N@10: 0.04738, R@10: 0.04166, P@10: 0.03717
valid 	 N@20: 0.05782, R@20: 0.07047, P@20: 0.03172
valid 	 N@50: 0.08173, R@50: 0.135, P@50: 0.02466

2024-08-01 03:19:08,136 - [INFO] - start to test!!

2024-08-01 03:19:08,879 - [INFO] - 
TEST 	 N@10: 0.04787, R@10: 0.04204, P@10: 0.03744
TEST 	 N@20: 0.05848, R@20: 0.07141, P@20: 0.03199
TEST 	 N@50: 0.08248, R@50: 0.1362, P@50: 0.02482

