2024-07-31 20:43:50,935 - [INFO] - {'dataset': 'yelp2018', 'data_path': './data/', 'name': 'yelp2018_LGN_mode_weight_mean_no_sample_nocosine_TAU_Adap_tau_Loss_2048_1024_lr_1e-3_l2_1e-1_t1_1.0_t2_1.5_drop_31_07_2024_20:43:50', 'train_ratio': 0.8, 'gnn': 'lgn', 'epoch': 1000, 'batch_size': 2048, 'test_batch_size': 2048, 'dim': 64, 'l2': 0.1, 'lr': 0.001, 'mess_dropout': True, 'mess_dropout_rate': 0.1, 'edge_dropout': False, 'edge_dropout_rate': 0.1, 'n_negs': 1024, 'pool': 'mean', 'cuda': True, 'gpu_id': 0, 'Ks': '[10, 20, 50]', 'context_hops': 3, 'eval_earlystop': 'recall@20', 'temperature': 1.0, 'temperature_2': 1.5, 'temperature_3': 1.0, 'u_norm': True, 'i_norm': True, 'out_dir': './weights/', 'log_dir': './log/', 'config_dir': './config/', 'restore': False, 'loss_fn': 'Adap_tau_Loss', 'sampling_method': 'no_sample', 'generate_mode': 'nocosine', 'tau_mode': 'weight_mean', 'cnt_lr': 100, 'func': 1.2, 'func_origin': 0.1, 'cl_rate': 0.3, 'cf_rate': 0.0}
2024-07-31 20:43:52,781 - [INFO] - load train.txt
2024-07-31 20:43:56,529 - [INFO] - building the adj mat ...
2024-07-31 20:43:57,056 - [INFO] - train set len is 1237259
2024-07-31 20:43:57,056 - [INFO] - test set len is 324147
2024-07-31 20:43:57,056 - [INFO] - loading over ...
2024-07-31 20:43:57,056 - [INFO] - users are 31668 items are 38048
Adap_tau_Loss
start to make tables
2024-07-31 20:44:06,087 - [INFO] - Evaluation Protocols is 1 @ 20
2024-07-31 20:44:06,087 - [INFO] - start training ...
6.033980853340449
2024-07-31 20:44:06,121 - [INFO] - current w_0 is 8.619972513557173
2024-07-31 20:44:27,514 - [INFO] - E:0|TAU:8.62 8.62, train_time: 19.95, VALID_time: 1.441, loss: 5.906e+03, emb_loss:0.003405, best_valid(recall@20): -inf
valid 	 N@10: 0.04288, R@10: 0.03744, P@10: 0.03386
valid 	 N@20: 0.05236, R@20: 0.06373, P@20: 0.02903
valid 	 N@50: 0.07428, R@50: 0.123, P@50: 0.02263

6.033980853340449
2024-07-31 20:44:27,562 - [INFO] - current w_0 is 8.619972513557173
2024-07-31 20:44:48,937 - [INFO] - E:1|TAU:6.89 11.49, train_time: 19.97, VALID_time: 1.404, loss: 5.563e+03, emb_loss:0.007242, best_valid(recall@20): 0.06373
valid 	 N@10: 0.0453, R@10: 0.03923, P@10: 0.03543
valid 	 N@20: 0.0555, R@20: 0.06738, P@20: 0.03061
valid 	 N@50: 0.07862, R@50: 0.1298, P@50: 0.02387

6.033980853340449
2024-07-31 20:44:48,991 - [INFO] - current w_0 is 8.619972513557173
2024-07-31 20:45:10,511 - [INFO] - E:2|TAU:6.975 9.913, train_time: 20.16, VALID_time: 1.361, loss: 5.475e+03, emb_loss:0.01079, best_valid(recall@20): 0.06738
valid 	 N@10: 0.04675, R@10: 0.04057, P@10: 0.03652
valid 	 N@20: 0.05695, R@20: 0.06878, P@20: 0.03127
valid 	 N@50: 0.08037, R@50: 0.132, P@50: 0.02431

6.033980853340449
2024-07-31 20:45:10,561 - [INFO] - current w_0 is 8.619972513557173
2024-07-31 20:45:32,437 - [INFO] - E:3|TAU:6.988 10.03, train_time: 20.26, VALID_time: 1.611, loss: 5.448e+03, emb_loss:0.01425, best_valid(recall@20): 0.06878
valid 	 N@10: 0.04781, R@10: 0.04145, P@10: 0.03735
valid 	 N@20: 0.05797, R@20: 0.06975, P@20: 0.03176
valid 	 N@50: 0.08179, R@50: 0.1341, P@50: 0.02467

6.033980853340449
2024-07-31 20:45:32,496 - [INFO] - current w_0 is 8.619972513557173
2024-07-31 20:45:54,243 - [INFO] - E:4|TAU:6.997 10.01, train_time: 20.34, VALID_time: 1.405, loss: 5.432e+03, emb_loss:0.01779, best_valid(recall@20): 0.06975
valid 	 N@10: 0.04816, R@10: 0.04176, P@10: 0.03763
valid 	 N@20: 0.05851, R@20: 0.07062, P@20: 0.03209
valid 	 N@50: 0.0823, R@50: 0.135, P@50: 0.02484

6.033980853340449
2024-07-31 20:45:54,293 - [INFO] - current w_0 is 8.619972513557173
2024-07-31 20:46:15,915 - [INFO] - E:5|TAU:7.008 10.01, train_time: 20.19, VALID_time: 1.43, loss: 5.422e+03, emb_loss:0.0214, best_valid(recall@20): 0.07062
valid 	 N@10: 0.0486, R@10: 0.04207, P@10: 0.03789
valid 	 N@20: 0.05887, R@20: 0.07093, P@20: 0.03217
valid 	 N@50: 0.08285, R@50: 0.1358, P@50: 0.02497

6.033980853340449
2024-07-31 20:46:15,965 - [INFO] - current w_0 is 8.619972513557173
2024-07-31 20:46:37,516 - [INFO] - E:6|TAU:7.009 10.01, train_time: 20.19, VALID_time: 1.357, loss: 5.415e+03, emb_loss:0.02505, best_valid(recall@20): 0.07093
valid 	 N@10: 0.04916, R@10: 0.04256, P@10: 0.03833
valid 	 N@20: 0.05931, R@20: 0.07124, P@20: 0.03234
valid 	 N@50: 0.08348, R@50: 0.1366, P@50: 0.0251

6.033980853340449
2024-07-31 20:46:37,573 - [INFO] - current w_0 is 8.619972513557173
2024-07-31 20:46:59,207 - [INFO] - E:7|TAU:7.013 9.999, train_time: 20.28, VALID_time: 1.351, loss: 5.41e+03, emb_loss:0.02869, best_valid(recall@20): 0.07124
valid 	 N@10: 0.04955, R@10: 0.04293, P@10: 0.03864
valid 	 N@20: 0.05976, R@20: 0.07175, P@20: 0.03261
valid 	 N@50: 0.08402, R@50: 0.1374, P@50: 0.02525

6.033980853340449
2024-07-31 20:46:59,260 - [INFO] - current w_0 is 8.619972513557173
2024-07-31 20:47:20,916 - [INFO] - E:8|TAU:7.016 9.984, train_time: 20.29, VALID_time: 1.364, loss: 5.406e+03, emb_loss:0.03227, best_valid(recall@20): 0.07175
valid 	 N@10: 0.04967, R@10: 0.04284, P@10: 0.0387
valid 	 N@20: 0.0599, R@20: 0.07187, P@20: 0.03262
valid 	 N@50: 0.08445, R@50: 0.1383, P@50: 0.02539

6.033980853340449
2024-07-31 20:47:20,971 - [INFO] - current w_0 is 8.619972513557173
2024-07-31 20:47:42,837 - [INFO] - E:9|TAU:7.018 9.982, train_time: 20.5, VALID_time: 1.366, loss: 5.403e+03, emb_loss:0.03577, best_valid(recall@20): 0.07187
valid 	 N@10: 0.0499, R@10: 0.04287, P@10: 0.03878
valid 	 N@20: 0.0604, R@20: 0.07244, P@20: 0.03291
valid 	 N@50: 0.08472, R@50: 0.1384, P@50: 0.02543

6.033980853340449
2024-07-31 20:47:42,892 - [INFO] - current w_0 is 8.619972513557173
2024-07-31 20:48:04,626 - [INFO] - E:10|TAU:7.021 9.999, train_time: 20.28, VALID_time: 1.456, loss: 5.401e+03, emb_loss:0.03912, best_valid(recall@20): 0.07244
valid 	 N@10: 0.04998, R@10: 0.0431, P@10: 0.03883
valid 	 N@20: 0.06054, R@20: 0.0728, P@20: 0.03298
valid 	 N@50: 0.08498, R@50: 0.139, P@50: 0.02552

6.033980853340449
2024-07-31 20:48:04,675 - [INFO] - current w_0 is 8.619972513557173
2024-07-31 20:48:26,408 - [INFO] - E:11|TAU:7.021 9.974, train_time: 20.31, VALID_time: 1.422, loss: 5.399e+03, emb_loss:0.04231, best_valid(recall@20): 0.0728
valid 	 N@10: 0.05037, R@10: 0.04348, P@10: 0.03913
valid 	 N@20: 0.06064, R@20: 0.07254, P@20: 0.03296
valid 	 N@50: 0.08519, R@50: 0.1391, P@50: 0.02551

6.033980853340449
2024-07-31 20:48:26,437 - [INFO] - current w_0 is 8.619972513557173
2024-07-31 20:48:48,313 - [INFO] - E:12|TAU:7.021 9.979, train_time: 20.37, VALID_time: 1.506, loss: 5.397e+03, emb_loss:0.04533, best_valid(recall@20): 0.0728
valid 	 N@10: 0.05029, R@10: 0.04338, P@10: 0.03904
valid 	 N@20: 0.06095, R@20: 0.07325, P@20: 0.03321
valid 	 N@50: 0.08536, R@50: 0.1394, P@50: 0.02556

6.033980853340449
2024-07-31 20:48:48,363 - [INFO] - current w_0 is 8.619972513557173
2024-07-31 20:49:10,228 - [INFO] - E:13|TAU:7.023 9.991, train_time: 20.49, VALID_time: 1.371, loss: 5.396e+03, emb_loss:0.04813, best_valid(recall@20): 0.07325
valid 	 N@10: 0.05051, R@10: 0.04343, P@10: 0.03904
valid 	 N@20: 0.06119, R@20: 0.07333, P@20: 0.03329
valid 	 N@50: 0.08559, R@50: 0.1395, P@50: 0.02561

6.033980853340449
2024-07-31 20:49:10,278 - [INFO] - current w_0 is 8.619972513557173
2024-07-31 20:49:32,333 - [INFO] - E:14|TAU:7.028 9.97, train_time: 20.6, VALID_time: 1.455, loss: 5.395e+03, emb_loss:0.05075, best_valid(recall@20): 0.07333
valid 	 N@10: 0.05065, R@10: 0.04351, P@10: 0.03916
valid 	 N@20: 0.06134, R@20: 0.07351, P@20: 0.03335
valid 	 N@50: 0.08577, R@50: 0.1399, P@50: 0.02561

6.033980853340449
2024-07-31 20:49:32,388 - [INFO] - current w_0 is 8.619972513557173
2024-07-31 20:49:54,116 - [INFO] - E:15|TAU:7.026 9.988, train_time: 20.33, VALID_time: 1.397, loss: 5.394e+03, emb_loss:0.05315, best_valid(recall@20): 0.07351
valid 	 N@10: 0.05075, R@10: 0.0436, P@10: 0.03921
valid 	 N@20: 0.06141, R@20: 0.07356, P@20: 0.03335
valid 	 N@50: 0.08589, R@50: 0.1399, P@50: 0.02567

6.033980853340449
2024-07-31 20:49:54,167 - [INFO] - current w_0 is 8.619972513557173
2024-07-31 20:50:16,015 - [INFO] - E:16|TAU:7.029 10.0, train_time: 20.4, VALID_time: 1.444, loss: 5.394e+03, emb_loss:0.05537, best_valid(recall@20): 0.07356
valid 	 N@10: 0.05074, R@10: 0.04373, P@10: 0.03924
valid 	 N@20: 0.06147, R@20: 0.07365, P@20: 0.03346
valid 	 N@50: 0.08583, R@50: 0.1398, P@50: 0.02564

6.033980853340449
2024-07-31 20:50:16,066 - [INFO] - current w_0 is 8.619972513557173
2024-07-31 20:50:37,919 - [INFO] - E:17|TAU:7.03 9.961, train_time: 20.42, VALID_time: 1.435, loss: 5.393e+03, emb_loss:0.05739, best_valid(recall@20): 0.07365
valid 	 N@10: 0.05091, R@10: 0.04389, P@10: 0.0394
valid 	 N@20: 0.06149, R@20: 0.07365, P@20: 0.03336
valid 	 N@50: 0.08598, R@50: 0.14, P@50: 0.02567

6.033980853340449
2024-07-31 20:50:37,948 - [INFO] - current w_0 is 8.619972513557173
2024-07-31 20:50:59,821 - [INFO] - E:18|TAU:7.031 10.04, train_time: 20.43, VALID_time: 1.44, loss: 5.393e+03, emb_loss:0.05924, best_valid(recall@20): 0.07365
valid 	 N@10: 0.05094, R@10: 0.04384, P@10: 0.03933
valid 	 N@20: 0.06161, R@20: 0.07383, P@20: 0.03334
valid 	 N@50: 0.08613, R@50: 0.1402, P@50: 0.02571

6.033980853340449
2024-07-31 20:50:59,874 - [INFO] - current w_0 is 8.619972513557173
2024-07-31 20:51:21,621 - [INFO] - E:19|TAU:7.032 9.971, train_time: 20.2, VALID_time: 1.547, loss: 5.392e+03, emb_loss:0.06092, best_valid(recall@20): 0.07383
valid 	 N@10: 0.05087, R@10: 0.04381, P@10: 0.03939
valid 	 N@20: 0.06151, R@20: 0.0737, P@20: 0.03341
valid 	 N@50: 0.08589, R@50: 0.1397, P@50: 0.02562

6.033980853340449
2024-07-31 20:51:21,655 - [INFO] - current w_0 is 8.619972513557173
2024-07-31 20:51:43,585 - [INFO] - E:20|TAU:7.029 9.985, train_time: 20.48, VALID_time: 1.444, loss: 5.392e+03, emb_loss:0.06245, best_valid(recall@20): 0.07383
valid 	 N@10: 0.05086, R@10: 0.04383, P@10: 0.03938
valid 	 N@20: 0.06169, R@20: 0.0741, P@20: 0.03355
valid 	 N@50: 0.08601, R@50: 0.14, P@50: 0.02567

6.033980853340449
2024-07-31 20:51:43,639 - [INFO] - current w_0 is 8.619972513557173
2024-07-31 20:52:05,218 - [INFO] - E:21|TAU:7.033 10.02, train_time: 20.16, VALID_time: 1.421, loss: 5.391e+03, emb_loss:0.06384, best_valid(recall@20): 0.0741
valid 	 N@10: 0.05089, R@10: 0.04383, P@10: 0.03942
valid 	 N@20: 0.06173, R@20: 0.07418, P@20: 0.0336
valid 	 N@50: 0.08609, R@50: 0.1402, P@50: 0.02571

6.033980853340449
2024-07-31 20:52:05,270 - [INFO] - current w_0 is 8.619972513557173
2024-07-31 20:52:26,632 - [INFO] - E:22|TAU:7.033 9.989, train_time: 20.12, VALID_time: 1.237, loss: 5.391e+03, emb_loss:0.06511, best_valid(recall@20): 0.07418
valid 	 N@10: 0.0508, R@10: 0.04368, P@10: 0.03919
valid 	 N@20: 0.06177, R@20: 0.07414, P@20: 0.03356
valid 	 N@50: 0.08602, R@50: 0.1399, P@50: 0.02565

6.033980853340449
2024-07-31 20:52:26,661 - [INFO] - current w_0 is 8.619972513557173
2024-07-31 20:52:48,138 - [INFO] - E:23|TAU:7.036 9.971, train_time: 20.1, VALID_time: 1.371, loss: 5.391e+03, emb_loss:0.06623, best_valid(recall@20): 0.07418
valid 	 N@10: 0.05089, R@10: 0.04384, P@10: 0.03935
valid 	 N@20: 0.06168, R@20: 0.07402, P@20: 0.03346
valid 	 N@50: 0.08602, R@50: 0.1399, P@50: 0.02564

6.033980853340449
2024-07-31 20:52:48,167 - [INFO] - current w_0 is 8.619972513557173
2024-07-31 20:53:09,745 - [INFO] - E:24|TAU:7.038 10.01, train_time: 20.18, VALID_time: 1.401, loss: 5.39e+03, emb_loss:0.06726, best_valid(recall@20): 0.07418
valid 	 N@10: 0.05121, R@10: 0.04396, P@10: 0.03951
valid 	 N@20: 0.06185, R@20: 0.07399, P@20: 0.03345
valid 	 N@50: 0.0862, R@50: 0.1399, P@50: 0.02563

6.033980853340449
2024-07-31 20:53:09,774 - [INFO] - current w_0 is 8.619972513557173
2024-07-31 20:53:31,531 - [INFO] - E:25|TAU:7.037 10.02, train_time: 20.21, VALID_time: 1.547, loss: 5.391e+03, emb_loss:0.06818, best_valid(recall@20): 0.07418
valid 	 N@10: 0.0513, R@10: 0.04412, P@10: 0.03957
valid 	 N@20: 0.06194, R@20: 0.07412, P@20: 0.03351
valid 	 N@50: 0.08633, R@50: 0.1402, P@50: 0.02568

6.033980853340449
2024-07-31 20:53:31,560 - [INFO] - current w_0 is 8.619972513557173
2024-07-31 20:53:53,513 - [INFO] - E:26|TAU:7.036 9.982, train_time: 20.6, VALID_time: 1.349, loss: 5.391e+03, emb_loss:0.06902, best_valid(recall@20): 0.07418
valid 	 N@10: 0.05118, R@10: 0.04413, P@10: 0.03957
valid 	 N@20: 0.06171, R@20: 0.07387, P@20: 0.03339
valid 	 N@50: 0.08619, R@50: 0.1401, P@50: 0.02564

6.033980853340449
2024-07-31 20:53:53,543 - [INFO] - current w_0 is 8.619972513557173
2024-07-31 20:54:15,418 - [INFO] - E:27|TAU:7.04 10.01, train_time: 20.47, VALID_time: 1.405, loss: 5.39e+03, emb_loss:0.06977, best_valid(recall@20): 0.07418
valid 	 N@10: 0.05122, R@10: 0.04405, P@10: 0.03956
valid 	 N@20: 0.06182, R@20: 0.07405, P@20: 0.03341
valid 	 N@50: 0.08632, R@50: 0.1403, P@50: 0.02569

6.033980853340449
2024-07-31 20:54:15,451 - [INFO] - current w_0 is 8.619972513557173
2024-07-31 20:54:37,540 - [INFO] - E:28|TAU:7.033 9.971, train_time: 20.65, VALID_time: 1.434, loss: 5.39e+03, emb_loss:0.07044, best_valid(recall@20): 0.07418
valid 	 N@10: 0.05113, R@10: 0.04401, P@10: 0.0394
valid 	 N@20: 0.06182, R@20: 0.07404, P@20: 0.03343
valid 	 N@50: 0.08621, R@50: 0.14, P@50: 0.02566

6.033980853340449
2024-07-31 20:54:37,569 - [INFO] - current w_0 is 8.619972513557173
2024-07-31 20:55:00,100 - [INFO] - E:29|TAU:7.037 10.02, train_time: 21.0, VALID_time: 1.532, loss: 5.39e+03, emb_loss:0.07107, best_valid(recall@20): 0.07418
valid 	 N@10: 0.05101, R@10: 0.04384, P@10: 0.03936
valid 	 N@20: 0.0618, R@20: 0.07409, P@20: 0.03347
valid 	 N@50: 0.08607, R@50: 0.1397, P@50: 0.02561

6.033980853340449
2024-07-31 20:55:00,129 - [INFO] - current w_0 is 8.619972513557173
2024-07-31 20:55:21,916 - [INFO] - E:30|TAU:7.047 9.961, train_time: 20.36, VALID_time: 1.422, loss: 5.39e+03, emb_loss:0.07162, best_valid(recall@20): 0.07418
valid 	 N@10: 0.05114, R@10: 0.04403, P@10: 0.03951
valid 	 N@20: 0.06193, R@20: 0.07433, P@20: 0.03355
valid 	 N@50: 0.08605, R@50: 0.1396, P@50: 0.02556

6.033980853340449
2024-07-31 20:55:21,967 - [INFO] - current w_0 is 8.619972513557173
2024-07-31 20:55:43,920 - [INFO] - E:31|TAU:7.04 9.981, train_time: 20.54, VALID_time: 1.411, loss: 5.39e+03, emb_loss:0.07212, best_valid(recall@20): 0.07433
valid 	 N@10: 0.05101, R@10: 0.04376, P@10: 0.03932
valid 	 N@20: 0.06191, R@20: 0.07425, P@20: 0.03348
valid 	 N@50: 0.08609, R@50: 0.1396, P@50: 0.02556

6.033980853340449
2024-07-31 20:55:43,958 - [INFO] - current w_0 is 8.619972513557173
2024-07-31 20:56:05,926 - [INFO] - E:32|TAU:7.048 10.02, train_time: 20.43, VALID_time: 1.537, loss: 5.39e+03, emb_loss:0.07258, best_valid(recall@20): 0.07433
valid 	 N@10: 0.05108, R@10: 0.04393, P@10: 0.03939
valid 	 N@20: 0.06183, R@20: 0.0741, P@20: 0.03346
valid 	 N@50: 0.08604, R@50: 0.1396, P@50: 0.02556

6.033980853340449
2024-07-31 20:56:05,956 - [INFO] - current w_0 is 8.619972513557173
2024-07-31 20:56:28,032 - [INFO] - E:33|TAU:7.036 9.985, train_time: 20.45, VALID_time: 1.628, loss: 5.39e+03, emb_loss:0.07299, best_valid(recall@20): 0.07433
valid 	 N@10: 0.05096, R@10: 0.04391, P@10: 0.03933
valid 	 N@20: 0.06171, R@20: 0.07408, P@20: 0.03338
valid 	 N@50: 0.08596, R@50: 0.1396, P@50: 0.02557

6.033980853340449
2024-07-31 20:56:28,062 - [INFO] - current w_0 is 8.619972513557173
2024-07-31 20:56:49,818 - [INFO] - E:34|TAU:7.032 9.959, train_time: 20.36, VALID_time: 1.391, loss: 5.39e+03, emb_loss:0.07336, best_valid(recall@20): 0.07433
valid 	 N@10: 0.05114, R@10: 0.04419, P@10: 0.03955
valid 	 N@20: 0.06174, R@20: 0.07408, P@20: 0.03341
valid 	 N@50: 0.08595, R@50: 0.1395, P@50: 0.02556

6.033980853340449
2024-07-31 20:56:49,847 - [INFO] - current w_0 is 8.619972513557173
2024-07-31 20:57:11,639 - [INFO] - E:35|TAU:7.035 9.984, train_time: 20.39, VALID_time: 1.396, loss: 5.389e+03, emb_loss:0.07369, best_valid(recall@20): 0.07433
valid 	 N@10: 0.05109, R@10: 0.04402, P@10: 0.03946
valid 	 N@20: 0.06184, R@20: 0.0742, P@20: 0.03351
valid 	 N@50: 0.08589, R@50: 0.1393, P@50: 0.02552

6.033980853340449
2024-07-31 20:57:11,670 - [INFO] - current w_0 is 8.619972513557173
2024-07-31 20:57:33,442 - [INFO] - E:36|TAU:7.055 9.994, train_time: 20.19, VALID_time: 1.583, loss: 5.39e+03, emb_loss:0.074, best_valid(recall@20): 0.07433
valid 	 N@10: 0.05129, R@10: 0.04412, P@10: 0.03953
valid 	 N@20: 0.06179, R@20: 0.07396, P@20: 0.0333
valid 	 N@50: 0.08599, R@50: 0.1392, P@50: 0.02552

6.033980853340449
2024-07-31 20:57:33,471 - [INFO] - current w_0 is 8.619972513557173
2024-07-31 20:57:55,313 - [INFO] - E:37|TAU:7.043 9.972, train_time: 20.45, VALID_time: 1.391, loss: 5.389e+03, emb_loss:0.07428, best_valid(recall@20): 0.07433
valid 	 N@10: 0.05111, R@10: 0.04398, P@10: 0.03943
valid 	 N@20: 0.06178, R@20: 0.07416, P@20: 0.03338
valid 	 N@50: 0.08585, R@50: 0.1392, P@50: 0.02548

6.033980853340449
2024-07-31 20:57:55,346 - [INFO] - current w_0 is 8.619972513557173
2024-07-31 20:58:16,932 - [INFO] - E:38|TAU:7.039 9.945, train_time: 20.23, VALID_time: 1.357, loss: 5.389e+03, emb_loss:0.07453, best_valid(recall@20): 0.07433
valid 	 N@10: 0.05112, R@10: 0.04385, P@10: 0.03942
valid 	 N@20: 0.06191, R@20: 0.07437, P@20: 0.03344
valid 	 N@50: 0.08588, R@50: 0.1391, P@50: 0.02549

6.033980853340449
2024-07-31 20:58:16,983 - [INFO] - current w_0 is 8.619972513557173
2024-07-31 20:58:38,573 - [INFO] - E:39|TAU:7.049 9.948, train_time: 20.2, VALID_time: 1.392, loss: 5.389e+03, emb_loss:0.07475, best_valid(recall@20): 0.07437
valid 	 N@10: 0.0509, R@10: 0.04377, P@10: 0.03928
valid 	 N@20: 0.06168, R@20: 0.07414, P@20: 0.03336
valid 	 N@50: 0.08582, R@50: 0.1393, P@50: 0.02551

6.033980853340449
2024-07-31 20:58:38,602 - [INFO] - current w_0 is 8.619972513557173
2024-07-31 20:59:00,235 - [INFO] - E:40|TAU:7.04 9.983, train_time: 20.18, VALID_time: 1.453, loss: 5.389e+03, emb_loss:0.07495, best_valid(recall@20): 0.07437
valid 	 N@10: 0.05103, R@10: 0.04389, P@10: 0.03928
valid 	 N@20: 0.0618, R@20: 0.07421, P@20: 0.03334
valid 	 N@50: 0.08586, R@50: 0.1392, P@50: 0.02549

6.033980853340449
2024-07-31 20:59:00,265 - [INFO] - current w_0 is 8.619972513557173
2024-07-31 20:59:21,943 - [INFO] - E:41|TAU:7.044 10.04, train_time: 20.37, VALID_time: 1.302, loss: 5.389e+03, emb_loss:0.07512, best_valid(recall@20): 0.07437
valid 	 N@10: 0.05102, R@10: 0.04397, P@10: 0.03928
valid 	 N@20: 0.06169, R@20: 0.07404, P@20: 0.03327
valid 	 N@50: 0.08575, R@50: 0.1391, P@50: 0.02544

6.033980853340449
2024-07-31 20:59:21,972 - [INFO] - current w_0 is 8.619972513557173
2024-07-31 20:59:43,719 - [INFO] - E:42|TAU:7.04 10.02, train_time: 20.32, VALID_time: 1.428, loss: 5.389e+03, emb_loss:0.07531, best_valid(recall@20): 0.07437
valid 	 N@10: 0.05116, R@10: 0.04412, P@10: 0.03943
valid 	 N@20: 0.0618, R@20: 0.07413, P@20: 0.03335
valid 	 N@50: 0.08583, R@50: 0.1391, P@50: 0.02544

6.033980853340449
2024-07-31 20:59:43,750 - [INFO] - current w_0 is 8.619972513557173
2024-07-31 21:00:05,413 - [INFO] - E:43|TAU:7.039 9.985, train_time: 20.12, VALID_time: 1.537, loss: 5.389e+03, emb_loss:0.07546, best_valid(recall@20): 0.07437
valid 	 N@10: 0.05096, R@10: 0.04397, P@10: 0.03933
valid 	 N@20: 0.06153, R@20: 0.07377, P@20: 0.0332
valid 	 N@50: 0.08559, R@50: 0.1388, P@50: 0.02539

6.033980853340449
2024-07-31 21:00:05,442 - [INFO] - current w_0 is 8.619972513557173
2024-07-31 21:00:27,041 - [INFO] - E:44|TAU:7.05 9.967, train_time: 20.13, VALID_time: 1.468, loss: 5.389e+03, emb_loss:0.07559, best_valid(recall@20): 0.07437
valid 	 N@10: 0.05112, R@10: 0.04412, P@10: 0.0395
valid 	 N@20: 0.0617, R@20: 0.07408, P@20: 0.03333
valid 	 N@50: 0.08573, R@50: 0.1391, P@50: 0.02543

6.033980853340449
2024-07-31 21:00:27,070 - [INFO] - current w_0 is 8.619972513557173
2024-07-31 21:00:48,608 - [INFO] - E:45|TAU:7.054 10.04, train_time: 20.14, VALID_time: 1.397, loss: 5.389e+03, emb_loss:0.07572, best_valid(recall@20): 0.07437
valid 	 N@10: 0.05117, R@10: 0.0442, P@10: 0.03959
valid 	 N@20: 0.06173, R@20: 0.07413, P@20: 0.03336
valid 	 N@50: 0.08568, R@50: 0.1389, P@50: 0.02542

6.033980853340449
2024-07-31 21:00:48,642 - [INFO] - current w_0 is 8.619972513557173
2024-07-31 21:01:10,315 - [INFO] - E:46|TAU:7.039 10.01, train_time: 20.28, VALID_time: 1.39, loss: 5.388e+03, emb_loss:0.07584, best_valid(recall@20): 0.07437
valid 	 N@10: 0.05086, R@10: 0.04392, P@10: 0.03927
valid 	 N@20: 0.06162, R@20: 0.0741, P@20: 0.03334
valid 	 N@50: 0.08562, R@50: 0.1391, P@50: 0.02544

6.033980853340449
2024-07-31 21:01:10,344 - [INFO] - current w_0 is 8.619972513557173
2024-07-31 21:01:32,837 - [INFO] - E:47|TAU:7.038 9.939, train_time: 20.8, VALID_time: 1.689, loss: 5.389e+03, emb_loss:0.07595, best_valid(recall@20): 0.07437
valid 	 N@10: 0.05118, R@10: 0.04422, P@10: 0.03947
valid 	 N@20: 0.0619, R@20: 0.07432, P@20: 0.03342
valid 	 N@50: 0.08571, R@50: 0.1387, P@50: 0.02541

6.033980853340449
2024-07-31 21:01:32,869 - [INFO] - current w_0 is 8.619972513557173
2024-07-31 21:01:54,649 - [INFO] - E:48|TAU:7.042 9.984, train_time: 20.31, VALID_time: 1.473, loss: 5.388e+03, emb_loss:0.07604, best_valid(recall@20): 0.07437
valid 	 N@10: 0.05098, R@10: 0.04404, P@10: 0.03934
valid 	 N@20: 0.06167, R@20: 0.07402, P@20: 0.03333
valid 	 N@50: 0.08554, R@50: 0.1386, P@50: 0.02533

6.033980853340449
2024-07-31 21:01:54,678 - [INFO] - current w_0 is 8.619972513557173
2024-07-31 21:02:16,221 - [INFO] - E:49|TAU:7.046 9.979, train_time: 20.11, VALID_time: 1.428, loss: 5.389e+03, emb_loss:0.07613, best_valid(recall@20): 0.07437
valid 	 N@10: 0.05094, R@10: 0.04398, P@10: 0.03933
valid 	 N@20: 0.06154, R@20: 0.07382, P@20: 0.03324
valid 	 N@50: 0.08551, R@50: 0.1386, P@50: 0.02537

6.033980853340449
2024-07-31 21:02:16,251 - [INFO] - current w_0 is 8.619972513557173
2024-07-31 21:02:37,836 - [INFO] - E:50|TAU:7.039 9.968, train_time: 20.17, VALID_time: 1.414, loss: 5.388e+03, emb_loss:0.07621, best_valid(recall@20): 0.07437
valid 	 N@10: 0.05119, R@10: 0.04432, P@10: 0.03963
valid 	 N@20: 0.06154, R@20: 0.07379, P@20: 0.03318
valid 	 N@50: 0.08542, R@50: 0.1383, P@50: 0.0253

6.033980853340449
2024-07-31 21:02:37,865 - [INFO] - current w_0 is 8.619972513557173
2024-07-31 21:02:59,518 - [INFO] - E:51|TAU:7.037 10.03, train_time: 20.14, VALID_time: 1.509, loss: 5.389e+03, emb_loss:0.0763, best_valid(recall@20): 0.07437
valid 	 N@10: 0.05121, R@10: 0.04417, P@10: 0.03954
valid 	 N@20: 0.06167, R@20: 0.07394, P@20: 0.03319
valid 	 N@50: 0.08548, R@50: 0.1383, P@50: 0.02528

6.033980853340449
2024-07-31 21:02:59,547 - [INFO] - current w_0 is 8.619972513557173
2024-07-31 21:03:21,332 - [INFO] - E:52|TAU:7.041 9.938, train_time: 20.39, VALID_time: 1.395, loss: 5.389e+03, emb_loss:0.07637, best_valid(recall@20): 0.07437
valid 	 N@10: 0.05094, R@10: 0.04406, P@10: 0.03939
valid 	 N@20: 0.06149, R@20: 0.07379, P@20: 0.03316
valid 	 N@50: 0.08541, R@50: 0.1384, P@50: 0.02531

6.033980853340449
2024-07-31 21:03:21,361 - [INFO] - current w_0 is 8.619972513557173
2024-07-31 21:03:43,341 - [INFO] - E:53|TAU:7.047 9.989, train_time: 20.58, VALID_time: 1.4, loss: 5.388e+03, emb_loss:0.07642, best_valid(recall@20): 0.07437
valid 	 N@10: 0.05083, R@10: 0.04395, P@10: 0.0393
valid 	 N@20: 0.06142, R@20: 0.07385, P@20: 0.03315
valid 	 N@50: 0.08534, R@50: 0.1385, P@50: 0.02532

6.033980853340449
2024-07-31 21:03:43,370 - [INFO] - current w_0 is 8.619972513557173
2024-07-31 21:04:05,414 - [INFO] - E:54|TAU:7.046 10.0, train_time: 20.67, VALID_time: 1.373, loss: 5.388e+03, emb_loss:0.07647, best_valid(recall@20): 0.07437
valid 	 N@10: 0.05091, R@10: 0.04395, P@10: 0.03926
valid 	 N@20: 0.06141, R@20: 0.07353, P@20: 0.03307
valid 	 N@50: 0.08545, R@50: 0.1385, P@50: 0.02533

6.033980853340449
2024-07-31 21:04:05,444 - [INFO] - current w_0 is 8.619972513557173
2024-07-31 21:04:27,444 - [INFO] - E:55|TAU:7.047 9.985, train_time: 20.62, VALID_time: 1.38, loss: 5.389e+03, emb_loss:0.07654, best_valid(recall@20): 0.07437
valid 	 N@10: 0.05103, R@10: 0.04414, P@10: 0.03934
valid 	 N@20: 0.0615, R@20: 0.07368, P@20: 0.03313
valid 	 N@50: 0.08543, R@50: 0.1385, P@50: 0.02528

6.033980853340449
2024-07-31 21:04:27,474 - [INFO] - current w_0 is 8.619972513557173
2024-07-31 21:04:49,534 - [INFO] - E:56|TAU:7.049 9.977, train_time: 20.69, VALID_time: 1.371, loss: 5.388e+03, emb_loss:0.07658, best_valid(recall@20): 0.07437
valid 	 N@10: 0.051, R@10: 0.04415, P@10: 0.03942
valid 	 N@20: 0.06144, R@20: 0.07374, P@20: 0.03313
valid 	 N@50: 0.08515, R@50: 0.1377, P@50: 0.02521

6.033980853340449
2024-07-31 21:04:49,564 - [INFO] - current w_0 is 8.619972513557173
2024-07-31 21:05:11,431 - [INFO] - E:57|TAU:7.037 9.991, train_time: 20.46, VALID_time: 1.401, loss: 5.388e+03, emb_loss:0.07662, best_valid(recall@20): 0.07437
valid 	 N@10: 0.05088, R@10: 0.04398, P@10: 0.03934
valid 	 N@20: 0.06151, R@20: 0.07395, P@20: 0.03321
valid 	 N@50: 0.08523, R@50: 0.1381, P@50: 0.02525

6.033980853340449
2024-07-31 21:05:11,463 - [INFO] - current w_0 is 8.619972513557173
2024-07-31 21:05:33,538 - [INFO] - E:58|TAU:7.045 10.04, train_time: 20.2, VALID_time: 1.87, loss: 5.389e+03, emb_loss:0.07667, best_valid(recall@20): 0.07437
valid 	 N@10: 0.05078, R@10: 0.04391, P@10: 0.03921
valid 	 N@20: 0.06138, R@20: 0.07373, P@20: 0.03312
valid 	 N@50: 0.08523, R@50: 0.1382, P@50: 0.02526

6.033980853340449
2024-07-31 21:05:33,569 - [INFO] - current w_0 is 8.619972513557173
2024-07-31 21:05:55,519 - [INFO] - E:59|TAU:7.05 9.949, train_time: 20.55, VALID_time: 1.399, loss: 5.389e+03, emb_loss:0.07671, best_valid(recall@20): 0.07437
valid 	 N@10: 0.05062, R@10: 0.04377, P@10: 0.03912
valid 	 N@20: 0.06132, R@20: 0.07376, P@20: 0.03316
valid 	 N@50: 0.08507, R@50: 0.1379, P@50: 0.02526

6.033980853340449
2024-07-31 21:05:55,548 - [INFO] - current w_0 is 8.619972513557173
2024-07-31 21:06:17,321 - [INFO] - E:60|TAU:7.047 9.996, train_time: 20.36, VALID_time: 1.408, loss: 5.388e+03, emb_loss:0.07674, best_valid(recall@20): 0.07437
valid 	 N@10: 0.05073, R@10: 0.04382, P@10: 0.03915
valid 	 N@20: 0.06137, R@20: 0.07373, P@20: 0.03314
valid 	 N@50: 0.08519, R@50: 0.1381, P@50: 0.02526

6.033980853340449
2024-07-31 21:06:17,351 - [INFO] - current w_0 is 8.619972513557173
2024-07-31 21:06:39,228 - [INFO] - E:61|TAU:7.047 9.998, train_time: 20.41, VALID_time: 1.464, loss: 5.388e+03, emb_loss:0.07678, best_valid(recall@20): 0.07437
valid 	 N@10: 0.05087, R@10: 0.04391, P@10: 0.03926
valid 	 N@20: 0.06138, R@20: 0.07359, P@20: 0.03309
valid 	 N@50: 0.08529, R@50: 0.1383, P@50: 0.02527

6.033980853340449
2024-07-31 21:06:39,257 - [INFO] - current w_0 is 8.619972513557173
2024-07-31 21:07:01,134 - [INFO] - E:62|TAU:7.048 9.976, train_time: 20.33, VALID_time: 1.548, loss: 5.387e+03, emb_loss:0.07682, best_valid(recall@20): 0.07437
valid 	 N@10: 0.05092, R@10: 0.04386, P@10: 0.03925
valid 	 N@20: 0.06145, R@20: 0.07357, P@20: 0.03311
valid 	 N@50: 0.08527, R@50: 0.138, P@50: 0.02524

6.033980853340449
2024-07-31 21:07:01,164 - [INFO] - current w_0 is 8.619972513557173
2024-07-31 21:07:23,311 - [INFO] - E:63|TAU:7.052 10.0, train_time: 20.76, VALID_time: 1.386, loss: 5.388e+03, emb_loss:0.07683, best_valid(recall@20): 0.07437
valid 	 N@10: 0.05074, R@10: 0.04374, P@10: 0.03916
valid 	 N@20: 0.06144, R@20: 0.07377, P@20: 0.03325
valid 	 N@50: 0.08508, R@50: 0.1378, P@50: 0.0252

6.033980853340449
2024-07-31 21:07:23,341 - [INFO] - current w_0 is 8.619972513557173
2024-07-31 21:07:45,438 - [INFO] - E:64|TAU:7.046 10.03, train_time: 20.65, VALID_time: 1.449, loss: 5.388e+03, emb_loss:0.07686, best_valid(recall@20): 0.07437
valid 	 N@10: 0.05083, R@10: 0.04395, P@10: 0.0393
valid 	 N@20: 0.06142, R@20: 0.07386, P@20: 0.0332
valid 	 N@50: 0.08512, R@50: 0.138, P@50: 0.02522

6.033980853340449
2024-07-31 21:07:45,466 - [INFO] - current w_0 is 8.619972513557173
2024-07-31 21:08:07,219 - [INFO] - E:65|TAU:7.053 9.984, train_time: 20.39, VALID_time: 1.36, loss: 5.388e+03, emb_loss:0.07689, best_valid(recall@20): 0.07437
valid 	 N@10: 0.05072, R@10: 0.04399, P@10: 0.0393
valid 	 N@20: 0.06131, R@20: 0.07383, P@20: 0.03318
valid 	 N@50: 0.08512, R@50: 0.1382, P@50: 0.02526

6.033980853340449
2024-07-31 21:08:07,248 - [INFO] - current w_0 is 8.619972513557173
2024-07-31 21:08:29,036 - [INFO] - E:66|TAU:7.047 10.03, train_time: 20.36, VALID_time: 1.425, loss: 5.388e+03, emb_loss:0.07689, best_valid(recall@20): 0.07437
valid 	 N@10: 0.05077, R@10: 0.04378, P@10: 0.03928
valid 	 N@20: 0.06137, R@20: 0.07365, P@20: 0.03316
valid 	 N@50: 0.08525, R@50: 0.1383, P@50: 0.02527

6.033980853340449
2024-07-31 21:08:29,064 - [INFO] - current w_0 is 8.619972513557173
2024-07-31 21:08:50,813 - [INFO] - E:67|TAU:7.047 10.0, train_time: 20.38, VALID_time: 1.364, loss: 5.388e+03, emb_loss:0.07693, best_valid(recall@20): 0.07437
valid 	 N@10: 0.05048, R@10: 0.0436, P@10: 0.03908
valid 	 N@20: 0.06114, R@20: 0.07348, P@20: 0.03311
valid 	 N@50: 0.08492, R@50: 0.1379, P@50: 0.02519

6.033980853340449
2024-07-31 21:08:50,843 - [INFO] - current w_0 is 8.619972513557173
2024-07-31 21:09:12,614 - [INFO] - E:68|TAU:7.044 9.978, train_time: 20.39, VALID_time: 1.382, loss: 5.388e+03, emb_loss:0.07694, best_valid(recall@20): 0.07437
valid 	 N@10: 0.05072, R@10: 0.04368, P@10: 0.03915
valid 	 N@20: 0.06134, R@20: 0.07363, P@20: 0.03315
valid 	 N@50: 0.08515, R@50: 0.1381, P@50: 0.02522

6.033980853340449
2024-07-31 21:09:12,644 - [INFO] - current w_0 is 8.619972513557173
2024-07-31 21:09:34,715 - [INFO] - E:69|TAU:7.045 9.985, train_time: 20.45, VALID_time: 1.618, loss: 5.388e+03, emb_loss:0.07697, best_valid(recall@20): 0.07437
valid 	 N@10: 0.05066, R@10: 0.04368, P@10: 0.03904
valid 	 N@20: 0.06134, R@20: 0.07359, P@20: 0.03312
valid 	 N@50: 0.08516, R@50: 0.1381, P@50: 0.02523

6.033980853340449
2024-07-31 21:09:34,749 - [INFO] - current w_0 is 8.619972513557173
2024-07-31 21:09:56,598 - [INFO] - E:70|TAU:7.038 9.966, train_time: 20.42, VALID_time: 1.422, loss: 5.388e+03, emb_loss:0.07699, best_valid(recall@20): 0.07437
valid 	 N@10: 0.05078, R@10: 0.04386, P@10: 0.03914
valid 	 N@20: 0.06127, R@20: 0.07335, P@20: 0.03307
valid 	 N@50: 0.08523, R@50: 0.1382, P@50: 0.02526

6.033980853340449
2024-07-31 21:09:56,627 - [INFO] - current w_0 is 8.619972513557173
2024-07-31 21:10:18,323 - [INFO] - E:71|TAU:7.05 9.978, train_time: 20.28, VALID_time: 1.412, loss: 5.388e+03, emb_loss:0.07699, best_valid(recall@20): 0.07437
valid 	 N@10: 0.05076, R@10: 0.04371, P@10: 0.03905
valid 	 N@20: 0.06145, R@20: 0.07375, P@20: 0.03315
valid 	 N@50: 0.08519, R@50: 0.138, P@50: 0.02521

6.033980853340449
2024-07-31 21:10:18,352 - [INFO] - current w_0 is 8.619972513557173
2024-07-31 21:10:40,114 - [INFO] - E:72|TAU:7.049 9.998, train_time: 20.29, VALID_time: 1.473, loss: 5.388e+03, emb_loss:0.07702, best_valid(recall@20): 0.07437
valid 	 N@10: 0.05073, R@10: 0.04376, P@10: 0.03906
valid 	 N@20: 0.06157, R@20: 0.07403, P@20: 0.03327
valid 	 N@50: 0.08515, R@50: 0.138, P@50: 0.02519

6.033980853340449
2024-07-31 21:10:40,144 - [INFO] - current w_0 is 8.619972513557173
2024-07-31 21:11:01,930 - [INFO] - E:73|TAU:7.05 9.968, train_time: 20.32, VALID_time: 1.468, loss: 5.388e+03, emb_loss:0.07703, best_valid(recall@20): 0.07437
valid 	 N@10: 0.05074, R@10: 0.04371, P@10: 0.03916
valid 	 N@20: 0.06117, R@20: 0.07324, P@20: 0.03296
valid 	 N@50: 0.08494, R@50: 0.1376, P@50: 0.02512

6.033980853340449
2024-07-31 21:11:01,959 - [INFO] - current w_0 is 8.619972513557173
2024-07-31 21:11:23,609 - [INFO] - E:74|TAU:7.049 10.0, train_time: 20.31, VALID_time: 1.338, loss: 5.388e+03, emb_loss:0.07703, best_valid(recall@20): 0.07437
valid 	 N@10: 0.0508, R@10: 0.04379, P@10: 0.03918
valid 	 N@20: 0.0613, R@20: 0.07354, P@20: 0.033
valid 	 N@50: 0.08491, R@50: 0.1374, P@50: 0.02509

6.033980853340449
2024-07-31 21:11:23,638 - [INFO] - current w_0 is 8.619972513557173
2024-07-31 21:11:45,497 - [INFO] - E:75|TAU:7.049 9.987, train_time: 20.52, VALID_time: 1.334, loss: 5.388e+03, emb_loss:0.07705, best_valid(recall@20): 0.07437
valid 	 N@10: 0.05086, R@10: 0.0438, P@10: 0.03922
valid 	 N@20: 0.06136, R@20: 0.07356, P@20: 0.03303
valid 	 N@50: 0.085, R@50: 0.1376, P@50: 0.0251

6.033980853340449
2024-07-31 21:11:45,527 - [INFO] - current w_0 is 8.619972513557173
2024-07-31 21:12:07,214 - [INFO] - E:76|TAU:7.045 9.972, train_time: 20.3, VALID_time: 1.384, loss: 5.388e+03, emb_loss:0.07706, best_valid(recall@20): 0.07437
valid 	 N@10: 0.0506, R@10: 0.04357, P@10: 0.039
valid 	 N@20: 0.06121, R@20: 0.07342, P@20: 0.03303
valid 	 N@50: 0.0849, R@50: 0.1376, P@50: 0.02512

6.033980853340449
2024-07-31 21:12:07,243 - [INFO] - current w_0 is 8.619972513557173
2024-07-31 21:12:28,909 - [INFO] - E:77|TAU:7.051 9.971, train_time: 20.22, VALID_time: 1.441, loss: 5.388e+03, emb_loss:0.07708, best_valid(recall@20): 0.07437
valid 	 N@10: 0.05076, R@10: 0.04371, P@10: 0.03918
valid 	 N@20: 0.06132, R@20: 0.07363, P@20: 0.03304
valid 	 N@50: 0.08507, R@50: 0.1379, P@50: 0.02516

6.033980853340449
2024-07-31 21:12:28,938 - [INFO] - current w_0 is 8.619972513557173
2024-07-31 21:12:50,716 - [INFO] - E:78|TAU:7.052 9.983, train_time: 20.36, VALID_time: 1.415, loss: 5.388e+03, emb_loss:0.07708, best_valid(recall@20): 0.07437
valid 	 N@10: 0.05077, R@10: 0.04383, P@10: 0.03927
valid 	 N@20: 0.06133, R@20: 0.0737, P@20: 0.03314
valid 	 N@50: 0.08506, R@50: 0.138, P@50: 0.02516

6.033980853340449
2024-07-31 21:12:50,746 - [INFO] - current w_0 is 8.619972513557173
2024-07-31 21:13:12,417 - [INFO] - E:79|TAU:7.044 10.01, train_time: 20.26, VALID_time: 1.407, loss: 5.388e+03, emb_loss:0.07708, best_valid(recall@20): 0.07437
valid 	 N@10: 0.05097, R@10: 0.04393, P@10: 0.03936
valid 	 N@20: 0.06151, R@20: 0.07379, P@20: 0.03321
valid 	 N@50: 0.08515, R@50: 0.138, P@50: 0.02515

6.033980853340449
2024-07-31 21:13:12,446 - [INFO] - current w_0 is 8.619972513557173
2024-07-31 21:13:34,130 - [INFO] - E:80|TAU:7.044 9.984, train_time: 20.25, VALID_time: 1.436, loss: 5.388e+03, emb_loss:0.07709, best_valid(recall@20): 0.07437
valid 	 N@10: 0.05065, R@10: 0.04378, P@10: 0.03912
valid 	 N@20: 0.06129, R@20: 0.07366, P@20: 0.03313
valid 	 N@50: 0.08506, R@50: 0.1381, P@50: 0.02519

6.033980853340449
2024-07-31 21:13:34,182 - [INFO] - current w_0 is 8.619972513557173
2024-07-31 21:13:55,822 - [INFO] - E:81|TAU:7.05 9.988, train_time: 20.23, VALID_time: 1.405, loss: 5.388e+03, emb_loss:0.07711, best_valid(recall@20): 0.07437
valid 	 N@10: 0.05054, R@10: 0.04373, P@10: 0.03902
valid 	 N@20: 0.06122, R@20: 0.07367, P@20: 0.03311
valid 	 N@50: 0.08492, R@50: 0.1379, P@50: 0.02516

6.033980853340449
2024-07-31 21:13:55,852 - [INFO] - current w_0 is 8.619972513557173
2024-07-31 21:14:17,536 - [INFO] - E:82|TAU:7.058 9.982, train_time: 20.23, VALID_time: 1.45, loss: 5.388e+03, emb_loss:0.07711, best_valid(recall@20): 0.07437
valid 	 N@10: 0.05074, R@10: 0.04394, P@10: 0.0392
valid 	 N@20: 0.06119, R@20: 0.07346, P@20: 0.03301
valid 	 N@50: 0.08486, R@50: 0.1375, P@50: 0.0251

6.033980853340449
2024-07-31 21:14:17,565 - [INFO] - current w_0 is 8.619972513557173
2024-07-31 21:14:39,503 - [INFO] - E:83|TAU:7.064 9.957, train_time: 20.51, VALID_time: 1.422, loss: 5.388e+03, emb_loss:0.07712, best_valid(recall@20): 0.07437
valid 	 N@10: 0.05067, R@10: 0.04375, P@10: 0.03912
valid 	 N@20: 0.06119, R@20: 0.07335, P@20: 0.03303
valid 	 N@50: 0.08491, R@50: 0.1376, P@50: 0.02513

6.033980853340449
2024-07-31 21:14:39,533 - [INFO] - current w_0 is 8.619972513557173
2024-07-31 21:15:01,620 - [INFO] - E:84|TAU:7.043 9.989, train_time: 20.62, VALID_time: 1.462, loss: 5.388e+03, emb_loss:0.07713, best_valid(recall@20): 0.07437
valid 	 N@10: 0.05071, R@10: 0.04376, P@10: 0.03917
valid 	 N@20: 0.06123, R@20: 0.07341, P@20: 0.03307
valid 	 N@50: 0.085, R@50: 0.1378, P@50: 0.02516

6.033980853340449
2024-07-31 21:15:01,661 - [INFO] - current w_0 is 8.619972513557173
2024-07-31 21:15:23,519 - [INFO] - E:85|TAU:7.046 10.05, train_time: 20.42, VALID_time: 1.434, loss: 5.388e+03, emb_loss:0.07713, best_valid(recall@20): 0.07437
valid 	 N@10: 0.05086, R@10: 0.04381, P@10: 0.03919
valid 	 N@20: 0.06142, R@20: 0.07367, P@20: 0.03311
valid 	 N@50: 0.08506, R@50: 0.1378, P@50: 0.02514

6.033980853340449
2024-07-31 21:15:23,548 - [INFO] - current w_0 is 8.619972513557173
2024-07-31 21:15:45,470 - [INFO] - E:86|TAU:7.051 10.01, train_time: 20.6, VALID_time: 1.324, loss: 5.388e+03, emb_loss:0.07715, best_valid(recall@20): 0.07437
valid 	 N@10: 0.05064, R@10: 0.0438, P@10: 0.03907
valid 	 N@20: 0.0612, R@20: 0.07347, P@20: 0.03304
valid 	 N@50: 0.0847, R@50: 0.1372, P@50: 0.02503

6.033980853340449
2024-07-31 21:15:45,499 - [INFO] - current w_0 is 8.619972513557173
2024-07-31 21:16:07,318 - [INFO] - E:87|TAU:7.054 9.96, train_time: 20.41, VALID_time: 1.413, loss: 5.388e+03, emb_loss:0.07715, best_valid(recall@20): 0.07437
valid 	 N@10: 0.05085, R@10: 0.04372, P@10: 0.03917
valid 	 N@20: 0.06158, R@20: 0.07385, P@20: 0.03324
valid 	 N@50: 0.08515, R@50: 0.1377, P@50: 0.02516

6.033980853340449
2024-07-31 21:16:07,348 - [INFO] - current w_0 is 8.619972513557173
2024-07-31 21:16:29,519 - [INFO] - E:88|TAU:7.054 9.984, train_time: 20.74, VALID_time: 1.428, loss: 5.388e+03, emb_loss:0.07714, best_valid(recall@20): 0.07437
valid 	 N@10: 0.05077, R@10: 0.04355, P@10: 0.03904
valid 	 N@20: 0.06141, R@20: 0.07349, P@20: 0.03308
valid 	 N@50: 0.08499, R@50: 0.1373, P@50: 0.0251

6.033980853340449
2024-07-31 21:16:29,548 - [INFO] - current w_0 is 8.619972513557173
2024-07-31 21:16:52,735 - [INFO] - E:89|TAU:7.05 9.981, train_time: 21.72, VALID_time: 1.466, loss: 5.388e+03, emb_loss:0.07715, best_valid(recall@20): 0.07437
valid 	 N@10: 0.05081, R@10: 0.04387, P@10: 0.03918
valid 	 N@20: 0.06127, R@20: 0.07338, P@20: 0.03305
valid 	 N@50: 0.08486, R@50: 0.1372, P@50: 0.02511

2024-07-31 21:16:52,736 - [INFO] - start to test!!

2024-07-31 21:16:53,424 - [INFO] - 
TEST 	 N@10: 0.05112, R@10: 0.04385, P@10: 0.03942
TEST 	 N@20: 0.06191, R@20: 0.07437, P@20: 0.03344
TEST 	 N@50: 0.08588, R@50: 0.1391, P@50: 0.02549

